[2025-04-05T05:14:41.754+0000] {processor.py:186} INFO - Started process (PID=120) to work on /home/airflow/.local/lib/python3.12/site-packages/airflow/example_dags/example_inlet_event_extra.py
[2025-04-05T05:14:41.755+0000] {processor.py:914} INFO - Processing file /home/airflow/.local/lib/python3.12/site-packages/airflow/example_dags/example_inlet_event_extra.py for tasks to queue
[2025-04-05T05:14:41.758+0000] {logging_mixin.py:190} INFO - [2025-04-05T05:14:41.758+0000] {dagbag.py:588} INFO - Filling up the DagBag from /home/airflow/.local/lib/python3.12/site-packages/airflow/example_dags/example_inlet_event_extra.py
[2025-04-05T05:14:42.242+0000] {processor.py:925} INFO - DAG(s) 'read_dataset_event_from_classic', 'read_dataset_event' retrieved from /home/airflow/.local/lib/python3.12/site-packages/airflow/example_dags/example_inlet_event_extra.py
[2025-04-05T05:14:42.260+0000] {logging_mixin.py:190} INFO - [2025-04-05T05:14:42.259+0000] {dag.py:3239} INFO - Sync 2 DAGs
[2025-04-05T05:14:42.278+0000] {logging_mixin.py:190} INFO - [2025-04-05T05:14:42.278+0000] {dag.py:4180} INFO - Setting next_dagrun for read_dataset_event to 2025-04-04 00:00:00+00:00, run_after=2025-04-05 00:00:00+00:00
[2025-04-05T05:14:42.283+0000] {logging_mixin.py:190} INFO - [2025-04-05T05:14:42.283+0000] {dag.py:4180} INFO - Setting next_dagrun for read_dataset_event_from_classic to 2025-04-04 00:00:00+00:00, run_after=2025-04-05 00:00:00+00:00
[2025-04-05T05:14:42.298+0000] {processor.py:208} INFO - Processing /home/airflow/.local/lib/python3.12/site-packages/airflow/example_dags/example_inlet_event_extra.py took 0.550 seconds
[2025-04-05T05:15:12.372+0000] {processor.py:186} INFO - Started process (PID=187) to work on /home/airflow/.local/lib/python3.12/site-packages/airflow/example_dags/example_inlet_event_extra.py
[2025-04-05T05:15:12.373+0000] {processor.py:914} INFO - Processing file /home/airflow/.local/lib/python3.12/site-packages/airflow/example_dags/example_inlet_event_extra.py for tasks to queue
[2025-04-05T05:15:12.375+0000] {logging_mixin.py:190} INFO - [2025-04-05T05:15:12.375+0000] {dagbag.py:588} INFO - Filling up the DagBag from /home/airflow/.local/lib/python3.12/site-packages/airflow/example_dags/example_inlet_event_extra.py
[2025-04-05T05:15:12.844+0000] {processor.py:925} INFO - DAG(s) 'read_dataset_event', 'read_dataset_event_from_classic' retrieved from /home/airflow/.local/lib/python3.12/site-packages/airflow/example_dags/example_inlet_event_extra.py
[2025-04-05T05:15:12.862+0000] {logging_mixin.py:190} INFO - [2025-04-05T05:15:12.862+0000] {dag.py:3239} INFO - Sync 2 DAGs
[2025-04-05T05:15:12.878+0000] {logging_mixin.py:190} INFO - [2025-04-05T05:15:12.878+0000] {dag.py:4180} INFO - Setting next_dagrun for read_dataset_event to 2025-04-04 00:00:00+00:00, run_after=2025-04-05 00:00:00+00:00
[2025-04-05T05:15:12.882+0000] {logging_mixin.py:190} INFO - [2025-04-05T05:15:12.882+0000] {dag.py:4180} INFO - Setting next_dagrun for read_dataset_event_from_classic to 2025-04-04 00:00:00+00:00, run_after=2025-04-05 00:00:00+00:00
[2025-04-05T05:15:12.898+0000] {processor.py:208} INFO - Processing /home/airflow/.local/lib/python3.12/site-packages/airflow/example_dags/example_inlet_event_extra.py took 0.531 seconds
[2025-04-05T05:16:05.310+0000] {processor.py:186} INFO - Started process (PID=115) to work on /home/airflow/.local/lib/python3.12/site-packages/airflow/example_dags/example_inlet_event_extra.py
[2025-04-05T05:16:05.311+0000] {processor.py:914} INFO - Processing file /home/airflow/.local/lib/python3.12/site-packages/airflow/example_dags/example_inlet_event_extra.py for tasks to queue
[2025-04-05T05:16:05.314+0000] {logging_mixin.py:190} INFO - [2025-04-05T05:16:05.313+0000] {dagbag.py:588} INFO - Filling up the DagBag from /home/airflow/.local/lib/python3.12/site-packages/airflow/example_dags/example_inlet_event_extra.py
[2025-04-05T05:16:05.810+0000] {processor.py:925} INFO - DAG(s) 'read_dataset_event_from_classic', 'read_dataset_event' retrieved from /home/airflow/.local/lib/python3.12/site-packages/airflow/example_dags/example_inlet_event_extra.py
[2025-04-05T05:16:05.827+0000] {logging_mixin.py:190} INFO - [2025-04-05T05:16:05.827+0000] {dag.py:3239} INFO - Sync 2 DAGs
[2025-04-05T05:16:05.849+0000] {logging_mixin.py:190} INFO - [2025-04-05T05:16:05.849+0000] {dag.py:4180} INFO - Setting next_dagrun for read_dataset_event to 2025-04-04 00:00:00+00:00, run_after=2025-04-05 00:00:00+00:00
[2025-04-05T05:16:05.853+0000] {logging_mixin.py:190} INFO - [2025-04-05T05:16:05.853+0000] {dag.py:4180} INFO - Setting next_dagrun for read_dataset_event_from_classic to 2025-04-04 00:00:00+00:00, run_after=2025-04-05 00:00:00+00:00
[2025-04-05T05:16:05.870+0000] {processor.py:208} INFO - Processing /home/airflow/.local/lib/python3.12/site-packages/airflow/example_dags/example_inlet_event_extra.py took 0.565 seconds
[2025-04-05T05:16:36.930+0000] {processor.py:186} INFO - Started process (PID=179) to work on /home/airflow/.local/lib/python3.12/site-packages/airflow/example_dags/example_inlet_event_extra.py
[2025-04-05T05:16:36.930+0000] {processor.py:914} INFO - Processing file /home/airflow/.local/lib/python3.12/site-packages/airflow/example_dags/example_inlet_event_extra.py for tasks to queue
[2025-04-05T05:16:36.932+0000] {logging_mixin.py:190} INFO - [2025-04-05T05:16:36.932+0000] {dagbag.py:588} INFO - Filling up the DagBag from /home/airflow/.local/lib/python3.12/site-packages/airflow/example_dags/example_inlet_event_extra.py
[2025-04-05T05:16:37.437+0000] {processor.py:925} INFO - DAG(s) 'read_dataset_event', 'read_dataset_event_from_classic' retrieved from /home/airflow/.local/lib/python3.12/site-packages/airflow/example_dags/example_inlet_event_extra.py
[2025-04-05T05:16:37.455+0000] {logging_mixin.py:190} INFO - [2025-04-05T05:16:37.455+0000] {dag.py:3239} INFO - Sync 2 DAGs
[2025-04-05T05:16:37.475+0000] {logging_mixin.py:190} INFO - [2025-04-05T05:16:37.474+0000] {dag.py:4180} INFO - Setting next_dagrun for read_dataset_event to 2025-04-04 00:00:00+00:00, run_after=2025-04-05 00:00:00+00:00
[2025-04-05T05:16:37.480+0000] {logging_mixin.py:190} INFO - [2025-04-05T05:16:37.479+0000] {dag.py:4180} INFO - Setting next_dagrun for read_dataset_event_from_classic to 2025-04-04 00:00:00+00:00, run_after=2025-04-05 00:00:00+00:00
[2025-04-05T05:16:37.497+0000] {processor.py:208} INFO - Processing /home/airflow/.local/lib/python3.12/site-packages/airflow/example_dags/example_inlet_event_extra.py took 0.572 seconds
[2025-04-05T05:17:08.304+0000] {processor.py:186} INFO - Started process (PID=248) to work on /home/airflow/.local/lib/python3.12/site-packages/airflow/example_dags/example_inlet_event_extra.py
[2025-04-05T05:17:08.305+0000] {processor.py:914} INFO - Processing file /home/airflow/.local/lib/python3.12/site-packages/airflow/example_dags/example_inlet_event_extra.py for tasks to queue
[2025-04-05T05:17:08.307+0000] {logging_mixin.py:190} INFO - [2025-04-05T05:17:08.307+0000] {dagbag.py:588} INFO - Filling up the DagBag from /home/airflow/.local/lib/python3.12/site-packages/airflow/example_dags/example_inlet_event_extra.py
[2025-04-05T05:17:08.726+0000] {processor.py:925} INFO - DAG(s) 'read_dataset_event', 'read_dataset_event_from_classic' retrieved from /home/airflow/.local/lib/python3.12/site-packages/airflow/example_dags/example_inlet_event_extra.py
[2025-04-05T05:17:08.744+0000] {logging_mixin.py:190} INFO - [2025-04-05T05:17:08.744+0000] {dag.py:3239} INFO - Sync 2 DAGs
[2025-04-05T05:17:08.761+0000] {logging_mixin.py:190} INFO - [2025-04-05T05:17:08.760+0000] {dag.py:4180} INFO - Setting next_dagrun for read_dataset_event to 2025-04-04 00:00:00+00:00, run_after=2025-04-05 00:00:00+00:00
[2025-04-05T05:17:08.765+0000] {logging_mixin.py:190} INFO - [2025-04-05T05:17:08.765+0000] {dag.py:4180} INFO - Setting next_dagrun for read_dataset_event_from_classic to 2025-04-04 00:00:00+00:00, run_after=2025-04-05 00:00:00+00:00
[2025-04-05T05:17:08.780+0000] {processor.py:208} INFO - Processing /home/airflow/.local/lib/python3.12/site-packages/airflow/example_dags/example_inlet_event_extra.py took 0.480 seconds
[2025-04-05T05:27:26.808+0000] {processor.py:186} INFO - Started process (PID=1531) to work on /home/airflow/.local/lib/python3.12/site-packages/airflow/example_dags/example_inlet_event_extra.py
[2025-04-05T05:27:26.810+0000] {processor.py:914} INFO - Processing file /home/airflow/.local/lib/python3.12/site-packages/airflow/example_dags/example_inlet_event_extra.py for tasks to queue
[2025-04-05T05:27:26.812+0000] {logging_mixin.py:190} INFO - [2025-04-05T05:27:26.811+0000] {dagbag.py:588} INFO - Filling up the DagBag from /home/airflow/.local/lib/python3.12/site-packages/airflow/example_dags/example_inlet_event_extra.py
[2025-04-05T05:27:27.244+0000] {processor.py:925} INFO - DAG(s) 'read_dataset_event_from_classic', 'read_dataset_event' retrieved from /home/airflow/.local/lib/python3.12/site-packages/airflow/example_dags/example_inlet_event_extra.py
[2025-04-05T05:27:27.259+0000] {logging_mixin.py:190} INFO - [2025-04-05T05:27:27.259+0000] {dag.py:3239} INFO - Sync 2 DAGs
[2025-04-05T05:27:27.275+0000] {logging_mixin.py:190} INFO - [2025-04-05T05:27:27.275+0000] {dag.py:4180} INFO - Setting next_dagrun for read_dataset_event to 2025-04-04 00:00:00+00:00, run_after=2025-04-05 00:00:00+00:00
[2025-04-05T05:27:27.279+0000] {logging_mixin.py:190} INFO - [2025-04-05T05:27:27.279+0000] {dag.py:4180} INFO - Setting next_dagrun for read_dataset_event_from_classic to 2025-04-04 00:00:00+00:00, run_after=2025-04-05 00:00:00+00:00
[2025-04-05T05:27:27.294+0000] {processor.py:208} INFO - Processing /home/airflow/.local/lib/python3.12/site-packages/airflow/example_dags/example_inlet_event_extra.py took 0.492 seconds
[2025-04-05T05:27:58.162+0000] {processor.py:186} INFO - Started process (PID=1594) to work on /home/airflow/.local/lib/python3.12/site-packages/airflow/example_dags/example_inlet_event_extra.py
[2025-04-05T05:27:58.163+0000] {processor.py:914} INFO - Processing file /home/airflow/.local/lib/python3.12/site-packages/airflow/example_dags/example_inlet_event_extra.py for tasks to queue
[2025-04-05T05:27:58.164+0000] {logging_mixin.py:190} INFO - [2025-04-05T05:27:58.164+0000] {dagbag.py:588} INFO - Filling up the DagBag from /home/airflow/.local/lib/python3.12/site-packages/airflow/example_dags/example_inlet_event_extra.py
[2025-04-05T05:27:58.604+0000] {processor.py:925} INFO - DAG(s) 'read_dataset_event_from_classic', 'read_dataset_event' retrieved from /home/airflow/.local/lib/python3.12/site-packages/airflow/example_dags/example_inlet_event_extra.py
[2025-04-05T05:27:58.619+0000] {logging_mixin.py:190} INFO - [2025-04-05T05:27:58.619+0000] {dag.py:3239} INFO - Sync 2 DAGs
[2025-04-05T05:27:58.634+0000] {logging_mixin.py:190} INFO - [2025-04-05T05:27:58.634+0000] {dag.py:4180} INFO - Setting next_dagrun for read_dataset_event to 2025-04-04 00:00:00+00:00, run_after=2025-04-05 00:00:00+00:00
[2025-04-05T05:27:58.638+0000] {logging_mixin.py:190} INFO - [2025-04-05T05:27:58.638+0000] {dag.py:4180} INFO - Setting next_dagrun for read_dataset_event_from_classic to 2025-04-04 00:00:00+00:00, run_after=2025-04-05 00:00:00+00:00
[2025-04-05T05:27:58.651+0000] {processor.py:208} INFO - Processing /home/airflow/.local/lib/python3.12/site-packages/airflow/example_dags/example_inlet_event_extra.py took 0.494 seconds
