[2025-04-05T05:14:39.489+0000] {processor.py:186} INFO - Started process (PID=99) to work on /home/airflow/.local/lib/python3.12/site-packages/airflow/example_dags/example_sensor_decorator.py
[2025-04-05T05:14:39.490+0000] {processor.py:914} INFO - Processing file /home/airflow/.local/lib/python3.12/site-packages/airflow/example_dags/example_sensor_decorator.py for tasks to queue
[2025-04-05T05:14:39.493+0000] {logging_mixin.py:190} INFO - [2025-04-05T05:14:39.492+0000] {dagbag.py:588} INFO - Filling up the DagBag from /home/airflow/.local/lib/python3.12/site-packages/airflow/example_dags/example_sensor_decorator.py
[2025-04-05T05:14:39.502+0000] {processor.py:925} INFO - DAG(s) 'example_sensor_decorator' retrieved from /home/airflow/.local/lib/python3.12/site-packages/airflow/example_dags/example_sensor_decorator.py
[2025-04-05T05:14:39.530+0000] {logging_mixin.py:190} INFO - [2025-04-05T05:14:39.530+0000] {dag.py:3239} INFO - Sync 1 DAGs
[2025-04-05T05:14:39.543+0000] {logging_mixin.py:190} INFO - [2025-04-05T05:14:39.543+0000] {dag.py:4180} INFO - Setting next_dagrun for example_sensor_decorator to None, run_after=None
[2025-04-05T05:14:39.563+0000] {processor.py:208} INFO - Processing /home/airflow/.local/lib/python3.12/site-packages/airflow/example_dags/example_sensor_decorator.py took 0.080 seconds
[2025-04-05T05:15:10.342+0000] {processor.py:186} INFO - Started process (PID=163) to work on /home/airflow/.local/lib/python3.12/site-packages/airflow/example_dags/example_sensor_decorator.py
[2025-04-05T05:15:10.343+0000] {processor.py:914} INFO - Processing file /home/airflow/.local/lib/python3.12/site-packages/airflow/example_dags/example_sensor_decorator.py for tasks to queue
[2025-04-05T05:15:10.345+0000] {logging_mixin.py:190} INFO - [2025-04-05T05:15:10.345+0000] {dagbag.py:588} INFO - Filling up the DagBag from /home/airflow/.local/lib/python3.12/site-packages/airflow/example_dags/example_sensor_decorator.py
[2025-04-05T05:15:10.351+0000] {processor.py:925} INFO - DAG(s) 'example_sensor_decorator' retrieved from /home/airflow/.local/lib/python3.12/site-packages/airflow/example_dags/example_sensor_decorator.py
[2025-04-05T05:15:10.368+0000] {logging_mixin.py:190} INFO - [2025-04-05T05:15:10.368+0000] {dag.py:3239} INFO - Sync 1 DAGs
[2025-04-05T05:15:10.379+0000] {logging_mixin.py:190} INFO - [2025-04-05T05:15:10.378+0000] {dag.py:4180} INFO - Setting next_dagrun for example_sensor_decorator to None, run_after=None
[2025-04-05T05:15:10.398+0000] {processor.py:208} INFO - Processing /home/airflow/.local/lib/python3.12/site-packages/airflow/example_dags/example_sensor_decorator.py took 0.061 seconds
[2025-04-05T05:16:03.114+0000] {processor.py:186} INFO - Started process (PID=94) to work on /home/airflow/.local/lib/python3.12/site-packages/airflow/example_dags/example_sensor_decorator.py
[2025-04-05T05:16:03.116+0000] {processor.py:914} INFO - Processing file /home/airflow/.local/lib/python3.12/site-packages/airflow/example_dags/example_sensor_decorator.py for tasks to queue
[2025-04-05T05:16:03.118+0000] {logging_mixin.py:190} INFO - [2025-04-05T05:16:03.118+0000] {dagbag.py:588} INFO - Filling up the DagBag from /home/airflow/.local/lib/python3.12/site-packages/airflow/example_dags/example_sensor_decorator.py
[2025-04-05T05:16:03.126+0000] {processor.py:925} INFO - DAG(s) 'example_sensor_decorator' retrieved from /home/airflow/.local/lib/python3.12/site-packages/airflow/example_dags/example_sensor_decorator.py
[2025-04-05T05:16:03.149+0000] {logging_mixin.py:190} INFO - [2025-04-05T05:16:03.149+0000] {dag.py:3239} INFO - Sync 1 DAGs
[2025-04-05T05:16:03.161+0000] {logging_mixin.py:190} INFO - [2025-04-05T05:16:03.161+0000] {dag.py:4180} INFO - Setting next_dagrun for example_sensor_decorator to None, run_after=None
[2025-04-05T05:16:03.183+0000] {processor.py:208} INFO - Processing /home/airflow/.local/lib/python3.12/site-packages/airflow/example_dags/example_sensor_decorator.py took 0.074 seconds
[2025-04-05T05:16:33.832+0000] {processor.py:186} INFO - Started process (PID=158) to work on /home/airflow/.local/lib/python3.12/site-packages/airflow/example_dags/example_sensor_decorator.py
[2025-04-05T05:16:33.833+0000] {processor.py:914} INFO - Processing file /home/airflow/.local/lib/python3.12/site-packages/airflow/example_dags/example_sensor_decorator.py for tasks to queue
[2025-04-05T05:16:33.835+0000] {logging_mixin.py:190} INFO - [2025-04-05T05:16:33.835+0000] {dagbag.py:588} INFO - Filling up the DagBag from /home/airflow/.local/lib/python3.12/site-packages/airflow/example_dags/example_sensor_decorator.py
[2025-04-05T05:16:33.844+0000] {processor.py:925} INFO - DAG(s) 'example_sensor_decorator' retrieved from /home/airflow/.local/lib/python3.12/site-packages/airflow/example_dags/example_sensor_decorator.py
[2025-04-05T05:16:33.859+0000] {logging_mixin.py:190} INFO - [2025-04-05T05:16:33.859+0000] {dag.py:3239} INFO - Sync 1 DAGs
[2025-04-05T05:16:33.871+0000] {logging_mixin.py:190} INFO - [2025-04-05T05:16:33.870+0000] {dag.py:4180} INFO - Setting next_dagrun for example_sensor_decorator to None, run_after=None
[2025-04-05T05:16:33.886+0000] {processor.py:208} INFO - Processing /home/airflow/.local/lib/python3.12/site-packages/airflow/example_dags/example_sensor_decorator.py took 0.059 seconds
[2025-04-05T05:17:04.323+0000] {processor.py:186} INFO - Started process (PID=222) to work on /home/airflow/.local/lib/python3.12/site-packages/airflow/example_dags/example_sensor_decorator.py
[2025-04-05T05:17:04.325+0000] {processor.py:914} INFO - Processing file /home/airflow/.local/lib/python3.12/site-packages/airflow/example_dags/example_sensor_decorator.py for tasks to queue
[2025-04-05T05:17:04.327+0000] {logging_mixin.py:190} INFO - [2025-04-05T05:17:04.327+0000] {dagbag.py:588} INFO - Filling up the DagBag from /home/airflow/.local/lib/python3.12/site-packages/airflow/example_dags/example_sensor_decorator.py
[2025-04-05T05:17:04.333+0000] {processor.py:925} INFO - DAG(s) 'example_sensor_decorator' retrieved from /home/airflow/.local/lib/python3.12/site-packages/airflow/example_dags/example_sensor_decorator.py
[2025-04-05T05:17:04.348+0000] {logging_mixin.py:190} INFO - [2025-04-05T05:17:04.348+0000] {dag.py:3239} INFO - Sync 1 DAGs
[2025-04-05T05:17:04.358+0000] {logging_mixin.py:190} INFO - [2025-04-05T05:17:04.358+0000] {dag.py:4180} INFO - Setting next_dagrun for example_sensor_decorator to None, run_after=None
[2025-04-05T05:17:04.371+0000] {processor.py:208} INFO - Processing /home/airflow/.local/lib/python3.12/site-packages/airflow/example_dags/example_sensor_decorator.py took 0.052 seconds
[2025-04-05T05:27:13.224+0000] {processor.py:186} INFO - Started process (PID=1502) to work on /home/airflow/.local/lib/python3.12/site-packages/airflow/example_dags/example_sensor_decorator.py
[2025-04-05T05:27:13.225+0000] {processor.py:914} INFO - Processing file /home/airflow/.local/lib/python3.12/site-packages/airflow/example_dags/example_sensor_decorator.py for tasks to queue
[2025-04-05T05:27:13.226+0000] {logging_mixin.py:190} INFO - [2025-04-05T05:27:13.226+0000] {dagbag.py:588} INFO - Filling up the DagBag from /home/airflow/.local/lib/python3.12/site-packages/airflow/example_dags/example_sensor_decorator.py
[2025-04-05T05:27:13.234+0000] {processor.py:925} INFO - DAG(s) 'example_sensor_decorator' retrieved from /home/airflow/.local/lib/python3.12/site-packages/airflow/example_dags/example_sensor_decorator.py
[2025-04-05T05:27:13.255+0000] {logging_mixin.py:190} INFO - [2025-04-05T05:27:13.255+0000] {dag.py:3239} INFO - Sync 1 DAGs
[2025-04-05T05:27:13.267+0000] {logging_mixin.py:190} INFO - [2025-04-05T05:27:13.267+0000] {dag.py:4180} INFO - Setting next_dagrun for example_sensor_decorator to None, run_after=None
[2025-04-05T05:27:13.282+0000] {processor.py:208} INFO - Processing /home/airflow/.local/lib/python3.12/site-packages/airflow/example_dags/example_sensor_decorator.py took 0.063 seconds
[2025-04-05T05:27:43.626+0000] {processor.py:186} INFO - Started process (PID=1565) to work on /home/airflow/.local/lib/python3.12/site-packages/airflow/example_dags/example_sensor_decorator.py
[2025-04-05T05:27:43.627+0000] {processor.py:914} INFO - Processing file /home/airflow/.local/lib/python3.12/site-packages/airflow/example_dags/example_sensor_decorator.py for tasks to queue
[2025-04-05T05:27:43.628+0000] {logging_mixin.py:190} INFO - [2025-04-05T05:27:43.628+0000] {dagbag.py:588} INFO - Filling up the DagBag from /home/airflow/.local/lib/python3.12/site-packages/airflow/example_dags/example_sensor_decorator.py
[2025-04-05T05:27:43.635+0000] {processor.py:925} INFO - DAG(s) 'example_sensor_decorator' retrieved from /home/airflow/.local/lib/python3.12/site-packages/airflow/example_dags/example_sensor_decorator.py
[2025-04-05T05:27:43.652+0000] {logging_mixin.py:190} INFO - [2025-04-05T05:27:43.652+0000] {dag.py:3239} INFO - Sync 1 DAGs
[2025-04-05T05:27:43.664+0000] {logging_mixin.py:190} INFO - [2025-04-05T05:27:43.664+0000] {dag.py:4180} INFO - Setting next_dagrun for example_sensor_decorator to None, run_after=None
[2025-04-05T05:27:43.683+0000] {processor.py:208} INFO - Processing /home/airflow/.local/lib/python3.12/site-packages/airflow/example_dags/example_sensor_decorator.py took 0.062 seconds
