[2025-04-05T05:14:40.757+0000] {processor.py:186} INFO - Started process (PID=111) to work on /home/airflow/.local/lib/python3.12/site-packages/airflow/example_dags/example_datasets.py
[2025-04-05T05:14:40.758+0000] {processor.py:914} INFO - Processing file /home/airflow/.local/lib/python3.12/site-packages/airflow/example_dags/example_datasets.py for tasks to queue
[2025-04-05T05:14:40.760+0000] {logging_mixin.py:190} INFO - [2025-04-05T05:14:40.760+0000] {dagbag.py:588} INFO - Filling up the DagBag from /home/airflow/.local/lib/python3.12/site-packages/airflow/example_dags/example_datasets.py
[2025-04-05T05:14:41.248+0000] {processor.py:925} INFO - DAG(s) 'dataset_produces_1', 'dataset_consumes_1', 'consume_1_and_2_with_dataset_expressions', 'dataset_consumes_unknown_never_scheduled', 'consume_1_or_2_with_dataset_expressions', 'conditional_dataset_and_time_based_timetable', 'dataset_consumes_1_never_scheduled', 'dataset_produces_2', 'dataset_consumes_1_and_2', 'consume_1_or_both_2_and_3_with_dataset_expressions' retrieved from /home/airflow/.local/lib/python3.12/site-packages/airflow/example_dags/example_datasets.py
[2025-04-05T05:14:41.293+0000] {logging_mixin.py:190} INFO - [2025-04-05T05:14:41.293+0000] {dag.py:3239} INFO - Sync 10 DAGs
[2025-04-05T05:14:41.316+0000] {logging_mixin.py:190} INFO - [2025-04-05T05:14:41.316+0000] {dag.py:4180} INFO - Setting next_dagrun for conditional_dataset_and_time_based_timetable to 2025-04-02 01:00:00+00:00, run_after=2025-04-02 01:00:00+00:00
[2025-04-05T05:14:41.320+0000] {logging_mixin.py:190} INFO - [2025-04-05T05:14:41.320+0000] {dag.py:4180} INFO - Setting next_dagrun for consume_1_and_2_with_dataset_expressions to None, run_after=None
[2025-04-05T05:14:41.322+0000] {logging_mixin.py:190} INFO - [2025-04-05T05:14:41.322+0000] {dag.py:4180} INFO - Setting next_dagrun for consume_1_or_2_with_dataset_expressions to None, run_after=None
[2025-04-05T05:14:41.325+0000] {logging_mixin.py:190} INFO - [2025-04-05T05:14:41.325+0000] {dag.py:4180} INFO - Setting next_dagrun for consume_1_or_both_2_and_3_with_dataset_expressions to None, run_after=None
[2025-04-05T05:14:41.327+0000] {logging_mixin.py:190} INFO - [2025-04-05T05:14:41.327+0000] {dag.py:4180} INFO - Setting next_dagrun for dataset_consumes_1 to None, run_after=None
[2025-04-05T05:14:41.329+0000] {logging_mixin.py:190} INFO - [2025-04-05T05:14:41.329+0000] {dag.py:4180} INFO - Setting next_dagrun for dataset_consumes_1_and_2 to None, run_after=None
[2025-04-05T05:14:41.331+0000] {logging_mixin.py:190} INFO - [2025-04-05T05:14:41.331+0000] {dag.py:4180} INFO - Setting next_dagrun for dataset_consumes_1_never_scheduled to None, run_after=None
[2025-04-05T05:14:41.333+0000] {logging_mixin.py:190} INFO - [2025-04-05T05:14:41.332+0000] {dag.py:4180} INFO - Setting next_dagrun for dataset_consumes_unknown_never_scheduled to None, run_after=None
[2025-04-05T05:14:41.335+0000] {logging_mixin.py:190} INFO - [2025-04-05T05:14:41.335+0000] {dag.py:4180} INFO - Setting next_dagrun for dataset_produces_1 to 2025-04-04 00:00:00+00:00, run_after=2025-04-05 00:00:00+00:00
[2025-04-05T05:14:41.338+0000] {logging_mixin.py:190} INFO - [2025-04-05T05:14:41.337+0000] {dag.py:4180} INFO - Setting next_dagrun for dataset_produces_2 to None, run_after=None
[2025-04-05T05:14:41.372+0000] {processor.py:208} INFO - Processing /home/airflow/.local/lib/python3.12/site-packages/airflow/example_dags/example_datasets.py took 0.621 seconds
[2025-04-05T05:15:11.505+0000] {processor.py:186} INFO - Started process (PID=178) to work on /home/airflow/.local/lib/python3.12/site-packages/airflow/example_dags/example_datasets.py
[2025-04-05T05:15:11.507+0000] {processor.py:914} INFO - Processing file /home/airflow/.local/lib/python3.12/site-packages/airflow/example_dags/example_datasets.py for tasks to queue
[2025-04-05T05:15:11.510+0000] {logging_mixin.py:190} INFO - [2025-04-05T05:15:11.509+0000] {dagbag.py:588} INFO - Filling up the DagBag from /home/airflow/.local/lib/python3.12/site-packages/airflow/example_dags/example_datasets.py
[2025-04-05T05:15:11.983+0000] {processor.py:925} INFO - DAG(s) 'conditional_dataset_and_time_based_timetable', 'dataset_consumes_1_never_scheduled', 'consume_1_and_2_with_dataset_expressions', 'dataset_produces_2', 'dataset_consumes_1_and_2', 'dataset_produces_1', 'consume_1_or_2_with_dataset_expressions', 'consume_1_or_both_2_and_3_with_dataset_expressions', 'dataset_consumes_1', 'dataset_consumes_unknown_never_scheduled' retrieved from /home/airflow/.local/lib/python3.12/site-packages/airflow/example_dags/example_datasets.py
[2025-04-05T05:15:12.022+0000] {logging_mixin.py:190} INFO - [2025-04-05T05:15:12.021+0000] {dag.py:3239} INFO - Sync 10 DAGs
[2025-04-05T05:15:12.042+0000] {logging_mixin.py:190} INFO - [2025-04-05T05:15:12.042+0000] {dag.py:4180} INFO - Setting next_dagrun for conditional_dataset_and_time_based_timetable to 2025-04-02 01:00:00+00:00, run_after=2025-04-02 01:00:00+00:00
[2025-04-05T05:15:12.046+0000] {logging_mixin.py:190} INFO - [2025-04-05T05:15:12.046+0000] {dag.py:4180} INFO - Setting next_dagrun for consume_1_and_2_with_dataset_expressions to None, run_after=None
[2025-04-05T05:15:12.049+0000] {logging_mixin.py:190} INFO - [2025-04-05T05:15:12.048+0000] {dag.py:4180} INFO - Setting next_dagrun for consume_1_or_2_with_dataset_expressions to None, run_after=None
[2025-04-05T05:15:12.051+0000] {logging_mixin.py:190} INFO - [2025-04-05T05:15:12.050+0000] {dag.py:4180} INFO - Setting next_dagrun for consume_1_or_both_2_and_3_with_dataset_expressions to None, run_after=None
[2025-04-05T05:15:12.052+0000] {logging_mixin.py:190} INFO - [2025-04-05T05:15:12.052+0000] {dag.py:4180} INFO - Setting next_dagrun for dataset_consumes_1 to None, run_after=None
[2025-04-05T05:15:12.054+0000] {logging_mixin.py:190} INFO - [2025-04-05T05:15:12.054+0000] {dag.py:4180} INFO - Setting next_dagrun for dataset_consumes_1_and_2 to None, run_after=None
[2025-04-05T05:15:12.056+0000] {logging_mixin.py:190} INFO - [2025-04-05T05:15:12.056+0000] {dag.py:4180} INFO - Setting next_dagrun for dataset_consumes_1_never_scheduled to None, run_after=None
[2025-04-05T05:15:12.057+0000] {logging_mixin.py:190} INFO - [2025-04-05T05:15:12.057+0000] {dag.py:4180} INFO - Setting next_dagrun for dataset_consumes_unknown_never_scheduled to None, run_after=None
[2025-04-05T05:15:12.060+0000] {logging_mixin.py:190} INFO - [2025-04-05T05:15:12.060+0000] {dag.py:4180} INFO - Setting next_dagrun for dataset_produces_1 to 2025-04-04 00:00:00+00:00, run_after=2025-04-05 00:00:00+00:00
[2025-04-05T05:15:12.061+0000] {logging_mixin.py:190} INFO - [2025-04-05T05:15:12.061+0000] {dag.py:4180} INFO - Setting next_dagrun for dataset_produces_2 to None, run_after=None
[2025-04-05T05:15:12.097+0000] {processor.py:208} INFO - Processing /home/airflow/.local/lib/python3.12/site-packages/airflow/example_dags/example_datasets.py took 0.602 seconds
[2025-04-05T05:16:04.333+0000] {processor.py:186} INFO - Started process (PID=106) to work on /home/airflow/.local/lib/python3.12/site-packages/airflow/example_dags/example_datasets.py
[2025-04-05T05:16:04.334+0000] {processor.py:914} INFO - Processing file /home/airflow/.local/lib/python3.12/site-packages/airflow/example_dags/example_datasets.py for tasks to queue
[2025-04-05T05:16:04.336+0000] {logging_mixin.py:190} INFO - [2025-04-05T05:16:04.336+0000] {dagbag.py:588} INFO - Filling up the DagBag from /home/airflow/.local/lib/python3.12/site-packages/airflow/example_dags/example_datasets.py
[2025-04-05T05:16:04.803+0000] {processor.py:925} INFO - DAG(s) 'dataset_consumes_1', 'consume_1_or_both_2_and_3_with_dataset_expressions', 'conditional_dataset_and_time_based_timetable', 'consume_1_or_2_with_dataset_expressions', 'dataset_produces_1', 'dataset_consumes_1_never_scheduled', 'dataset_consumes_1_and_2', 'dataset_consumes_unknown_never_scheduled', 'dataset_produces_2', 'consume_1_and_2_with_dataset_expressions' retrieved from /home/airflow/.local/lib/python3.12/site-packages/airflow/example_dags/example_datasets.py
[2025-04-05T05:16:04.849+0000] {logging_mixin.py:190} INFO - [2025-04-05T05:16:04.849+0000] {dag.py:3239} INFO - Sync 10 DAGs
[2025-04-05T05:16:04.878+0000] {logging_mixin.py:190} INFO - [2025-04-05T05:16:04.877+0000] {dag.py:4180} INFO - Setting next_dagrun for conditional_dataset_and_time_based_timetable to 2025-04-02 01:00:00+00:00, run_after=2025-04-02 01:00:00+00:00
[2025-04-05T05:16:04.884+0000] {logging_mixin.py:190} INFO - [2025-04-05T05:16:04.883+0000] {dag.py:4180} INFO - Setting next_dagrun for consume_1_and_2_with_dataset_expressions to None, run_after=None
[2025-04-05T05:16:04.886+0000] {logging_mixin.py:190} INFO - [2025-04-05T05:16:04.886+0000] {dag.py:4180} INFO - Setting next_dagrun for consume_1_or_2_with_dataset_expressions to None, run_after=None
[2025-04-05T05:16:04.889+0000] {logging_mixin.py:190} INFO - [2025-04-05T05:16:04.888+0000] {dag.py:4180} INFO - Setting next_dagrun for consume_1_or_both_2_and_3_with_dataset_expressions to None, run_after=None
[2025-04-05T05:16:04.891+0000] {logging_mixin.py:190} INFO - [2025-04-05T05:16:04.891+0000] {dag.py:4180} INFO - Setting next_dagrun for dataset_consumes_1 to None, run_after=None
[2025-04-05T05:16:04.893+0000] {logging_mixin.py:190} INFO - [2025-04-05T05:16:04.893+0000] {dag.py:4180} INFO - Setting next_dagrun for dataset_consumes_1_and_2 to None, run_after=None
[2025-04-05T05:16:04.895+0000] {logging_mixin.py:190} INFO - [2025-04-05T05:16:04.895+0000] {dag.py:4180} INFO - Setting next_dagrun for dataset_consumes_1_never_scheduled to None, run_after=None
[2025-04-05T05:16:04.897+0000] {logging_mixin.py:190} INFO - [2025-04-05T05:16:04.897+0000] {dag.py:4180} INFO - Setting next_dagrun for dataset_consumes_unknown_never_scheduled to None, run_after=None
[2025-04-05T05:16:04.900+0000] {logging_mixin.py:190} INFO - [2025-04-05T05:16:04.900+0000] {dag.py:4180} INFO - Setting next_dagrun for dataset_produces_1 to 2025-04-04 00:00:00+00:00, run_after=2025-04-05 00:00:00+00:00
[2025-04-05T05:16:04.902+0000] {logging_mixin.py:190} INFO - [2025-04-05T05:16:04.902+0000] {dag.py:4180} INFO - Setting next_dagrun for dataset_produces_2 to None, run_after=None
[2025-04-05T05:16:04.944+0000] {processor.py:208} INFO - Processing /home/airflow/.local/lib/python3.12/site-packages/airflow/example_dags/example_datasets.py took 0.616 seconds
[2025-04-05T05:16:35.941+0000] {processor.py:186} INFO - Started process (PID=174) to work on /home/airflow/.local/lib/python3.12/site-packages/airflow/example_dags/example_datasets.py
[2025-04-05T05:16:35.942+0000] {processor.py:914} INFO - Processing file /home/airflow/.local/lib/python3.12/site-packages/airflow/example_dags/example_datasets.py for tasks to queue
[2025-04-05T05:16:35.944+0000] {logging_mixin.py:190} INFO - [2025-04-05T05:16:35.944+0000] {dagbag.py:588} INFO - Filling up the DagBag from /home/airflow/.local/lib/python3.12/site-packages/airflow/example_dags/example_datasets.py
[2025-04-05T05:16:36.624+0000] {processor.py:925} INFO - DAG(s) 'consume_1_or_2_with_dataset_expressions', 'dataset_consumes_1', 'dataset_consumes_1_never_scheduled', 'dataset_consumes_1_and_2', 'consume_1_or_both_2_and_3_with_dataset_expressions', 'dataset_consumes_unknown_never_scheduled', 'dataset_produces_2', 'consume_1_and_2_with_dataset_expressions', 'conditional_dataset_and_time_based_timetable', 'dataset_produces_1' retrieved from /home/airflow/.local/lib/python3.12/site-packages/airflow/example_dags/example_datasets.py
[2025-04-05T05:16:36.675+0000] {logging_mixin.py:190} INFO - [2025-04-05T05:16:36.675+0000] {dag.py:3239} INFO - Sync 10 DAGs
[2025-04-05T05:16:36.702+0000] {logging_mixin.py:190} INFO - [2025-04-05T05:16:36.701+0000] {dag.py:4180} INFO - Setting next_dagrun for conditional_dataset_and_time_based_timetable to 2025-04-02 01:00:00+00:00, run_after=2025-04-02 01:00:00+00:00
[2025-04-05T05:16:36.707+0000] {logging_mixin.py:190} INFO - [2025-04-05T05:16:36.707+0000] {dag.py:4180} INFO - Setting next_dagrun for consume_1_and_2_with_dataset_expressions to None, run_after=None
[2025-04-05T05:16:36.709+0000] {logging_mixin.py:190} INFO - [2025-04-05T05:16:36.709+0000] {dag.py:4180} INFO - Setting next_dagrun for consume_1_or_2_with_dataset_expressions to None, run_after=None
[2025-04-05T05:16:36.713+0000] {logging_mixin.py:190} INFO - [2025-04-05T05:16:36.713+0000] {dag.py:4180} INFO - Setting next_dagrun for consume_1_or_both_2_and_3_with_dataset_expressions to None, run_after=None
[2025-04-05T05:16:36.715+0000] {logging_mixin.py:190} INFO - [2025-04-05T05:16:36.715+0000] {dag.py:4180} INFO - Setting next_dagrun for dataset_consumes_1 to None, run_after=None
[2025-04-05T05:16:36.716+0000] {logging_mixin.py:190} INFO - [2025-04-05T05:16:36.716+0000] {dag.py:4180} INFO - Setting next_dagrun for dataset_consumes_1_and_2 to None, run_after=None
[2025-04-05T05:16:36.718+0000] {logging_mixin.py:190} INFO - [2025-04-05T05:16:36.718+0000] {dag.py:4180} INFO - Setting next_dagrun for dataset_consumes_1_never_scheduled to None, run_after=None
[2025-04-05T05:16:36.720+0000] {logging_mixin.py:190} INFO - [2025-04-05T05:16:36.720+0000] {dag.py:4180} INFO - Setting next_dagrun for dataset_consumes_unknown_never_scheduled to None, run_after=None
[2025-04-05T05:16:36.724+0000] {logging_mixin.py:190} INFO - [2025-04-05T05:16:36.724+0000] {dag.py:4180} INFO - Setting next_dagrun for dataset_produces_1 to 2025-04-04 00:00:00+00:00, run_after=2025-04-05 00:00:00+00:00
[2025-04-05T05:16:36.725+0000] {logging_mixin.py:190} INFO - [2025-04-05T05:16:36.725+0000] {dag.py:4180} INFO - Setting next_dagrun for dataset_produces_2 to None, run_after=None
[2025-04-05T05:16:36.772+0000] {processor.py:208} INFO - Processing /home/airflow/.local/lib/python3.12/site-packages/airflow/example_dags/example_datasets.py took 0.836 seconds
[2025-04-05T05:17:07.419+0000] {processor.py:186} INFO - Started process (PID=238) to work on /home/airflow/.local/lib/python3.12/site-packages/airflow/example_dags/example_datasets.py
[2025-04-05T05:17:07.420+0000] {processor.py:914} INFO - Processing file /home/airflow/.local/lib/python3.12/site-packages/airflow/example_dags/example_datasets.py for tasks to queue
[2025-04-05T05:17:07.421+0000] {logging_mixin.py:190} INFO - [2025-04-05T05:17:07.421+0000] {dagbag.py:588} INFO - Filling up the DagBag from /home/airflow/.local/lib/python3.12/site-packages/airflow/example_dags/example_datasets.py
[2025-04-05T05:17:07.874+0000] {processor.py:925} INFO - DAG(s) 'dataset_consumes_1', 'dataset_consumes_1_never_scheduled', 'dataset_produces_2', 'dataset_consumes_1_and_2', 'consume_1_and_2_with_dataset_expressions', 'dataset_produces_1', 'consume_1_or_both_2_and_3_with_dataset_expressions', 'dataset_consumes_unknown_never_scheduled', 'conditional_dataset_and_time_based_timetable', 'consume_1_or_2_with_dataset_expressions' retrieved from /home/airflow/.local/lib/python3.12/site-packages/airflow/example_dags/example_datasets.py
[2025-04-05T05:17:07.907+0000] {logging_mixin.py:190} INFO - [2025-04-05T05:17:07.906+0000] {dag.py:3239} INFO - Sync 10 DAGs
[2025-04-05T05:17:07.925+0000] {logging_mixin.py:190} INFO - [2025-04-05T05:17:07.925+0000] {dag.py:4180} INFO - Setting next_dagrun for conditional_dataset_and_time_based_timetable to 2025-04-02 01:00:00+00:00, run_after=2025-04-02 01:00:00+00:00
[2025-04-05T05:17:07.929+0000] {logging_mixin.py:190} INFO - [2025-04-05T05:17:07.928+0000] {dag.py:4180} INFO - Setting next_dagrun for consume_1_and_2_with_dataset_expressions to None, run_after=None
[2025-04-05T05:17:07.931+0000] {logging_mixin.py:190} INFO - [2025-04-05T05:17:07.930+0000] {dag.py:4180} INFO - Setting next_dagrun for consume_1_or_2_with_dataset_expressions to None, run_after=None
[2025-04-05T05:17:07.932+0000] {logging_mixin.py:190} INFO - [2025-04-05T05:17:07.932+0000] {dag.py:4180} INFO - Setting next_dagrun for consume_1_or_both_2_and_3_with_dataset_expressions to None, run_after=None
[2025-04-05T05:17:07.934+0000] {logging_mixin.py:190} INFO - [2025-04-05T05:17:07.934+0000] {dag.py:4180} INFO - Setting next_dagrun for dataset_consumes_1 to None, run_after=None
[2025-04-05T05:17:07.936+0000] {logging_mixin.py:190} INFO - [2025-04-05T05:17:07.935+0000] {dag.py:4180} INFO - Setting next_dagrun for dataset_consumes_1_and_2 to None, run_after=None
[2025-04-05T05:17:07.937+0000] {logging_mixin.py:190} INFO - [2025-04-05T05:17:07.937+0000] {dag.py:4180} INFO - Setting next_dagrun for dataset_consumes_1_never_scheduled to None, run_after=None
[2025-04-05T05:17:07.938+0000] {logging_mixin.py:190} INFO - [2025-04-05T05:17:07.938+0000] {dag.py:4180} INFO - Setting next_dagrun for dataset_consumes_unknown_never_scheduled to None, run_after=None
[2025-04-05T05:17:07.940+0000] {logging_mixin.py:190} INFO - [2025-04-05T05:17:07.940+0000] {dag.py:4180} INFO - Setting next_dagrun for dataset_produces_1 to 2025-04-04 00:00:00+00:00, run_after=2025-04-05 00:00:00+00:00
[2025-04-05T05:17:07.942+0000] {logging_mixin.py:190} INFO - [2025-04-05T05:17:07.942+0000] {dag.py:4180} INFO - Setting next_dagrun for dataset_produces_2 to None, run_after=None
[2025-04-05T05:17:07.966+0000] {processor.py:208} INFO - Processing /home/airflow/.local/lib/python3.12/site-packages/airflow/example_dags/example_datasets.py took 0.552 seconds
[2025-04-05T05:27:26.213+0000] {processor.py:186} INFO - Started process (PID=1529) to work on /home/airflow/.local/lib/python3.12/site-packages/airflow/example_dags/example_datasets.py
[2025-04-05T05:27:26.214+0000] {processor.py:914} INFO - Processing file /home/airflow/.local/lib/python3.12/site-packages/airflow/example_dags/example_datasets.py for tasks to queue
[2025-04-05T05:27:26.215+0000] {logging_mixin.py:190} INFO - [2025-04-05T05:27:26.215+0000] {dagbag.py:588} INFO - Filling up the DagBag from /home/airflow/.local/lib/python3.12/site-packages/airflow/example_dags/example_datasets.py
[2025-04-05T05:27:26.694+0000] {processor.py:925} INFO - DAG(s) 'consume_1_and_2_with_dataset_expressions', 'consume_1_or_both_2_and_3_with_dataset_expressions', 'dataset_produces_2', 'dataset_consumes_1_never_scheduled', 'dataset_produces_1', 'consume_1_or_2_with_dataset_expressions', 'dataset_consumes_unknown_never_scheduled', 'conditional_dataset_and_time_based_timetable', 'dataset_consumes_1_and_2', 'dataset_consumes_1' retrieved from /home/airflow/.local/lib/python3.12/site-packages/airflow/example_dags/example_datasets.py
[2025-04-05T05:27:26.731+0000] {logging_mixin.py:190} INFO - [2025-04-05T05:27:26.730+0000] {dag.py:3239} INFO - Sync 10 DAGs
[2025-04-05T05:27:26.751+0000] {logging_mixin.py:190} INFO - [2025-04-05T05:27:26.751+0000] {dag.py:4180} INFO - Setting next_dagrun for conditional_dataset_and_time_based_timetable to 2025-04-02 01:00:00+00:00, run_after=2025-04-02 01:00:00+00:00
[2025-04-05T05:27:26.755+0000] {logging_mixin.py:190} INFO - [2025-04-05T05:27:26.754+0000] {dag.py:4180} INFO - Setting next_dagrun for consume_1_and_2_with_dataset_expressions to None, run_after=None
[2025-04-05T05:27:26.756+0000] {logging_mixin.py:190} INFO - [2025-04-05T05:27:26.756+0000] {dag.py:4180} INFO - Setting next_dagrun for consume_1_or_2_with_dataset_expressions to None, run_after=None
[2025-04-05T05:27:26.757+0000] {logging_mixin.py:190} INFO - [2025-04-05T05:27:26.757+0000] {dag.py:4180} INFO - Setting next_dagrun for consume_1_or_both_2_and_3_with_dataset_expressions to None, run_after=None
[2025-04-05T05:27:26.759+0000] {logging_mixin.py:190} INFO - [2025-04-05T05:27:26.759+0000] {dag.py:4180} INFO - Setting next_dagrun for dataset_consumes_1 to None, run_after=None
[2025-04-05T05:27:26.760+0000] {logging_mixin.py:190} INFO - [2025-04-05T05:27:26.760+0000] {dag.py:4180} INFO - Setting next_dagrun for dataset_consumes_1_and_2 to None, run_after=None
[2025-04-05T05:27:26.762+0000] {logging_mixin.py:190} INFO - [2025-04-05T05:27:26.762+0000] {dag.py:4180} INFO - Setting next_dagrun for dataset_consumes_1_never_scheduled to None, run_after=None
[2025-04-05T05:27:26.764+0000] {logging_mixin.py:190} INFO - [2025-04-05T05:27:26.763+0000] {dag.py:4180} INFO - Setting next_dagrun for dataset_consumes_unknown_never_scheduled to None, run_after=None
[2025-04-05T05:27:26.766+0000] {logging_mixin.py:190} INFO - [2025-04-05T05:27:26.766+0000] {dag.py:4180} INFO - Setting next_dagrun for dataset_produces_1 to 2025-04-04 00:00:00+00:00, run_after=2025-04-05 00:00:00+00:00
[2025-04-05T05:27:26.767+0000] {logging_mixin.py:190} INFO - [2025-04-05T05:27:26.767+0000] {dag.py:4180} INFO - Setting next_dagrun for dataset_produces_2 to None, run_after=None
[2025-04-05T05:27:26.798+0000] {processor.py:208} INFO - Processing /home/airflow/.local/lib/python3.12/site-packages/airflow/example_dags/example_datasets.py took 0.589 seconds
[2025-04-05T05:27:57.618+0000] {processor.py:186} INFO - Started process (PID=1592) to work on /home/airflow/.local/lib/python3.12/site-packages/airflow/example_dags/example_datasets.py
[2025-04-05T05:27:57.619+0000] {processor.py:914} INFO - Processing file /home/airflow/.local/lib/python3.12/site-packages/airflow/example_dags/example_datasets.py for tasks to queue
[2025-04-05T05:27:57.621+0000] {logging_mixin.py:190} INFO - [2025-04-05T05:27:57.620+0000] {dagbag.py:588} INFO - Filling up the DagBag from /home/airflow/.local/lib/python3.12/site-packages/airflow/example_dags/example_datasets.py
[2025-04-05T05:27:58.062+0000] {processor.py:925} INFO - DAG(s) 'consume_1_and_2_with_dataset_expressions', 'dataset_produces_2', 'consume_1_or_2_with_dataset_expressions', 'dataset_consumes_1_never_scheduled', 'dataset_consumes_unknown_never_scheduled', 'dataset_consumes_1', 'consume_1_or_both_2_and_3_with_dataset_expressions', 'dataset_produces_1', 'dataset_consumes_1_and_2', 'conditional_dataset_and_time_based_timetable' retrieved from /home/airflow/.local/lib/python3.12/site-packages/airflow/example_dags/example_datasets.py
[2025-04-05T05:27:58.095+0000] {logging_mixin.py:190} INFO - [2025-04-05T05:27:58.094+0000] {dag.py:3239} INFO - Sync 10 DAGs
[2025-04-05T05:27:58.113+0000] {logging_mixin.py:190} INFO - [2025-04-05T05:27:58.113+0000] {dag.py:4180} INFO - Setting next_dagrun for conditional_dataset_and_time_based_timetable to 2025-04-02 01:00:00+00:00, run_after=2025-04-02 01:00:00+00:00
[2025-04-05T05:27:58.117+0000] {logging_mixin.py:190} INFO - [2025-04-05T05:27:58.116+0000] {dag.py:4180} INFO - Setting next_dagrun for consume_1_and_2_with_dataset_expressions to None, run_after=None
[2025-04-05T05:27:58.119+0000] {logging_mixin.py:190} INFO - [2025-04-05T05:27:58.119+0000] {dag.py:4180} INFO - Setting next_dagrun for consume_1_or_2_with_dataset_expressions to None, run_after=None
[2025-04-05T05:27:58.121+0000] {logging_mixin.py:190} INFO - [2025-04-05T05:27:58.120+0000] {dag.py:4180} INFO - Setting next_dagrun for consume_1_or_both_2_and_3_with_dataset_expressions to None, run_after=None
[2025-04-05T05:27:58.122+0000] {logging_mixin.py:190} INFO - [2025-04-05T05:27:58.122+0000] {dag.py:4180} INFO - Setting next_dagrun for dataset_consumes_1 to None, run_after=None
[2025-04-05T05:27:58.123+0000] {logging_mixin.py:190} INFO - [2025-04-05T05:27:58.123+0000] {dag.py:4180} INFO - Setting next_dagrun for dataset_consumes_1_and_2 to None, run_after=None
[2025-04-05T05:27:58.125+0000] {logging_mixin.py:190} INFO - [2025-04-05T05:27:58.124+0000] {dag.py:4180} INFO - Setting next_dagrun for dataset_consumes_1_never_scheduled to None, run_after=None
[2025-04-05T05:27:58.126+0000] {logging_mixin.py:190} INFO - [2025-04-05T05:27:58.126+0000] {dag.py:4180} INFO - Setting next_dagrun for dataset_consumes_unknown_never_scheduled to None, run_after=None
[2025-04-05T05:27:58.128+0000] {logging_mixin.py:190} INFO - [2025-04-05T05:27:58.128+0000] {dag.py:4180} INFO - Setting next_dagrun for dataset_produces_1 to 2025-04-04 00:00:00+00:00, run_after=2025-04-05 00:00:00+00:00
[2025-04-05T05:27:58.129+0000] {logging_mixin.py:190} INFO - [2025-04-05T05:27:58.129+0000] {dag.py:4180} INFO - Setting next_dagrun for dataset_produces_2 to None, run_after=None
[2025-04-05T05:27:58.157+0000] {processor.py:208} INFO - Processing /home/airflow/.local/lib/python3.12/site-packages/airflow/example_dags/example_datasets.py took 0.542 seconds
