[2025-04-05T05:14:37.790+0000] {processor.py:186} INFO - Started process (PID=75) to work on /home/airflow/.local/lib/python3.12/site-packages/airflow/example_dags/example_kubernetes_executor.py
[2025-04-05T05:14:37.791+0000] {processor.py:914} INFO - Processing file /home/airflow/.local/lib/python3.12/site-packages/airflow/example_dags/example_kubernetes_executor.py for tasks to queue
[2025-04-05T05:14:37.793+0000] {logging_mixin.py:190} INFO - [2025-04-05T05:14:37.793+0000] {dagbag.py:588} INFO - Filling up the DagBag from /home/airflow/.local/lib/python3.12/site-packages/airflow/example_dags/example_kubernetes_executor.py
[2025-04-05T05:14:37.807+0000] {processor.py:925} INFO - DAG(s) 'example_kubernetes_executor' retrieved from /home/airflow/.local/lib/python3.12/site-packages/airflow/example_dags/example_kubernetes_executor.py
[2025-04-05T05:14:37.835+0000] {logging_mixin.py:190} INFO - [2025-04-05T05:14:37.835+0000] {dag.py:3239} INFO - Sync 1 DAGs
[2025-04-05T05:14:37.850+0000] {logging_mixin.py:190} INFO - [2025-04-05T05:14:37.850+0000] {dag.py:4180} INFO - Setting next_dagrun for example_kubernetes_executor to None, run_after=None
[2025-04-05T05:14:37.872+0000] {processor.py:208} INFO - Processing /home/airflow/.local/lib/python3.12/site-packages/airflow/example_dags/example_kubernetes_executor.py took 0.087 seconds
[2025-04-05T05:15:08.002+0000] {processor.py:186} INFO - Started process (PID=137) to work on /home/airflow/.local/lib/python3.12/site-packages/airflow/example_dags/example_kubernetes_executor.py
[2025-04-05T05:15:08.003+0000] {processor.py:914} INFO - Processing file /home/airflow/.local/lib/python3.12/site-packages/airflow/example_dags/example_kubernetes_executor.py for tasks to queue
[2025-04-05T05:15:08.005+0000] {logging_mixin.py:190} INFO - [2025-04-05T05:15:08.004+0000] {dagbag.py:588} INFO - Filling up the DagBag from /home/airflow/.local/lib/python3.12/site-packages/airflow/example_dags/example_kubernetes_executor.py
[2025-04-05T05:15:08.017+0000] {processor.py:925} INFO - DAG(s) 'example_kubernetes_executor' retrieved from /home/airflow/.local/lib/python3.12/site-packages/airflow/example_dags/example_kubernetes_executor.py
[2025-04-05T05:15:08.042+0000] {logging_mixin.py:190} INFO - [2025-04-05T05:15:08.042+0000] {dag.py:3239} INFO - Sync 1 DAGs
[2025-04-05T05:15:08.056+0000] {logging_mixin.py:190} INFO - [2025-04-05T05:15:08.055+0000] {dag.py:4180} INFO - Setting next_dagrun for example_kubernetes_executor to None, run_after=None
[2025-04-05T05:15:08.073+0000] {processor.py:208} INFO - Processing /home/airflow/.local/lib/python3.12/site-packages/airflow/example_dags/example_kubernetes_executor.py took 0.075 seconds
[2025-04-05T05:16:01.673+0000] {processor.py:186} INFO - Started process (PID=70) to work on /home/airflow/.local/lib/python3.12/site-packages/airflow/example_dags/example_kubernetes_executor.py
[2025-04-05T05:16:01.674+0000] {processor.py:914} INFO - Processing file /home/airflow/.local/lib/python3.12/site-packages/airflow/example_dags/example_kubernetes_executor.py for tasks to queue
[2025-04-05T05:16:01.678+0000] {logging_mixin.py:190} INFO - [2025-04-05T05:16:01.678+0000] {dagbag.py:588} INFO - Filling up the DagBag from /home/airflow/.local/lib/python3.12/site-packages/airflow/example_dags/example_kubernetes_executor.py
[2025-04-05T05:16:01.695+0000] {processor.py:925} INFO - DAG(s) 'example_kubernetes_executor' retrieved from /home/airflow/.local/lib/python3.12/site-packages/airflow/example_dags/example_kubernetes_executor.py
[2025-04-05T05:16:01.729+0000] {logging_mixin.py:190} INFO - [2025-04-05T05:16:01.729+0000] {dag.py:3239} INFO - Sync 1 DAGs
[2025-04-05T05:16:01.746+0000] {logging_mixin.py:190} INFO - [2025-04-05T05:16:01.746+0000] {dag.py:4180} INFO - Setting next_dagrun for example_kubernetes_executor to None, run_after=None
[2025-04-05T05:16:01.769+0000] {processor.py:208} INFO - Processing /home/airflow/.local/lib/python3.12/site-packages/airflow/example_dags/example_kubernetes_executor.py took 0.102 seconds
[2025-04-05T05:16:32.686+0000] {processor.py:186} INFO - Started process (PID=140) to work on /home/airflow/.local/lib/python3.12/site-packages/airflow/example_dags/example_kubernetes_executor.py
[2025-04-05T05:16:32.687+0000] {processor.py:914} INFO - Processing file /home/airflow/.local/lib/python3.12/site-packages/airflow/example_dags/example_kubernetes_executor.py for tasks to queue
[2025-04-05T05:16:32.689+0000] {logging_mixin.py:190} INFO - [2025-04-05T05:16:32.689+0000] {dagbag.py:588} INFO - Filling up the DagBag from /home/airflow/.local/lib/python3.12/site-packages/airflow/example_dags/example_kubernetes_executor.py
[2025-04-05T05:16:32.700+0000] {processor.py:925} INFO - DAG(s) 'example_kubernetes_executor' retrieved from /home/airflow/.local/lib/python3.12/site-packages/airflow/example_dags/example_kubernetes_executor.py
[2025-04-05T05:16:32.719+0000] {logging_mixin.py:190} INFO - [2025-04-05T05:16:32.719+0000] {dag.py:3239} INFO - Sync 1 DAGs
[2025-04-05T05:16:32.732+0000] {logging_mixin.py:190} INFO - [2025-04-05T05:16:32.732+0000] {dag.py:4180} INFO - Setting next_dagrun for example_kubernetes_executor to None, run_after=None
[2025-04-05T05:16:32.749+0000] {processor.py:208} INFO - Processing /home/airflow/.local/lib/python3.12/site-packages/airflow/example_dags/example_kubernetes_executor.py took 0.067 seconds
[2025-04-05T05:17:03.288+0000] {processor.py:186} INFO - Started process (PID=204) to work on /home/airflow/.local/lib/python3.12/site-packages/airflow/example_dags/example_kubernetes_executor.py
[2025-04-05T05:17:03.289+0000] {processor.py:914} INFO - Processing file /home/airflow/.local/lib/python3.12/site-packages/airflow/example_dags/example_kubernetes_executor.py for tasks to queue
[2025-04-05T05:17:03.291+0000] {logging_mixin.py:190} INFO - [2025-04-05T05:17:03.291+0000] {dagbag.py:588} INFO - Filling up the DagBag from /home/airflow/.local/lib/python3.12/site-packages/airflow/example_dags/example_kubernetes_executor.py
[2025-04-05T05:17:03.301+0000] {processor.py:925} INFO - DAG(s) 'example_kubernetes_executor' retrieved from /home/airflow/.local/lib/python3.12/site-packages/airflow/example_dags/example_kubernetes_executor.py
[2025-04-05T05:17:03.321+0000] {logging_mixin.py:190} INFO - [2025-04-05T05:17:03.321+0000] {dag.py:3239} INFO - Sync 1 DAGs
[2025-04-05T05:17:03.332+0000] {logging_mixin.py:190} INFO - [2025-04-05T05:17:03.332+0000] {dag.py:4180} INFO - Setting next_dagrun for example_kubernetes_executor to None, run_after=None
[2025-04-05T05:17:03.347+0000] {processor.py:208} INFO - Processing /home/airflow/.local/lib/python3.12/site-packages/airflow/example_dags/example_kubernetes_executor.py took 0.063 seconds
[2025-04-05T05:27:12.188+0000] {processor.py:186} INFO - Started process (PID=1484) to work on /home/airflow/.local/lib/python3.12/site-packages/airflow/example_dags/example_kubernetes_executor.py
[2025-04-05T05:27:12.189+0000] {processor.py:914} INFO - Processing file /home/airflow/.local/lib/python3.12/site-packages/airflow/example_dags/example_kubernetes_executor.py for tasks to queue
[2025-04-05T05:27:12.190+0000] {logging_mixin.py:190} INFO - [2025-04-05T05:27:12.190+0000] {dagbag.py:588} INFO - Filling up the DagBag from /home/airflow/.local/lib/python3.12/site-packages/airflow/example_dags/example_kubernetes_executor.py
[2025-04-05T05:27:12.201+0000] {processor.py:925} INFO - DAG(s) 'example_kubernetes_executor' retrieved from /home/airflow/.local/lib/python3.12/site-packages/airflow/example_dags/example_kubernetes_executor.py
[2025-04-05T05:27:12.221+0000] {logging_mixin.py:190} INFO - [2025-04-05T05:27:12.221+0000] {dag.py:3239} INFO - Sync 1 DAGs
[2025-04-05T05:27:12.232+0000] {logging_mixin.py:190} INFO - [2025-04-05T05:27:12.232+0000] {dag.py:4180} INFO - Setting next_dagrun for example_kubernetes_executor to None, run_after=None
[2025-04-05T05:27:12.251+0000] {processor.py:208} INFO - Processing /home/airflow/.local/lib/python3.12/site-packages/airflow/example_dags/example_kubernetes_executor.py took 0.068 seconds
[2025-04-05T05:27:42.429+0000] {processor.py:186} INFO - Started process (PID=1547) to work on /home/airflow/.local/lib/python3.12/site-packages/airflow/example_dags/example_kubernetes_executor.py
[2025-04-05T05:27:42.430+0000] {processor.py:914} INFO - Processing file /home/airflow/.local/lib/python3.12/site-packages/airflow/example_dags/example_kubernetes_executor.py for tasks to queue
[2025-04-05T05:27:42.432+0000] {logging_mixin.py:190} INFO - [2025-04-05T05:27:42.431+0000] {dagbag.py:588} INFO - Filling up the DagBag from /home/airflow/.local/lib/python3.12/site-packages/airflow/example_dags/example_kubernetes_executor.py
[2025-04-05T05:27:42.442+0000] {processor.py:925} INFO - DAG(s) 'example_kubernetes_executor' retrieved from /home/airflow/.local/lib/python3.12/site-packages/airflow/example_dags/example_kubernetes_executor.py
[2025-04-05T05:27:42.461+0000] {logging_mixin.py:190} INFO - [2025-04-05T05:27:42.460+0000] {dag.py:3239} INFO - Sync 1 DAGs
[2025-04-05T05:27:42.471+0000] {logging_mixin.py:190} INFO - [2025-04-05T05:27:42.471+0000] {dag.py:4180} INFO - Setting next_dagrun for example_kubernetes_executor to None, run_after=None
[2025-04-05T05:27:42.488+0000] {processor.py:208} INFO - Processing /home/airflow/.local/lib/python3.12/site-packages/airflow/example_dags/example_kubernetes_executor.py took 0.063 seconds
