[2025-04-05T05:14:38.301+0000] {processor.py:186} INFO - Started process (PID=79) to work on /home/airflow/.local/lib/python3.12/site-packages/airflow/example_dags/example_sla_dag.py
[2025-04-05T05:14:38.302+0000] {processor.py:914} INFO - Processing file /home/airflow/.local/lib/python3.12/site-packages/airflow/example_dags/example_sla_dag.py for tasks to queue
[2025-04-05T05:14:38.305+0000] {logging_mixin.py:190} INFO - [2025-04-05T05:14:38.305+0000] {dagbag.py:588} INFO - Filling up the DagBag from /home/airflow/.local/lib/python3.12/site-packages/airflow/example_dags/example_sla_dag.py
[2025-04-05T05:14:38.316+0000] {processor.py:925} INFO - DAG(s) 'example_sla_dag' retrieved from /home/airflow/.local/lib/python3.12/site-packages/airflow/example_dags/example_sla_dag.py
[2025-04-05T05:14:38.344+0000] {logging_mixin.py:190} INFO - [2025-04-05T05:14:38.343+0000] {dag.py:3239} INFO - Sync 1 DAGs
[2025-04-05T05:14:38.368+0000] {logging_mixin.py:190} INFO - [2025-04-05T05:14:38.368+0000] {dag.py:4180} INFO - Setting next_dagrun for example_sla_dag to 2025-04-05 05:12:00+00:00, run_after=2025-04-05 05:14:00+00:00
[2025-04-05T05:14:38.384+0000] {processor.py:208} INFO - Processing /home/airflow/.local/lib/python3.12/site-packages/airflow/example_dags/example_sla_dag.py took 0.089 seconds
[2025-04-05T05:15:08.430+0000] {processor.py:186} INFO - Started process (PID=141) to work on /home/airflow/.local/lib/python3.12/site-packages/airflow/example_dags/example_sla_dag.py
[2025-04-05T05:15:08.430+0000] {processor.py:914} INFO - Processing file /home/airflow/.local/lib/python3.12/site-packages/airflow/example_dags/example_sla_dag.py for tasks to queue
[2025-04-05T05:15:08.432+0000] {logging_mixin.py:190} INFO - [2025-04-05T05:15:08.432+0000] {dagbag.py:588} INFO - Filling up the DagBag from /home/airflow/.local/lib/python3.12/site-packages/airflow/example_dags/example_sla_dag.py
[2025-04-05T05:15:08.440+0000] {processor.py:925} INFO - DAG(s) 'example_sla_dag' retrieved from /home/airflow/.local/lib/python3.12/site-packages/airflow/example_dags/example_sla_dag.py
[2025-04-05T05:15:08.455+0000] {logging_mixin.py:190} INFO - [2025-04-05T05:15:08.455+0000] {dag.py:3239} INFO - Sync 1 DAGs
[2025-04-05T05:15:08.472+0000] {logging_mixin.py:190} INFO - [2025-04-05T05:15:08.472+0000] {dag.py:4180} INFO - Setting next_dagrun for example_sla_dag to 2025-04-05 05:12:00+00:00, run_after=2025-04-05 05:14:00+00:00
[2025-04-05T05:15:08.487+0000] {processor.py:208} INFO - Processing /home/airflow/.local/lib/python3.12/site-packages/airflow/example_dags/example_sla_dag.py took 0.062 seconds
[2025-04-05T05:16:02.048+0000] {processor.py:186} INFO - Started process (PID=74) to work on /home/airflow/.local/lib/python3.12/site-packages/airflow/example_dags/example_sla_dag.py
[2025-04-05T05:16:02.049+0000] {processor.py:914} INFO - Processing file /home/airflow/.local/lib/python3.12/site-packages/airflow/example_dags/example_sla_dag.py for tasks to queue
[2025-04-05T05:16:02.052+0000] {logging_mixin.py:190} INFO - [2025-04-05T05:16:02.051+0000] {dagbag.py:588} INFO - Filling up the DagBag from /home/airflow/.local/lib/python3.12/site-packages/airflow/example_dags/example_sla_dag.py
[2025-04-05T05:16:02.062+0000] {processor.py:925} INFO - DAG(s) 'example_sla_dag' retrieved from /home/airflow/.local/lib/python3.12/site-packages/airflow/example_dags/example_sla_dag.py
[2025-04-05T05:16:02.084+0000] {logging_mixin.py:190} INFO - [2025-04-05T05:16:02.084+0000] {dag.py:3239} INFO - Sync 1 DAGs
[2025-04-05T05:16:02.108+0000] {logging_mixin.py:190} INFO - [2025-04-05T05:16:02.108+0000] {dag.py:4180} INFO - Setting next_dagrun for example_sla_dag to 2025-04-05 05:14:00+00:00, run_after=2025-04-05 05:16:00+00:00
[2025-04-05T05:16:02.138+0000] {processor.py:208} INFO - Processing /home/airflow/.local/lib/python3.12/site-packages/airflow/example_dags/example_sla_dag.py took 0.096 seconds
[2025-04-05T05:16:33.051+0000] {processor.py:186} INFO - Started process (PID=144) to work on /home/airflow/.local/lib/python3.12/site-packages/airflow/example_dags/example_sla_dag.py
[2025-04-05T05:16:33.052+0000] {processor.py:914} INFO - Processing file /home/airflow/.local/lib/python3.12/site-packages/airflow/example_dags/example_sla_dag.py for tasks to queue
[2025-04-05T05:16:33.054+0000] {logging_mixin.py:190} INFO - [2025-04-05T05:16:33.053+0000] {dagbag.py:588} INFO - Filling up the DagBag from /home/airflow/.local/lib/python3.12/site-packages/airflow/example_dags/example_sla_dag.py
[2025-04-05T05:16:33.063+0000] {processor.py:925} INFO - DAG(s) 'example_sla_dag' retrieved from /home/airflow/.local/lib/python3.12/site-packages/airflow/example_dags/example_sla_dag.py
[2025-04-05T05:16:33.079+0000] {logging_mixin.py:190} INFO - [2025-04-05T05:16:33.079+0000] {dag.py:3239} INFO - Sync 1 DAGs
[2025-04-05T05:16:33.101+0000] {logging_mixin.py:190} INFO - [2025-04-05T05:16:33.101+0000] {dag.py:4180} INFO - Setting next_dagrun for example_sla_dag to 2025-04-05 05:14:00+00:00, run_after=2025-04-05 05:16:00+00:00
[2025-04-05T05:16:33.117+0000] {processor.py:208} INFO - Processing /home/airflow/.local/lib/python3.12/site-packages/airflow/example_dags/example_sla_dag.py took 0.071 seconds
[2025-04-05T05:17:03.668+0000] {processor.py:186} INFO - Started process (PID=208) to work on /home/airflow/.local/lib/python3.12/site-packages/airflow/example_dags/example_sla_dag.py
[2025-04-05T05:17:03.669+0000] {processor.py:914} INFO - Processing file /home/airflow/.local/lib/python3.12/site-packages/airflow/example_dags/example_sla_dag.py for tasks to queue
[2025-04-05T05:17:03.671+0000] {logging_mixin.py:190} INFO - [2025-04-05T05:17:03.671+0000] {dagbag.py:588} INFO - Filling up the DagBag from /home/airflow/.local/lib/python3.12/site-packages/airflow/example_dags/example_sla_dag.py
[2025-04-05T05:17:03.681+0000] {processor.py:925} INFO - DAG(s) 'example_sla_dag' retrieved from /home/airflow/.local/lib/python3.12/site-packages/airflow/example_dags/example_sla_dag.py
[2025-04-05T05:17:03.698+0000] {logging_mixin.py:190} INFO - [2025-04-05T05:17:03.698+0000] {dag.py:3239} INFO - Sync 1 DAGs
[2025-04-05T05:17:03.721+0000] {logging_mixin.py:190} INFO - [2025-04-05T05:17:03.720+0000] {dag.py:4180} INFO - Setting next_dagrun for example_sla_dag to 2025-04-05 05:14:00+00:00, run_after=2025-04-05 05:16:00+00:00
[2025-04-05T05:17:03.735+0000] {processor.py:208} INFO - Processing /home/airflow/.local/lib/python3.12/site-packages/airflow/example_dags/example_sla_dag.py took 0.072 seconds
[2025-04-05T05:27:12.484+0000] {processor.py:186} INFO - Started process (PID=1488) to work on /home/airflow/.local/lib/python3.12/site-packages/airflow/example_dags/example_sla_dag.py
[2025-04-05T05:27:12.485+0000] {processor.py:914} INFO - Processing file /home/airflow/.local/lib/python3.12/site-packages/airflow/example_dags/example_sla_dag.py for tasks to queue
[2025-04-05T05:27:12.486+0000] {logging_mixin.py:190} INFO - [2025-04-05T05:27:12.486+0000] {dagbag.py:588} INFO - Filling up the DagBag from /home/airflow/.local/lib/python3.12/site-packages/airflow/example_dags/example_sla_dag.py
[2025-04-05T05:27:12.495+0000] {processor.py:925} INFO - DAG(s) 'example_sla_dag' retrieved from /home/airflow/.local/lib/python3.12/site-packages/airflow/example_dags/example_sla_dag.py
[2025-04-05T05:27:12.512+0000] {logging_mixin.py:190} INFO - [2025-04-05T05:27:12.512+0000] {dag.py:3239} INFO - Sync 1 DAGs
[2025-04-05T05:27:12.539+0000] {logging_mixin.py:190} INFO - [2025-04-05T05:27:12.539+0000] {dag.py:4180} INFO - Setting next_dagrun for example_sla_dag to 2025-04-05 05:24:00+00:00, run_after=2025-04-05 05:26:00+00:00
[2025-04-05T05:27:12.557+0000] {processor.py:208} INFO - Processing /home/airflow/.local/lib/python3.12/site-packages/airflow/example_dags/example_sla_dag.py took 0.077 seconds
[2025-04-05T05:27:42.709+0000] {processor.py:186} INFO - Started process (PID=1551) to work on /home/airflow/.local/lib/python3.12/site-packages/airflow/example_dags/example_sla_dag.py
[2025-04-05T05:27:42.710+0000] {processor.py:914} INFO - Processing file /home/airflow/.local/lib/python3.12/site-packages/airflow/example_dags/example_sla_dag.py for tasks to queue
[2025-04-05T05:27:42.712+0000] {logging_mixin.py:190} INFO - [2025-04-05T05:27:42.711+0000] {dagbag.py:588} INFO - Filling up the DagBag from /home/airflow/.local/lib/python3.12/site-packages/airflow/example_dags/example_sla_dag.py
[2025-04-05T05:27:42.719+0000] {processor.py:925} INFO - DAG(s) 'example_sla_dag' retrieved from /home/airflow/.local/lib/python3.12/site-packages/airflow/example_dags/example_sla_dag.py
[2025-04-05T05:27:42.734+0000] {logging_mixin.py:190} INFO - [2025-04-05T05:27:42.734+0000] {dag.py:3239} INFO - Sync 1 DAGs
[2025-04-05T05:27:42.754+0000] {logging_mixin.py:190} INFO - [2025-04-05T05:27:42.754+0000] {dag.py:4180} INFO - Setting next_dagrun for example_sla_dag to 2025-04-05 05:24:00+00:00, run_after=2025-04-05 05:26:00+00:00
[2025-04-05T05:27:42.771+0000] {processor.py:208} INFO - Processing /home/airflow/.local/lib/python3.12/site-packages/airflow/example_dags/example_sla_dag.py took 0.065 seconds
