[2025-04-05T05:14:40.586+0000] {processor.py:186} INFO - Started process (PID=109) to work on /home/airflow/.local/lib/python3.12/site-packages/airflow/example_dags/example_python_decorator.py
[2025-04-05T05:14:40.586+0000] {processor.py:914} INFO - Processing file /home/airflow/.local/lib/python3.12/site-packages/airflow/example_dags/example_python_decorator.py for tasks to queue
[2025-04-05T05:14:40.589+0000] {logging_mixin.py:190} INFO - [2025-04-05T05:14:40.588+0000] {dagbag.py:588} INFO - Filling up the DagBag from /home/airflow/.local/lib/python3.12/site-packages/airflow/example_dags/example_python_decorator.py
[2025-04-05T05:14:40.604+0000] {processor.py:925} INFO - DAG(s) 'example_python_decorator' retrieved from /home/airflow/.local/lib/python3.12/site-packages/airflow/example_dags/example_python_decorator.py
[2025-04-05T05:14:40.716+0000] {logging_mixin.py:190} INFO - [2025-04-05T05:14:40.716+0000] {dag.py:3239} INFO - Sync 1 DAGs
[2025-04-05T05:14:40.728+0000] {logging_mixin.py:190} INFO - [2025-04-05T05:14:40.727+0000] {dag.py:4180} INFO - Setting next_dagrun for example_python_decorator to None, run_after=None
[2025-04-05T05:14:40.745+0000] {processor.py:208} INFO - Processing /home/airflow/.local/lib/python3.12/site-packages/airflow/example_dags/example_python_decorator.py took 0.164 seconds
[2025-04-05T05:15:11.160+0000] {processor.py:186} INFO - Started process (PID=174) to work on /home/airflow/.local/lib/python3.12/site-packages/airflow/example_dags/example_python_decorator.py
[2025-04-05T05:15:11.162+0000] {processor.py:914} INFO - Processing file /home/airflow/.local/lib/python3.12/site-packages/airflow/example_dags/example_python_decorator.py for tasks to queue
[2025-04-05T05:15:11.165+0000] {logging_mixin.py:190} INFO - [2025-04-05T05:15:11.164+0000] {dagbag.py:588} INFO - Filling up the DagBag from /home/airflow/.local/lib/python3.12/site-packages/airflow/example_dags/example_python_decorator.py
[2025-04-05T05:15:11.180+0000] {processor.py:925} INFO - DAG(s) 'example_python_decorator' retrieved from /home/airflow/.local/lib/python3.12/site-packages/airflow/example_dags/example_python_decorator.py
[2025-04-05T05:15:11.204+0000] {logging_mixin.py:190} INFO - [2025-04-05T05:15:11.204+0000] {dag.py:3239} INFO - Sync 1 DAGs
[2025-04-05T05:15:11.218+0000] {logging_mixin.py:190} INFO - [2025-04-05T05:15:11.218+0000] {dag.py:4180} INFO - Setting next_dagrun for example_python_decorator to None, run_after=None
[2025-04-05T05:15:11.238+0000] {processor.py:208} INFO - Processing /home/airflow/.local/lib/python3.12/site-packages/airflow/example_dags/example_python_decorator.py took 0.084 seconds
[2025-04-05T05:16:04.085+0000] {processor.py:186} INFO - Started process (PID=104) to work on /home/airflow/.local/lib/python3.12/site-packages/airflow/example_dags/example_python_decorator.py
[2025-04-05T05:16:04.087+0000] {processor.py:914} INFO - Processing file /home/airflow/.local/lib/python3.12/site-packages/airflow/example_dags/example_python_decorator.py for tasks to queue
[2025-04-05T05:16:04.089+0000] {logging_mixin.py:190} INFO - [2025-04-05T05:16:04.089+0000] {dagbag.py:588} INFO - Filling up the DagBag from /home/airflow/.local/lib/python3.12/site-packages/airflow/example_dags/example_python_decorator.py
[2025-04-05T05:16:04.103+0000] {processor.py:925} INFO - DAG(s) 'example_python_decorator' retrieved from /home/airflow/.local/lib/python3.12/site-packages/airflow/example_dags/example_python_decorator.py
[2025-04-05T05:16:04.224+0000] {logging_mixin.py:190} INFO - [2025-04-05T05:16:04.223+0000] {dag.py:3239} INFO - Sync 1 DAGs
[2025-04-05T05:16:04.237+0000] {logging_mixin.py:190} INFO - [2025-04-05T05:16:04.237+0000] {dag.py:4180} INFO - Setting next_dagrun for example_python_decorator to None, run_after=None
[2025-04-05T05:16:04.256+0000] {processor.py:208} INFO - Processing /home/airflow/.local/lib/python3.12/site-packages/airflow/example_dags/example_python_decorator.py took 0.176 seconds
[2025-04-05T05:16:34.373+0000] {processor.py:186} INFO - Started process (PID=167) to work on /home/airflow/.local/lib/python3.12/site-packages/airflow/example_dags/example_python_decorator.py
[2025-04-05T05:16:34.374+0000] {processor.py:914} INFO - Processing file /home/airflow/.local/lib/python3.12/site-packages/airflow/example_dags/example_python_decorator.py for tasks to queue
[2025-04-05T05:16:34.376+0000] {logging_mixin.py:190} INFO - [2025-04-05T05:16:34.376+0000] {dagbag.py:588} INFO - Filling up the DagBag from /home/airflow/.local/lib/python3.12/site-packages/airflow/example_dags/example_python_decorator.py
[2025-04-05T05:16:34.386+0000] {processor.py:925} INFO - DAG(s) 'example_python_decorator' retrieved from /home/airflow/.local/lib/python3.12/site-packages/airflow/example_dags/example_python_decorator.py
[2025-04-05T05:16:34.402+0000] {logging_mixin.py:190} INFO - [2025-04-05T05:16:34.402+0000] {dag.py:3239} INFO - Sync 1 DAGs
[2025-04-05T05:16:34.415+0000] {logging_mixin.py:190} INFO - [2025-04-05T05:16:34.415+0000] {dag.py:4180} INFO - Setting next_dagrun for example_python_decorator to None, run_after=None
[2025-04-05T05:16:34.431+0000] {processor.py:208} INFO - Processing /home/airflow/.local/lib/python3.12/site-packages/airflow/example_dags/example_python_decorator.py took 0.062 seconds
[2025-04-05T05:17:04.878+0000] {processor.py:186} INFO - Started process (PID=231) to work on /home/airflow/.local/lib/python3.12/site-packages/airflow/example_dags/example_python_decorator.py
[2025-04-05T05:17:04.879+0000] {processor.py:914} INFO - Processing file /home/airflow/.local/lib/python3.12/site-packages/airflow/example_dags/example_python_decorator.py for tasks to queue
[2025-04-05T05:17:04.881+0000] {logging_mixin.py:190} INFO - [2025-04-05T05:17:04.880+0000] {dagbag.py:588} INFO - Filling up the DagBag from /home/airflow/.local/lib/python3.12/site-packages/airflow/example_dags/example_python_decorator.py
[2025-04-05T05:17:04.891+0000] {processor.py:925} INFO - DAG(s) 'example_python_decorator' retrieved from /home/airflow/.local/lib/python3.12/site-packages/airflow/example_dags/example_python_decorator.py
[2025-04-05T05:17:04.909+0000] {logging_mixin.py:190} INFO - [2025-04-05T05:17:04.909+0000] {dag.py:3239} INFO - Sync 1 DAGs
[2025-04-05T05:17:04.921+0000] {logging_mixin.py:190} INFO - [2025-04-05T05:17:04.920+0000] {dag.py:4180} INFO - Setting next_dagrun for example_python_decorator to None, run_after=None
[2025-04-05T05:17:04.937+0000] {processor.py:208} INFO - Processing /home/airflow/.local/lib/python3.12/site-packages/airflow/example_dags/example_python_decorator.py took 0.064 seconds
[2025-04-05T05:27:15.653+0000] {processor.py:186} INFO - Started process (PID=1510) to work on /home/airflow/.local/lib/python3.12/site-packages/airflow/example_dags/example_python_decorator.py
[2025-04-05T05:27:15.654+0000] {processor.py:914} INFO - Processing file /home/airflow/.local/lib/python3.12/site-packages/airflow/example_dags/example_python_decorator.py for tasks to queue
[2025-04-05T05:27:15.656+0000] {logging_mixin.py:190} INFO - [2025-04-05T05:27:15.656+0000] {dagbag.py:588} INFO - Filling up the DagBag from /home/airflow/.local/lib/python3.12/site-packages/airflow/example_dags/example_python_decorator.py
[2025-04-05T05:27:15.667+0000] {processor.py:925} INFO - DAG(s) 'example_python_decorator' retrieved from /home/airflow/.local/lib/python3.12/site-packages/airflow/example_dags/example_python_decorator.py
[2025-04-05T05:27:15.687+0000] {logging_mixin.py:190} INFO - [2025-04-05T05:27:15.687+0000] {dag.py:3239} INFO - Sync 1 DAGs
[2025-04-05T05:27:15.698+0000] {logging_mixin.py:190} INFO - [2025-04-05T05:27:15.698+0000] {dag.py:4180} INFO - Setting next_dagrun for example_python_decorator to None, run_after=None
[2025-04-05T05:27:15.715+0000] {processor.py:208} INFO - Processing /home/airflow/.local/lib/python3.12/site-packages/airflow/example_dags/example_python_decorator.py took 0.066 seconds
[2025-04-05T05:27:45.935+0000] {processor.py:186} INFO - Started process (PID=1573) to work on /home/airflow/.local/lib/python3.12/site-packages/airflow/example_dags/example_python_decorator.py
[2025-04-05T05:27:45.936+0000] {processor.py:914} INFO - Processing file /home/airflow/.local/lib/python3.12/site-packages/airflow/example_dags/example_python_decorator.py for tasks to queue
[2025-04-05T05:27:45.937+0000] {logging_mixin.py:190} INFO - [2025-04-05T05:27:45.937+0000] {dagbag.py:588} INFO - Filling up the DagBag from /home/airflow/.local/lib/python3.12/site-packages/airflow/example_dags/example_python_decorator.py
[2025-04-05T05:27:45.947+0000] {processor.py:925} INFO - DAG(s) 'example_python_decorator' retrieved from /home/airflow/.local/lib/python3.12/site-packages/airflow/example_dags/example_python_decorator.py
[2025-04-05T05:27:45.964+0000] {logging_mixin.py:190} INFO - [2025-04-05T05:27:45.964+0000] {dag.py:3239} INFO - Sync 1 DAGs
[2025-04-05T05:27:45.975+0000] {logging_mixin.py:190} INFO - [2025-04-05T05:27:45.975+0000] {dag.py:4180} INFO - Setting next_dagrun for example_python_decorator to None, run_after=None
[2025-04-05T05:27:45.991+0000] {processor.py:208} INFO - Processing /home/airflow/.local/lib/python3.12/site-packages/airflow/example_dags/example_python_decorator.py took 0.060 seconds
