[2025-04-05T05:14:37.542+0000] {processor.py:186} INFO - Started process (PID=74) to work on /home/airflow/.local/lib/python3.12/site-packages/airflow/example_dags/example_branch_operator.py
[2025-04-05T05:14:37.543+0000] {processor.py:914} INFO - Processing file /home/airflow/.local/lib/python3.12/site-packages/airflow/example_dags/example_branch_operator.py for tasks to queue
[2025-04-05T05:14:37.546+0000] {logging_mixin.py:190} INFO - [2025-04-05T05:14:37.546+0000] {dagbag.py:588} INFO - Filling up the DagBag from /home/airflow/.local/lib/python3.12/site-packages/airflow/example_dags/example_branch_operator.py
[2025-04-05T05:14:37.566+0000] {processor.py:925} INFO - DAG(s) 'example_branch_operator' retrieved from /home/airflow/.local/lib/python3.12/site-packages/airflow/example_dags/example_branch_operator.py
[2025-04-05T05:14:37.706+0000] {logging_mixin.py:190} INFO - [2025-04-05T05:14:37.706+0000] {dag.py:3239} INFO - Sync 1 DAGs
[2025-04-05T05:14:37.730+0000] {logging_mixin.py:190} INFO - [2025-04-05T05:14:37.730+0000] {dag.py:4180} INFO - Setting next_dagrun for example_branch_operator to 2025-04-04 00:00:00+00:00, run_after=2025-04-05 00:00:00+00:00
[2025-04-05T05:14:37.753+0000] {processor.py:208} INFO - Processing /home/airflow/.local/lib/python3.12/site-packages/airflow/example_dags/example_branch_operator.py took 0.217 seconds
[2025-04-05T05:15:08.002+0000] {processor.py:186} INFO - Started process (PID=136) to work on /home/airflow/.local/lib/python3.12/site-packages/airflow/example_dags/example_branch_operator.py
[2025-04-05T05:15:08.003+0000] {processor.py:914} INFO - Processing file /home/airflow/.local/lib/python3.12/site-packages/airflow/example_dags/example_branch_operator.py for tasks to queue
[2025-04-05T05:15:08.005+0000] {logging_mixin.py:190} INFO - [2025-04-05T05:15:08.004+0000] {dagbag.py:588} INFO - Filling up the DagBag from /home/airflow/.local/lib/python3.12/site-packages/airflow/example_dags/example_branch_operator.py
[2025-04-05T05:15:08.020+0000] {processor.py:925} INFO - DAG(s) 'example_branch_operator' retrieved from /home/airflow/.local/lib/python3.12/site-packages/airflow/example_dags/example_branch_operator.py
[2025-04-05T05:15:08.048+0000] {logging_mixin.py:190} INFO - [2025-04-05T05:15:08.048+0000] {dag.py:3239} INFO - Sync 1 DAGs
[2025-04-05T05:15:08.068+0000] {logging_mixin.py:190} INFO - [2025-04-05T05:15:08.068+0000] {dag.py:4180} INFO - Setting next_dagrun for example_branch_operator to 2025-04-04 00:00:00+00:00, run_after=2025-04-05 00:00:00+00:00
[2025-04-05T05:15:08.082+0000] {processor.py:208} INFO - Processing /home/airflow/.local/lib/python3.12/site-packages/airflow/example_dags/example_branch_operator.py took 0.084 seconds
[2025-04-05T05:16:01.437+0000] {processor.py:186} INFO - Started process (PID=69) to work on /home/airflow/.local/lib/python3.12/site-packages/airflow/example_dags/example_branch_operator.py
[2025-04-05T05:16:01.439+0000] {processor.py:914} INFO - Processing file /home/airflow/.local/lib/python3.12/site-packages/airflow/example_dags/example_branch_operator.py for tasks to queue
[2025-04-05T05:16:01.442+0000] {logging_mixin.py:190} INFO - [2025-04-05T05:16:01.441+0000] {dagbag.py:588} INFO - Filling up the DagBag from /home/airflow/.local/lib/python3.12/site-packages/airflow/example_dags/example_branch_operator.py
[2025-04-05T05:16:01.461+0000] {processor.py:925} INFO - DAG(s) 'example_branch_operator' retrieved from /home/airflow/.local/lib/python3.12/site-packages/airflow/example_dags/example_branch_operator.py
[2025-04-05T05:16:01.578+0000] {logging_mixin.py:190} INFO - [2025-04-05T05:16:01.578+0000] {dag.py:3239} INFO - Sync 1 DAGs
[2025-04-05T05:16:01.608+0000] {logging_mixin.py:190} INFO - [2025-04-05T05:16:01.608+0000] {dag.py:4180} INFO - Setting next_dagrun for example_branch_operator to 2025-04-04 00:00:00+00:00, run_after=2025-04-05 00:00:00+00:00
[2025-04-05T05:16:01.635+0000] {processor.py:208} INFO - Processing /home/airflow/.local/lib/python3.12/site-packages/airflow/example_dags/example_branch_operator.py took 0.206 seconds
[2025-04-05T05:16:32.582+0000] {processor.py:186} INFO - Started process (PID=139) to work on /home/airflow/.local/lib/python3.12/site-packages/airflow/example_dags/example_branch_operator.py
[2025-04-05T05:16:32.583+0000] {processor.py:914} INFO - Processing file /home/airflow/.local/lib/python3.12/site-packages/airflow/example_dags/example_branch_operator.py for tasks to queue
[2025-04-05T05:16:32.585+0000] {logging_mixin.py:190} INFO - [2025-04-05T05:16:32.584+0000] {dagbag.py:588} INFO - Filling up the DagBag from /home/airflow/.local/lib/python3.12/site-packages/airflow/example_dags/example_branch_operator.py
[2025-04-05T05:16:32.598+0000] {processor.py:925} INFO - DAG(s) 'example_branch_operator' retrieved from /home/airflow/.local/lib/python3.12/site-packages/airflow/example_dags/example_branch_operator.py
[2025-04-05T05:16:32.621+0000] {logging_mixin.py:190} INFO - [2025-04-05T05:16:32.620+0000] {dag.py:3239} INFO - Sync 1 DAGs
[2025-04-05T05:16:32.638+0000] {logging_mixin.py:190} INFO - [2025-04-05T05:16:32.638+0000] {dag.py:4180} INFO - Setting next_dagrun for example_branch_operator to 2025-04-04 00:00:00+00:00, run_after=2025-04-05 00:00:00+00:00
[2025-04-05T05:16:32.655+0000] {processor.py:208} INFO - Processing /home/airflow/.local/lib/python3.12/site-packages/airflow/example_dags/example_branch_operator.py took 0.078 seconds
[2025-04-05T05:17:03.172+0000] {processor.py:186} INFO - Started process (PID=203) to work on /home/airflow/.local/lib/python3.12/site-packages/airflow/example_dags/example_branch_operator.py
[2025-04-05T05:17:03.173+0000] {processor.py:914} INFO - Processing file /home/airflow/.local/lib/python3.12/site-packages/airflow/example_dags/example_branch_operator.py for tasks to queue
[2025-04-05T05:17:03.175+0000] {logging_mixin.py:190} INFO - [2025-04-05T05:17:03.175+0000] {dagbag.py:588} INFO - Filling up the DagBag from /home/airflow/.local/lib/python3.12/site-packages/airflow/example_dags/example_branch_operator.py
[2025-04-05T05:17:03.188+0000] {processor.py:925} INFO - DAG(s) 'example_branch_operator' retrieved from /home/airflow/.local/lib/python3.12/site-packages/airflow/example_dags/example_branch_operator.py
[2025-04-05T05:17:03.209+0000] {logging_mixin.py:190} INFO - [2025-04-05T05:17:03.209+0000] {dag.py:3239} INFO - Sync 1 DAGs
[2025-04-05T05:17:03.234+0000] {logging_mixin.py:190} INFO - [2025-04-05T05:17:03.234+0000] {dag.py:4180} INFO - Setting next_dagrun for example_branch_operator to 2025-04-04 00:00:00+00:00, run_after=2025-04-05 00:00:00+00:00
[2025-04-05T05:17:03.254+0000] {processor.py:208} INFO - Processing /home/airflow/.local/lib/python3.12/site-packages/airflow/example_dags/example_branch_operator.py took 0.086 seconds
[2025-04-05T05:27:12.187+0000] {processor.py:186} INFO - Started process (PID=1483) to work on /home/airflow/.local/lib/python3.12/site-packages/airflow/example_dags/example_branch_operator.py
[2025-04-05T05:27:12.188+0000] {processor.py:914} INFO - Processing file /home/airflow/.local/lib/python3.12/site-packages/airflow/example_dags/example_branch_operator.py for tasks to queue
[2025-04-05T05:27:12.189+0000] {logging_mixin.py:190} INFO - [2025-04-05T05:27:12.189+0000] {dagbag.py:588} INFO - Filling up the DagBag from /home/airflow/.local/lib/python3.12/site-packages/airflow/example_dags/example_branch_operator.py
[2025-04-05T05:27:12.203+0000] {processor.py:925} INFO - DAG(s) 'example_branch_operator' retrieved from /home/airflow/.local/lib/python3.12/site-packages/airflow/example_dags/example_branch_operator.py
[2025-04-05T05:27:12.224+0000] {logging_mixin.py:190} INFO - [2025-04-05T05:27:12.224+0000] {dag.py:3239} INFO - Sync 1 DAGs
[2025-04-05T05:27:12.243+0000] {logging_mixin.py:190} INFO - [2025-04-05T05:27:12.242+0000] {dag.py:4180} INFO - Setting next_dagrun for example_branch_operator to 2025-04-04 00:00:00+00:00, run_after=2025-04-05 00:00:00+00:00
[2025-04-05T05:27:12.260+0000] {processor.py:208} INFO - Processing /home/airflow/.local/lib/python3.12/site-packages/airflow/example_dags/example_branch_operator.py took 0.078 seconds
[2025-04-05T05:27:42.428+0000] {processor.py:186} INFO - Started process (PID=1546) to work on /home/airflow/.local/lib/python3.12/site-packages/airflow/example_dags/example_branch_operator.py
[2025-04-05T05:27:42.429+0000] {processor.py:914} INFO - Processing file /home/airflow/.local/lib/python3.12/site-packages/airflow/example_dags/example_branch_operator.py for tasks to queue
[2025-04-05T05:27:42.431+0000] {logging_mixin.py:190} INFO - [2025-04-05T05:27:42.430+0000] {dagbag.py:588} INFO - Filling up the DagBag from /home/airflow/.local/lib/python3.12/site-packages/airflow/example_dags/example_branch_operator.py
[2025-04-05T05:27:42.443+0000] {processor.py:925} INFO - DAG(s) 'example_branch_operator' retrieved from /home/airflow/.local/lib/python3.12/site-packages/airflow/example_dags/example_branch_operator.py
[2025-04-05T05:27:42.463+0000] {logging_mixin.py:190} INFO - [2025-04-05T05:27:42.463+0000] {dag.py:3239} INFO - Sync 1 DAGs
[2025-04-05T05:27:42.480+0000] {logging_mixin.py:190} INFO - [2025-04-05T05:27:42.480+0000] {dag.py:4180} INFO - Setting next_dagrun for example_branch_operator to 2025-04-04 00:00:00+00:00, run_after=2025-04-05 00:00:00+00:00
[2025-04-05T05:27:42.495+0000] {processor.py:208} INFO - Processing /home/airflow/.local/lib/python3.12/site-packages/airflow/example_dags/example_branch_operator.py took 0.071 seconds
