[2025-04-05T05:14:38.889+0000] {processor.py:186} INFO - Started process (PID=90) to work on /home/airflow/.local/lib/python3.12/site-packages/airflow/example_dags/example_task_group.py
[2025-04-05T05:14:38.890+0000] {processor.py:914} INFO - Processing file /home/airflow/.local/lib/python3.12/site-packages/airflow/example_dags/example_task_group.py for tasks to queue
[2025-04-05T05:14:38.892+0000] {logging_mixin.py:190} INFO - [2025-04-05T05:14:38.892+0000] {dagbag.py:588} INFO - Filling up the DagBag from /home/airflow/.local/lib/python3.12/site-packages/airflow/example_dags/example_task_group.py
[2025-04-05T05:14:38.903+0000] {processor.py:925} INFO - DAG(s) 'example_task_group' retrieved from /home/airflow/.local/lib/python3.12/site-packages/airflow/example_dags/example_task_group.py
[2025-04-05T05:14:38.930+0000] {logging_mixin.py:190} INFO - [2025-04-05T05:14:38.930+0000] {dag.py:3239} INFO - Sync 1 DAGs
[2025-04-05T05:14:38.942+0000] {logging_mixin.py:190} INFO - [2025-04-05T05:14:38.942+0000] {dag.py:4180} INFO - Setting next_dagrun for example_task_group to None, run_after=None
[2025-04-05T05:14:38.958+0000] {processor.py:208} INFO - Processing /home/airflow/.local/lib/python3.12/site-packages/airflow/example_dags/example_task_group.py took 0.074 seconds
[2025-04-05T05:15:09.847+0000] {processor.py:186} INFO - Started process (PID=154) to work on /home/airflow/.local/lib/python3.12/site-packages/airflow/example_dags/example_task_group.py
[2025-04-05T05:15:09.848+0000] {processor.py:914} INFO - Processing file /home/airflow/.local/lib/python3.12/site-packages/airflow/example_dags/example_task_group.py for tasks to queue
[2025-04-05T05:15:09.850+0000] {logging_mixin.py:190} INFO - [2025-04-05T05:15:09.850+0000] {dagbag.py:588} INFO - Filling up the DagBag from /home/airflow/.local/lib/python3.12/site-packages/airflow/example_dags/example_task_group.py
[2025-04-05T05:15:09.858+0000] {processor.py:925} INFO - DAG(s) 'example_task_group' retrieved from /home/airflow/.local/lib/python3.12/site-packages/airflow/example_dags/example_task_group.py
[2025-04-05T05:15:09.881+0000] {logging_mixin.py:190} INFO - [2025-04-05T05:15:09.881+0000] {dag.py:3239} INFO - Sync 1 DAGs
[2025-04-05T05:15:09.897+0000] {logging_mixin.py:190} INFO - [2025-04-05T05:15:09.896+0000] {dag.py:4180} INFO - Setting next_dagrun for example_task_group to None, run_after=None
[2025-04-05T05:15:09.915+0000] {processor.py:208} INFO - Processing /home/airflow/.local/lib/python3.12/site-packages/airflow/example_dags/example_task_group.py took 0.073 seconds
[2025-04-05T05:16:02.550+0000] {processor.py:186} INFO - Started process (PID=85) to work on /home/airflow/.local/lib/python3.12/site-packages/airflow/example_dags/example_task_group.py
[2025-04-05T05:16:02.551+0000] {processor.py:914} INFO - Processing file /home/airflow/.local/lib/python3.12/site-packages/airflow/example_dags/example_task_group.py for tasks to queue
[2025-04-05T05:16:02.554+0000] {logging_mixin.py:190} INFO - [2025-04-05T05:16:02.553+0000] {dagbag.py:588} INFO - Filling up the DagBag from /home/airflow/.local/lib/python3.12/site-packages/airflow/example_dags/example_task_group.py
[2025-04-05T05:16:02.563+0000] {processor.py:925} INFO - DAG(s) 'example_task_group' retrieved from /home/airflow/.local/lib/python3.12/site-packages/airflow/example_dags/example_task_group.py
[2025-04-05T05:16:02.591+0000] {logging_mixin.py:190} INFO - [2025-04-05T05:16:02.591+0000] {dag.py:3239} INFO - Sync 1 DAGs
[2025-04-05T05:16:02.606+0000] {logging_mixin.py:190} INFO - [2025-04-05T05:16:02.606+0000] {dag.py:4180} INFO - Setting next_dagrun for example_task_group to None, run_after=None
[2025-04-05T05:16:02.624+0000] {processor.py:208} INFO - Processing /home/airflow/.local/lib/python3.12/site-packages/airflow/example_dags/example_task_group.py took 0.081 seconds
[2025-04-05T05:16:33.347+0000] {processor.py:186} INFO - Started process (PID=149) to work on /home/airflow/.local/lib/python3.12/site-packages/airflow/example_dags/example_task_group.py
[2025-04-05T05:16:33.348+0000] {processor.py:914} INFO - Processing file /home/airflow/.local/lib/python3.12/site-packages/airflow/example_dags/example_task_group.py for tasks to queue
[2025-04-05T05:16:33.351+0000] {logging_mixin.py:190} INFO - [2025-04-05T05:16:33.352+0000] {dagbag.py:588} INFO - Filling up the DagBag from /home/airflow/.local/lib/python3.12/site-packages/airflow/example_dags/example_task_group.py
[2025-04-05T05:16:33.360+0000] {processor.py:925} INFO - DAG(s) 'example_task_group' retrieved from /home/airflow/.local/lib/python3.12/site-packages/airflow/example_dags/example_task_group.py
[2025-04-05T05:16:33.385+0000] {logging_mixin.py:190} INFO - [2025-04-05T05:16:33.385+0000] {dag.py:3239} INFO - Sync 1 DAGs
[2025-04-05T05:16:33.403+0000] {logging_mixin.py:190} INFO - [2025-04-05T05:16:33.403+0000] {dag.py:4180} INFO - Setting next_dagrun for example_task_group to None, run_after=None
[2025-04-05T05:16:33.434+0000] {processor.py:208} INFO - Processing /home/airflow/.local/lib/python3.12/site-packages/airflow/example_dags/example_task_group.py took 0.096 seconds
[2025-04-05T05:17:03.900+0000] {processor.py:186} INFO - Started process (PID=213) to work on /home/airflow/.local/lib/python3.12/site-packages/airflow/example_dags/example_task_group.py
[2025-04-05T05:17:03.901+0000] {processor.py:914} INFO - Processing file /home/airflow/.local/lib/python3.12/site-packages/airflow/example_dags/example_task_group.py for tasks to queue
[2025-04-05T05:17:03.903+0000] {logging_mixin.py:190} INFO - [2025-04-05T05:17:03.903+0000] {dagbag.py:588} INFO - Filling up the DagBag from /home/airflow/.local/lib/python3.12/site-packages/airflow/example_dags/example_task_group.py
[2025-04-05T05:17:03.911+0000] {processor.py:925} INFO - DAG(s) 'example_task_group' retrieved from /home/airflow/.local/lib/python3.12/site-packages/airflow/example_dags/example_task_group.py
[2025-04-05T05:17:03.929+0000] {logging_mixin.py:190} INFO - [2025-04-05T05:17:03.929+0000] {dag.py:3239} INFO - Sync 1 DAGs
[2025-04-05T05:17:03.940+0000] {logging_mixin.py:190} INFO - [2025-04-05T05:17:03.940+0000] {dag.py:4180} INFO - Setting next_dagrun for example_task_group to None, run_after=None
[2025-04-05T05:17:03.954+0000] {processor.py:208} INFO - Processing /home/airflow/.local/lib/python3.12/site-packages/airflow/example_dags/example_task_group.py took 0.060 seconds
[2025-04-05T05:27:12.782+0000] {processor.py:186} INFO - Started process (PID=1493) to work on /home/airflow/.local/lib/python3.12/site-packages/airflow/example_dags/example_task_group.py
[2025-04-05T05:27:12.783+0000] {processor.py:914} INFO - Processing file /home/airflow/.local/lib/python3.12/site-packages/airflow/example_dags/example_task_group.py for tasks to queue
[2025-04-05T05:27:12.784+0000] {logging_mixin.py:190} INFO - [2025-04-05T05:27:12.784+0000] {dagbag.py:588} INFO - Filling up the DagBag from /home/airflow/.local/lib/python3.12/site-packages/airflow/example_dags/example_task_group.py
[2025-04-05T05:27:12.792+0000] {processor.py:925} INFO - DAG(s) 'example_task_group' retrieved from /home/airflow/.local/lib/python3.12/site-packages/airflow/example_dags/example_task_group.py
[2025-04-05T05:27:12.811+0000] {logging_mixin.py:190} INFO - [2025-04-05T05:27:12.811+0000] {dag.py:3239} INFO - Sync 1 DAGs
[2025-04-05T05:27:12.826+0000] {logging_mixin.py:190} INFO - [2025-04-05T05:27:12.826+0000] {dag.py:4180} INFO - Setting next_dagrun for example_task_group to None, run_after=None
[2025-04-05T05:27:12.843+0000] {processor.py:208} INFO - Processing /home/airflow/.local/lib/python3.12/site-packages/airflow/example_dags/example_task_group.py took 0.067 seconds
[2025-04-05T05:27:43.096+0000] {processor.py:186} INFO - Started process (PID=1556) to work on /home/airflow/.local/lib/python3.12/site-packages/airflow/example_dags/example_task_group.py
[2025-04-05T05:27:43.097+0000] {processor.py:914} INFO - Processing file /home/airflow/.local/lib/python3.12/site-packages/airflow/example_dags/example_task_group.py for tasks to queue
[2025-04-05T05:27:43.098+0000] {logging_mixin.py:190} INFO - [2025-04-05T05:27:43.098+0000] {dagbag.py:588} INFO - Filling up the DagBag from /home/airflow/.local/lib/python3.12/site-packages/airflow/example_dags/example_task_group.py
[2025-04-05T05:27:43.106+0000] {processor.py:925} INFO - DAG(s) 'example_task_group' retrieved from /home/airflow/.local/lib/python3.12/site-packages/airflow/example_dags/example_task_group.py
[2025-04-05T05:27:43.124+0000] {logging_mixin.py:190} INFO - [2025-04-05T05:27:43.124+0000] {dag.py:3239} INFO - Sync 1 DAGs
[2025-04-05T05:27:43.135+0000] {logging_mixin.py:190} INFO - [2025-04-05T05:27:43.135+0000] {dag.py:4180} INFO - Setting next_dagrun for example_task_group to None, run_after=None
[2025-04-05T05:27:43.153+0000] {processor.py:208} INFO - Processing /home/airflow/.local/lib/python3.12/site-packages/airflow/example_dags/example_task_group.py took 0.062 seconds
