[2025-04-05T05:14:36.642+0000] {processor.py:186} INFO - Started process (PID=66) to work on /home/airflow/.local/lib/python3.12/site-packages/airflow/example_dags/example_subdag_operator.py
[2025-04-05T05:14:36.643+0000] {processor.py:914} INFO - Processing file /home/airflow/.local/lib/python3.12/site-packages/airflow/example_dags/example_subdag_operator.py for tasks to queue
[2025-04-05T05:14:36.645+0000] {logging_mixin.py:190} INFO - [2025-04-05T05:14:36.645+0000] {dagbag.py:588} INFO - Filling up the DagBag from /home/airflow/.local/lib/python3.12/site-packages/airflow/example_dags/example_subdag_operator.py
[2025-04-05T05:14:36.681+0000] {processor.py:925} INFO - DAG(s) 'example_subdag_operator.section-1', 'example_subdag_operator.section-2', 'example_subdag_operator' retrieved from /home/airflow/.local/lib/python3.12/site-packages/airflow/example_dags/example_subdag_operator.py
[2025-04-05T05:14:36.709+0000] {logging_mixin.py:190} INFO - [2025-04-05T05:14:36.709+0000] {dag.py:3239} INFO - Sync 3 DAGs
[2025-04-05T05:14:36.732+0000] {logging_mixin.py:190} INFO - [2025-04-05T05:14:36.732+0000] {dag.py:4180} INFO - Setting next_dagrun for example_subdag_operator to 2022-01-01 00:00:00+00:00, run_after=2022-01-01 00:00:00+00:00
[2025-04-05T05:14:36.736+0000] {logging_mixin.py:190} INFO - [2025-04-05T05:14:36.736+0000] {dag.py:4180} INFO - Setting next_dagrun for example_subdag_operator.section-1 to None, run_after=None
[2025-04-05T05:14:36.738+0000] {logging_mixin.py:190} INFO - [2025-04-05T05:14:36.738+0000] {dag.py:4180} INFO - Setting next_dagrun for example_subdag_operator.section-2 to None, run_after=None
[2025-04-05T05:14:36.745+0000] {logging_mixin.py:190} INFO - [2025-04-05T05:14:36.745+0000] {dag.py:3239} INFO - Sync 2 DAGs
[2025-04-05T05:14:36.751+0000] {logging_mixin.py:190} INFO - [2025-04-05T05:14:36.751+0000] {dag.py:4180} INFO - Setting next_dagrun for example_subdag_operator.section-1 to None, run_after=None
[2025-04-05T05:14:36.752+0000] {logging_mixin.py:190} INFO - [2025-04-05T05:14:36.752+0000] {dag.py:4180} INFO - Setting next_dagrun for example_subdag_operator.section-2 to None, run_after=None
[2025-04-05T05:14:36.765+0000] {processor.py:208} INFO - Processing /home/airflow/.local/lib/python3.12/site-packages/airflow/example_dags/example_subdag_operator.py took 0.129 seconds
[2025-04-05T05:15:07.475+0000] {processor.py:186} INFO - Started process (PID=129) to work on /home/airflow/.local/lib/python3.12/site-packages/airflow/example_dags/example_subdag_operator.py
[2025-04-05T05:15:07.476+0000] {processor.py:914} INFO - Processing file /home/airflow/.local/lib/python3.12/site-packages/airflow/example_dags/example_subdag_operator.py for tasks to queue
[2025-04-05T05:15:07.478+0000] {logging_mixin.py:190} INFO - [2025-04-05T05:15:07.478+0000] {dagbag.py:588} INFO - Filling up the DagBag from /home/airflow/.local/lib/python3.12/site-packages/airflow/example_dags/example_subdag_operator.py
[2025-04-05T05:15:07.501+0000] {processor.py:925} INFO - DAG(s) 'example_subdag_operator.section-1', 'example_subdag_operator.section-2', 'example_subdag_operator' retrieved from /home/airflow/.local/lib/python3.12/site-packages/airflow/example_dags/example_subdag_operator.py
[2025-04-05T05:15:07.513+0000] {logging_mixin.py:190} INFO - [2025-04-05T05:15:07.513+0000] {dag.py:3239} INFO - Sync 3 DAGs
[2025-04-05T05:15:07.532+0000] {logging_mixin.py:190} INFO - [2025-04-05T05:15:07.532+0000] {dag.py:4180} INFO - Setting next_dagrun for example_subdag_operator to 2022-01-01 00:00:00+00:00, run_after=2022-01-01 00:00:00+00:00
[2025-04-05T05:15:07.536+0000] {logging_mixin.py:190} INFO - [2025-04-05T05:15:07.536+0000] {dag.py:4180} INFO - Setting next_dagrun for example_subdag_operator.section-1 to None, run_after=None
[2025-04-05T05:15:07.538+0000] {logging_mixin.py:190} INFO - [2025-04-05T05:15:07.538+0000] {dag.py:4180} INFO - Setting next_dagrun for example_subdag_operator.section-2 to None, run_after=None
[2025-04-05T05:15:07.544+0000] {logging_mixin.py:190} INFO - [2025-04-05T05:15:07.544+0000] {dag.py:3239} INFO - Sync 2 DAGs
[2025-04-05T05:15:07.548+0000] {logging_mixin.py:190} INFO - [2025-04-05T05:15:07.548+0000] {dag.py:4180} INFO - Setting next_dagrun for example_subdag_operator.section-1 to None, run_after=None
[2025-04-05T05:15:07.550+0000] {logging_mixin.py:190} INFO - [2025-04-05T05:15:07.549+0000] {dag.py:4180} INFO - Setting next_dagrun for example_subdag_operator.section-2 to None, run_after=None
[2025-04-05T05:15:07.558+0000] {processor.py:208} INFO - Processing /home/airflow/.local/lib/python3.12/site-packages/airflow/example_dags/example_subdag_operator.py took 0.088 seconds
[2025-04-05T05:16:00.706+0000] {processor.py:186} INFO - Started process (PID=61) to work on /home/airflow/.local/lib/python3.12/site-packages/airflow/example_dags/example_subdag_operator.py
[2025-04-05T05:16:00.707+0000] {processor.py:914} INFO - Processing file /home/airflow/.local/lib/python3.12/site-packages/airflow/example_dags/example_subdag_operator.py for tasks to queue
[2025-04-05T05:16:00.718+0000] {logging_mixin.py:190} INFO - [2025-04-05T05:16:00.717+0000] {dagbag.py:588} INFO - Filling up the DagBag from /home/airflow/.local/lib/python3.12/site-packages/airflow/example_dags/example_subdag_operator.py
[2025-04-05T05:16:00.750+0000] {processor.py:925} INFO - DAG(s) 'example_subdag_operator.section-1', 'example_subdag_operator.section-2', 'example_subdag_operator' retrieved from /home/airflow/.local/lib/python3.12/site-packages/airflow/example_dags/example_subdag_operator.py
[2025-04-05T05:16:00.783+0000] {logging_mixin.py:190} INFO - [2025-04-05T05:16:00.783+0000] {dag.py:3239} INFO - Sync 3 DAGs
[2025-04-05T05:16:00.807+0000] {logging_mixin.py:190} INFO - [2025-04-05T05:16:00.807+0000] {dag.py:4180} INFO - Setting next_dagrun for example_subdag_operator to 2022-01-01 00:00:00+00:00, run_after=2022-01-01 00:00:00+00:00
[2025-04-05T05:16:00.812+0000] {logging_mixin.py:190} INFO - [2025-04-05T05:16:00.812+0000] {dag.py:4180} INFO - Setting next_dagrun for example_subdag_operator.section-1 to None, run_after=None
[2025-04-05T05:16:00.815+0000] {logging_mixin.py:190} INFO - [2025-04-05T05:16:00.814+0000] {dag.py:4180} INFO - Setting next_dagrun for example_subdag_operator.section-2 to None, run_after=None
[2025-04-05T05:16:00.826+0000] {logging_mixin.py:190} INFO - [2025-04-05T05:16:00.825+0000] {dag.py:3239} INFO - Sync 2 DAGs
[2025-04-05T05:16:00.836+0000] {logging_mixin.py:190} INFO - [2025-04-05T05:16:00.836+0000] {dag.py:4180} INFO - Setting next_dagrun for example_subdag_operator.section-1 to None, run_after=None
[2025-04-05T05:16:00.837+0000] {logging_mixin.py:190} INFO - [2025-04-05T05:16:00.837+0000] {dag.py:4180} INFO - Setting next_dagrun for example_subdag_operator.section-2 to None, run_after=None
[2025-04-05T05:16:00.856+0000] {processor.py:208} INFO - Processing /home/airflow/.local/lib/python3.12/site-packages/airflow/example_dags/example_subdag_operator.py took 0.162 seconds
[2025-04-05T05:16:31.204+0000] {processor.py:186} INFO - Started process (PID=125) to work on /home/airflow/.local/lib/python3.12/site-packages/airflow/example_dags/example_subdag_operator.py
[2025-04-05T05:16:31.205+0000] {processor.py:914} INFO - Processing file /home/airflow/.local/lib/python3.12/site-packages/airflow/example_dags/example_subdag_operator.py for tasks to queue
[2025-04-05T05:16:31.208+0000] {logging_mixin.py:190} INFO - [2025-04-05T05:16:31.208+0000] {dagbag.py:588} INFO - Filling up the DagBag from /home/airflow/.local/lib/python3.12/site-packages/airflow/example_dags/example_subdag_operator.py
[2025-04-05T05:16:31.234+0000] {processor.py:925} INFO - DAG(s) 'example_subdag_operator.section-1', 'example_subdag_operator.section-2', 'example_subdag_operator' retrieved from /home/airflow/.local/lib/python3.12/site-packages/airflow/example_dags/example_subdag_operator.py
[2025-04-05T05:16:31.254+0000] {logging_mixin.py:190} INFO - [2025-04-05T05:16:31.253+0000] {dag.py:3239} INFO - Sync 3 DAGs
[2025-04-05T05:16:31.278+0000] {logging_mixin.py:190} INFO - [2025-04-05T05:16:31.278+0000] {dag.py:4180} INFO - Setting next_dagrun for example_subdag_operator to 2022-01-01 00:00:00+00:00, run_after=2022-01-01 00:00:00+00:00
[2025-04-05T05:16:31.282+0000] {logging_mixin.py:190} INFO - [2025-04-05T05:16:31.282+0000] {dag.py:4180} INFO - Setting next_dagrun for example_subdag_operator.section-1 to None, run_after=None
[2025-04-05T05:16:31.284+0000] {logging_mixin.py:190} INFO - [2025-04-05T05:16:31.284+0000] {dag.py:4180} INFO - Setting next_dagrun for example_subdag_operator.section-2 to None, run_after=None
[2025-04-05T05:16:31.292+0000] {logging_mixin.py:190} INFO - [2025-04-05T05:16:31.291+0000] {dag.py:3239} INFO - Sync 2 DAGs
[2025-04-05T05:16:31.297+0000] {logging_mixin.py:190} INFO - [2025-04-05T05:16:31.297+0000] {dag.py:4180} INFO - Setting next_dagrun for example_subdag_operator.section-1 to None, run_after=None
[2025-04-05T05:16:31.298+0000] {logging_mixin.py:190} INFO - [2025-04-05T05:16:31.298+0000] {dag.py:4180} INFO - Setting next_dagrun for example_subdag_operator.section-2 to None, run_after=None
[2025-04-05T05:16:31.311+0000] {processor.py:208} INFO - Processing /home/airflow/.local/lib/python3.12/site-packages/airflow/example_dags/example_subdag_operator.py took 0.112 seconds
[2025-04-05T05:17:01.772+0000] {processor.py:186} INFO - Started process (PID=189) to work on /home/airflow/.local/lib/python3.12/site-packages/airflow/example_dags/example_subdag_operator.py
[2025-04-05T05:17:01.773+0000] {processor.py:914} INFO - Processing file /home/airflow/.local/lib/python3.12/site-packages/airflow/example_dags/example_subdag_operator.py for tasks to queue
[2025-04-05T05:17:01.775+0000] {logging_mixin.py:190} INFO - [2025-04-05T05:17:01.775+0000] {dagbag.py:588} INFO - Filling up the DagBag from /home/airflow/.local/lib/python3.12/site-packages/airflow/example_dags/example_subdag_operator.py
[2025-04-05T05:17:01.797+0000] {processor.py:925} INFO - DAG(s) 'example_subdag_operator.section-1', 'example_subdag_operator.section-2', 'example_subdag_operator' retrieved from /home/airflow/.local/lib/python3.12/site-packages/airflow/example_dags/example_subdag_operator.py
[2025-04-05T05:17:01.810+0000] {logging_mixin.py:190} INFO - [2025-04-05T05:17:01.810+0000] {dag.py:3239} INFO - Sync 3 DAGs
[2025-04-05T05:17:01.829+0000] {logging_mixin.py:190} INFO - [2025-04-05T05:17:01.829+0000] {dag.py:4180} INFO - Setting next_dagrun for example_subdag_operator to 2022-01-01 00:00:00+00:00, run_after=2022-01-01 00:00:00+00:00
[2025-04-05T05:17:01.833+0000] {logging_mixin.py:190} INFO - [2025-04-05T05:17:01.832+0000] {dag.py:4180} INFO - Setting next_dagrun for example_subdag_operator.section-1 to None, run_after=None
[2025-04-05T05:17:01.834+0000] {logging_mixin.py:190} INFO - [2025-04-05T05:17:01.834+0000] {dag.py:4180} INFO - Setting next_dagrun for example_subdag_operator.section-2 to None, run_after=None
[2025-04-05T05:17:01.840+0000] {logging_mixin.py:190} INFO - [2025-04-05T05:17:01.840+0000] {dag.py:3239} INFO - Sync 2 DAGs
[2025-04-05T05:17:01.845+0000] {logging_mixin.py:190} INFO - [2025-04-05T05:17:01.845+0000] {dag.py:4180} INFO - Setting next_dagrun for example_subdag_operator.section-1 to None, run_after=None
[2025-04-05T05:17:01.846+0000] {logging_mixin.py:190} INFO - [2025-04-05T05:17:01.846+0000] {dag.py:4180} INFO - Setting next_dagrun for example_subdag_operator.section-2 to None, run_after=None
[2025-04-05T05:17:01.858+0000] {processor.py:208} INFO - Processing /home/airflow/.local/lib/python3.12/site-packages/airflow/example_dags/example_subdag_operator.py took 0.090 seconds
[2025-04-05T05:27:40.921+0000] {processor.py:186} INFO - Started process (PID=1539) to work on /home/airflow/.local/lib/python3.12/site-packages/airflow/example_dags/example_subdag_operator.py
[2025-04-05T05:27:40.922+0000] {processor.py:914} INFO - Processing file /home/airflow/.local/lib/python3.12/site-packages/airflow/example_dags/example_subdag_operator.py for tasks to queue
[2025-04-05T05:27:40.923+0000] {logging_mixin.py:190} INFO - [2025-04-05T05:27:40.923+0000] {dagbag.py:588} INFO - Filling up the DagBag from /home/airflow/.local/lib/python3.12/site-packages/airflow/example_dags/example_subdag_operator.py
[2025-04-05T05:27:40.943+0000] {processor.py:925} INFO - DAG(s) 'example_subdag_operator.section-1', 'example_subdag_operator.section-2', 'example_subdag_operator' retrieved from /home/airflow/.local/lib/python3.12/site-packages/airflow/example_dags/example_subdag_operator.py
[2025-04-05T05:27:40.954+0000] {logging_mixin.py:190} INFO - [2025-04-05T05:27:40.953+0000] {dag.py:3239} INFO - Sync 3 DAGs
[2025-04-05T05:27:40.970+0000] {logging_mixin.py:190} INFO - [2025-04-05T05:27:40.969+0000] {dag.py:4180} INFO - Setting next_dagrun for example_subdag_operator to 2022-01-01 00:00:00+00:00, run_after=2022-01-01 00:00:00+00:00
[2025-04-05T05:27:40.973+0000] {logging_mixin.py:190} INFO - [2025-04-05T05:27:40.973+0000] {dag.py:4180} INFO - Setting next_dagrun for example_subdag_operator.section-1 to None, run_after=None
[2025-04-05T05:27:40.975+0000] {logging_mixin.py:190} INFO - [2025-04-05T05:27:40.975+0000] {dag.py:4180} INFO - Setting next_dagrun for example_subdag_operator.section-2 to None, run_after=None
[2025-04-05T05:27:40.980+0000] {logging_mixin.py:190} INFO - [2025-04-05T05:27:40.980+0000] {dag.py:3239} INFO - Sync 2 DAGs
[2025-04-05T05:27:40.985+0000] {logging_mixin.py:190} INFO - [2025-04-05T05:27:40.985+0000] {dag.py:4180} INFO - Setting next_dagrun for example_subdag_operator.section-1 to None, run_after=None
[2025-04-05T05:27:40.986+0000] {logging_mixin.py:190} INFO - [2025-04-05T05:27:40.986+0000] {dag.py:4180} INFO - Setting next_dagrun for example_subdag_operator.section-2 to None, run_after=None
[2025-04-05T05:27:40.996+0000] {processor.py:208} INFO - Processing /home/airflow/.local/lib/python3.12/site-packages/airflow/example_dags/example_subdag_operator.py took 0.079 seconds
[2025-04-05T05:28:11.271+0000] {processor.py:186} INFO - Started process (PID=1602) to work on /home/airflow/.local/lib/python3.12/site-packages/airflow/example_dags/example_subdag_operator.py
[2025-04-05T05:28:11.272+0000] {processor.py:914} INFO - Processing file /home/airflow/.local/lib/python3.12/site-packages/airflow/example_dags/example_subdag_operator.py for tasks to queue
[2025-04-05T05:28:11.273+0000] {logging_mixin.py:190} INFO - [2025-04-05T05:28:11.273+0000] {dagbag.py:588} INFO - Filling up the DagBag from /home/airflow/.local/lib/python3.12/site-packages/airflow/example_dags/example_subdag_operator.py
[2025-04-05T05:28:11.294+0000] {processor.py:925} INFO - DAG(s) 'example_subdag_operator.section-1', 'example_subdag_operator.section-2', 'example_subdag_operator' retrieved from /home/airflow/.local/lib/python3.12/site-packages/airflow/example_dags/example_subdag_operator.py
[2025-04-05T05:28:11.306+0000] {logging_mixin.py:190} INFO - [2025-04-05T05:28:11.306+0000] {dag.py:3239} INFO - Sync 3 DAGs
[2025-04-05T05:28:11.324+0000] {logging_mixin.py:190} INFO - [2025-04-05T05:28:11.324+0000] {dag.py:4180} INFO - Setting next_dagrun for example_subdag_operator to 2022-01-01 00:00:00+00:00, run_after=2022-01-01 00:00:00+00:00
[2025-04-05T05:28:11.327+0000] {logging_mixin.py:190} INFO - [2025-04-05T05:28:11.327+0000] {dag.py:4180} INFO - Setting next_dagrun for example_subdag_operator.section-1 to None, run_after=None
[2025-04-05T05:28:11.329+0000] {logging_mixin.py:190} INFO - [2025-04-05T05:28:11.329+0000] {dag.py:4180} INFO - Setting next_dagrun for example_subdag_operator.section-2 to None, run_after=None
[2025-04-05T05:28:11.334+0000] {logging_mixin.py:190} INFO - [2025-04-05T05:28:11.334+0000] {dag.py:3239} INFO - Sync 2 DAGs
[2025-04-05T05:28:11.339+0000] {logging_mixin.py:190} INFO - [2025-04-05T05:28:11.339+0000] {dag.py:4180} INFO - Setting next_dagrun for example_subdag_operator.section-1 to None, run_after=None
[2025-04-05T05:28:11.340+0000] {logging_mixin.py:190} INFO - [2025-04-05T05:28:11.340+0000] {dag.py:4180} INFO - Setting next_dagrun for example_subdag_operator.section-2 to None, run_after=None
[2025-04-05T05:28:11.351+0000] {processor.py:208} INFO - Processing /home/airflow/.local/lib/python3.12/site-packages/airflow/example_dags/example_subdag_operator.py took 0.084 seconds
