[2025-04-05T05:14:39.431+0000] {processor.py:186} INFO - Started process (PID=98) to work on /home/airflow/.local/lib/python3.12/site-packages/airflow/example_dags/example_bash_decorator.py
[2025-04-05T05:14:39.432+0000] {processor.py:914} INFO - Processing file /home/airflow/.local/lib/python3.12/site-packages/airflow/example_dags/example_bash_decorator.py for tasks to queue
[2025-04-05T05:14:39.434+0000] {logging_mixin.py:190} INFO - [2025-04-05T05:14:39.434+0000] {dagbag.py:588} INFO - Filling up the DagBag from /home/airflow/.local/lib/python3.12/site-packages/airflow/example_dags/example_bash_decorator.py
[2025-04-05T05:14:39.451+0000] {processor.py:925} INFO - DAG(s) 'example_bash_decorator' retrieved from /home/airflow/.local/lib/python3.12/site-packages/airflow/example_dags/example_bash_decorator.py
[2025-04-05T05:14:39.562+0000] {logging_mixin.py:190} INFO - [2025-04-05T05:14:39.561+0000] {dag.py:3239} INFO - Sync 1 DAGs
[2025-04-05T05:14:39.573+0000] {logging_mixin.py:190} INFO - [2025-04-05T05:14:39.573+0000] {dag.py:4180} INFO - Setting next_dagrun for example_bash_decorator to None, run_after=None
[2025-04-05T05:14:39.590+0000] {processor.py:208} INFO - Processing /home/airflow/.local/lib/python3.12/site-packages/airflow/example_dags/example_bash_decorator.py took 0.164 seconds
[2025-04-05T05:15:10.341+0000] {processor.py:186} INFO - Started process (PID=162) to work on /home/airflow/.local/lib/python3.12/site-packages/airflow/example_dags/example_bash_decorator.py
[2025-04-05T05:15:10.342+0000] {processor.py:914} INFO - Processing file /home/airflow/.local/lib/python3.12/site-packages/airflow/example_dags/example_bash_decorator.py for tasks to queue
[2025-04-05T05:15:10.344+0000] {logging_mixin.py:190} INFO - [2025-04-05T05:15:10.344+0000] {dagbag.py:588} INFO - Filling up the DagBag from /home/airflow/.local/lib/python3.12/site-packages/airflow/example_dags/example_bash_decorator.py
[2025-04-05T05:15:10.355+0000] {processor.py:925} INFO - DAG(s) 'example_bash_decorator' retrieved from /home/airflow/.local/lib/python3.12/site-packages/airflow/example_dags/example_bash_decorator.py
[2025-04-05T05:15:10.372+0000] {logging_mixin.py:190} INFO - [2025-04-05T05:15:10.372+0000] {dag.py:3239} INFO - Sync 1 DAGs
[2025-04-05T05:15:10.383+0000] {logging_mixin.py:190} INFO - [2025-04-05T05:15:10.383+0000] {dag.py:4180} INFO - Setting next_dagrun for example_bash_decorator to None, run_after=None
[2025-04-05T05:15:10.402+0000] {processor.py:208} INFO - Processing /home/airflow/.local/lib/python3.12/site-packages/airflow/example_dags/example_bash_decorator.py took 0.065 seconds
[2025-04-05T05:16:03.049+0000] {processor.py:186} INFO - Started process (PID=93) to work on /home/airflow/.local/lib/python3.12/site-packages/airflow/example_dags/example_bash_decorator.py
[2025-04-05T05:16:03.050+0000] {processor.py:914} INFO - Processing file /home/airflow/.local/lib/python3.12/site-packages/airflow/example_dags/example_bash_decorator.py for tasks to queue
[2025-04-05T05:16:03.054+0000] {logging_mixin.py:190} INFO - [2025-04-05T05:16:03.053+0000] {dagbag.py:588} INFO - Filling up the DagBag from /home/airflow/.local/lib/python3.12/site-packages/airflow/example_dags/example_bash_decorator.py
[2025-04-05T05:16:03.068+0000] {processor.py:925} INFO - DAG(s) 'example_bash_decorator' retrieved from /home/airflow/.local/lib/python3.12/site-packages/airflow/example_dags/example_bash_decorator.py
[2025-04-05T05:16:03.168+0000] {logging_mixin.py:190} INFO - [2025-04-05T05:16:03.168+0000] {dag.py:3239} INFO - Sync 1 DAGs
[2025-04-05T05:16:03.181+0000] {logging_mixin.py:190} INFO - [2025-04-05T05:16:03.181+0000] {dag.py:4180} INFO - Setting next_dagrun for example_bash_decorator to None, run_after=None
[2025-04-05T05:16:03.201+0000] {processor.py:208} INFO - Processing /home/airflow/.local/lib/python3.12/site-packages/airflow/example_dags/example_bash_decorator.py took 0.158 seconds
[2025-04-05T05:16:33.780+0000] {processor.py:186} INFO - Started process (PID=157) to work on /home/airflow/.local/lib/python3.12/site-packages/airflow/example_dags/example_bash_decorator.py
[2025-04-05T05:16:33.781+0000] {processor.py:914} INFO - Processing file /home/airflow/.local/lib/python3.12/site-packages/airflow/example_dags/example_bash_decorator.py for tasks to queue
[2025-04-05T05:16:33.783+0000] {logging_mixin.py:190} INFO - [2025-04-05T05:16:33.783+0000] {dagbag.py:588} INFO - Filling up the DagBag from /home/airflow/.local/lib/python3.12/site-packages/airflow/example_dags/example_bash_decorator.py
[2025-04-05T05:16:33.795+0000] {processor.py:925} INFO - DAG(s) 'example_bash_decorator' retrieved from /home/airflow/.local/lib/python3.12/site-packages/airflow/example_dags/example_bash_decorator.py
[2025-04-05T05:16:33.813+0000] {logging_mixin.py:190} INFO - [2025-04-05T05:16:33.813+0000] {dag.py:3239} INFO - Sync 1 DAGs
[2025-04-05T05:16:33.824+0000] {logging_mixin.py:190} INFO - [2025-04-05T05:16:33.824+0000] {dag.py:4180} INFO - Setting next_dagrun for example_bash_decorator to None, run_after=None
[2025-04-05T05:16:33.837+0000] {processor.py:208} INFO - Processing /home/airflow/.local/lib/python3.12/site-packages/airflow/example_dags/example_bash_decorator.py took 0.062 seconds
[2025-04-05T05:17:04.268+0000] {processor.py:186} INFO - Started process (PID=221) to work on /home/airflow/.local/lib/python3.12/site-packages/airflow/example_dags/example_bash_decorator.py
[2025-04-05T05:17:04.269+0000] {processor.py:914} INFO - Processing file /home/airflow/.local/lib/python3.12/site-packages/airflow/example_dags/example_bash_decorator.py for tasks to queue
[2025-04-05T05:17:04.271+0000] {logging_mixin.py:190} INFO - [2025-04-05T05:17:04.271+0000] {dagbag.py:588} INFO - Filling up the DagBag from /home/airflow/.local/lib/python3.12/site-packages/airflow/example_dags/example_bash_decorator.py
[2025-04-05T05:17:04.283+0000] {processor.py:925} INFO - DAG(s) 'example_bash_decorator' retrieved from /home/airflow/.local/lib/python3.12/site-packages/airflow/example_dags/example_bash_decorator.py
[2025-04-05T05:17:04.301+0000] {logging_mixin.py:190} INFO - [2025-04-05T05:17:04.301+0000] {dag.py:3239} INFO - Sync 1 DAGs
[2025-04-05T05:17:04.312+0000] {logging_mixin.py:190} INFO - [2025-04-05T05:17:04.312+0000] {dag.py:4180} INFO - Setting next_dagrun for example_bash_decorator to None, run_after=None
[2025-04-05T05:17:04.325+0000] {processor.py:208} INFO - Processing /home/airflow/.local/lib/python3.12/site-packages/airflow/example_dags/example_bash_decorator.py took 0.062 seconds
[2025-04-05T05:27:13.202+0000] {processor.py:186} INFO - Started process (PID=1501) to work on /home/airflow/.local/lib/python3.12/site-packages/airflow/example_dags/example_bash_decorator.py
[2025-04-05T05:27:13.203+0000] {processor.py:914} INFO - Processing file /home/airflow/.local/lib/python3.12/site-packages/airflow/example_dags/example_bash_decorator.py for tasks to queue
[2025-04-05T05:27:13.205+0000] {logging_mixin.py:190} INFO - [2025-04-05T05:27:13.204+0000] {dagbag.py:588} INFO - Filling up the DagBag from /home/airflow/.local/lib/python3.12/site-packages/airflow/example_dags/example_bash_decorator.py
[2025-04-05T05:27:13.217+0000] {processor.py:925} INFO - DAG(s) 'example_bash_decorator' retrieved from /home/airflow/.local/lib/python3.12/site-packages/airflow/example_dags/example_bash_decorator.py
[2025-04-05T05:27:13.238+0000] {logging_mixin.py:190} INFO - [2025-04-05T05:27:13.238+0000] {dag.py:3239} INFO - Sync 1 DAGs
[2025-04-05T05:27:13.252+0000] {logging_mixin.py:190} INFO - [2025-04-05T05:27:13.252+0000] {dag.py:4180} INFO - Setting next_dagrun for example_bash_decorator to None, run_after=None
[2025-04-05T05:27:13.271+0000] {processor.py:208} INFO - Processing /home/airflow/.local/lib/python3.12/site-packages/airflow/example_dags/example_bash_decorator.py took 0.074 seconds
[2025-04-05T05:27:43.523+0000] {processor.py:186} INFO - Started process (PID=1564) to work on /home/airflow/.local/lib/python3.12/site-packages/airflow/example_dags/example_bash_decorator.py
[2025-04-05T05:27:43.524+0000] {processor.py:914} INFO - Processing file /home/airflow/.local/lib/python3.12/site-packages/airflow/example_dags/example_bash_decorator.py for tasks to queue
[2025-04-05T05:27:43.525+0000] {logging_mixin.py:190} INFO - [2025-04-05T05:27:43.525+0000] {dagbag.py:588} INFO - Filling up the DagBag from /home/airflow/.local/lib/python3.12/site-packages/airflow/example_dags/example_bash_decorator.py
[2025-04-05T05:27:43.536+0000] {processor.py:925} INFO - DAG(s) 'example_bash_decorator' retrieved from /home/airflow/.local/lib/python3.12/site-packages/airflow/example_dags/example_bash_decorator.py
[2025-04-05T05:27:43.553+0000] {logging_mixin.py:190} INFO - [2025-04-05T05:27:43.553+0000] {dag.py:3239} INFO - Sync 1 DAGs
[2025-04-05T05:27:43.564+0000] {logging_mixin.py:190} INFO - [2025-04-05T05:27:43.564+0000] {dag.py:4180} INFO - Setting next_dagrun for example_bash_decorator to None, run_after=None
[2025-04-05T05:27:43.581+0000] {processor.py:208} INFO - Processing /home/airflow/.local/lib/python3.12/site-packages/airflow/example_dags/example_bash_decorator.py took 0.063 seconds
