[2025-04-05T05:14:38.420+0000] {processor.py:186} INFO - Started process (PID=80) to work on /home/airflow/.local/lib/python3.12/site-packages/airflow/example_dags/example_latest_only.py
[2025-04-05T05:14:38.421+0000] {processor.py:914} INFO - Processing file /home/airflow/.local/lib/python3.12/site-packages/airflow/example_dags/example_latest_only.py for tasks to queue
[2025-04-05T05:14:38.423+0000] {logging_mixin.py:190} INFO - [2025-04-05T05:14:38.423+0000] {dagbag.py:588} INFO - Filling up the DagBag from /home/airflow/.local/lib/python3.12/site-packages/airflow/example_dags/example_latest_only.py
[2025-04-05T05:14:38.439+0000] {processor.py:925} INFO - DAG(s) 'latest_only' retrieved from /home/airflow/.local/lib/python3.12/site-packages/airflow/example_dags/example_latest_only.py
[2025-04-05T05:14:38.467+0000] {logging_mixin.py:190} INFO - [2025-04-05T05:14:38.467+0000] {dag.py:3239} INFO - Sync 1 DAGs
[2025-04-05T05:14:38.490+0000] {logging_mixin.py:190} INFO - [2025-04-05T05:14:38.490+0000] {dag.py:4180} INFO - Setting next_dagrun for latest_only to 2025-04-05 00:00:00+00:00, run_after=2025-04-05 04:00:00+00:00
[2025-04-05T05:14:38.516+0000] {processor.py:208} INFO - Processing /home/airflow/.local/lib/python3.12/site-packages/airflow/example_dags/example_latest_only.py took 0.102 seconds
[2025-04-05T05:15:09.433+0000] {processor.py:186} INFO - Started process (PID=150) to work on /home/airflow/.local/lib/python3.12/site-packages/airflow/example_dags/example_latest_only.py
[2025-04-05T05:15:09.434+0000] {processor.py:914} INFO - Processing file /home/airflow/.local/lib/python3.12/site-packages/airflow/example_dags/example_latest_only.py for tasks to queue
[2025-04-05T05:15:09.436+0000] {logging_mixin.py:190} INFO - [2025-04-05T05:15:09.435+0000] {dagbag.py:588} INFO - Filling up the DagBag from /home/airflow/.local/lib/python3.12/site-packages/airflow/example_dags/example_latest_only.py
[2025-04-05T05:15:09.441+0000] {processor.py:925} INFO - DAG(s) 'latest_only' retrieved from /home/airflow/.local/lib/python3.12/site-packages/airflow/example_dags/example_latest_only.py
[2025-04-05T05:15:09.457+0000] {logging_mixin.py:190} INFO - [2025-04-05T05:15:09.457+0000] {dag.py:3239} INFO - Sync 1 DAGs
[2025-04-05T05:15:09.476+0000] {logging_mixin.py:190} INFO - [2025-04-05T05:15:09.476+0000] {dag.py:4180} INFO - Setting next_dagrun for latest_only to 2025-04-05 00:00:00+00:00, run_after=2025-04-05 04:00:00+00:00
[2025-04-05T05:15:09.492+0000] {processor.py:208} INFO - Processing /home/airflow/.local/lib/python3.12/site-packages/airflow/example_dags/example_latest_only.py took 0.064 seconds
[2025-04-05T05:16:02.168+0000] {processor.py:186} INFO - Started process (PID=75) to work on /home/airflow/.local/lib/python3.12/site-packages/airflow/example_dags/example_latest_only.py
[2025-04-05T05:16:02.169+0000] {processor.py:914} INFO - Processing file /home/airflow/.local/lib/python3.12/site-packages/airflow/example_dags/example_latest_only.py for tasks to queue
[2025-04-05T05:16:02.172+0000] {logging_mixin.py:190} INFO - [2025-04-05T05:16:02.171+0000] {dagbag.py:588} INFO - Filling up the DagBag from /home/airflow/.local/lib/python3.12/site-packages/airflow/example_dags/example_latest_only.py
[2025-04-05T05:16:02.178+0000] {processor.py:925} INFO - DAG(s) 'latest_only' retrieved from /home/airflow/.local/lib/python3.12/site-packages/airflow/example_dags/example_latest_only.py
[2025-04-05T05:16:02.201+0000] {logging_mixin.py:190} INFO - [2025-04-05T05:16:02.200+0000] {dag.py:3239} INFO - Sync 1 DAGs
[2025-04-05T05:16:02.221+0000] {logging_mixin.py:190} INFO - [2025-04-05T05:16:02.221+0000] {dag.py:4180} INFO - Setting next_dagrun for latest_only to 2025-04-05 00:00:00+00:00, run_after=2025-04-05 04:00:00+00:00
[2025-04-05T05:16:02.240+0000] {processor.py:208} INFO - Processing /home/airflow/.local/lib/python3.12/site-packages/airflow/example_dags/example_latest_only.py took 0.076 seconds
[2025-04-05T05:16:33.118+0000] {processor.py:186} INFO - Started process (PID=145) to work on /home/airflow/.local/lib/python3.12/site-packages/airflow/example_dags/example_latest_only.py
[2025-04-05T05:16:33.119+0000] {processor.py:914} INFO - Processing file /home/airflow/.local/lib/python3.12/site-packages/airflow/example_dags/example_latest_only.py for tasks to queue
[2025-04-05T05:16:33.121+0000] {logging_mixin.py:190} INFO - [2025-04-05T05:16:33.121+0000] {dagbag.py:588} INFO - Filling up the DagBag from /home/airflow/.local/lib/python3.12/site-packages/airflow/example_dags/example_latest_only.py
[2025-04-05T05:16:33.127+0000] {processor.py:925} INFO - DAG(s) 'latest_only' retrieved from /home/airflow/.local/lib/python3.12/site-packages/airflow/example_dags/example_latest_only.py
[2025-04-05T05:16:33.143+0000] {logging_mixin.py:190} INFO - [2025-04-05T05:16:33.142+0000] {dag.py:3239} INFO - Sync 1 DAGs
[2025-04-05T05:16:33.164+0000] {logging_mixin.py:190} INFO - [2025-04-05T05:16:33.164+0000] {dag.py:4180} INFO - Setting next_dagrun for latest_only to 2025-04-05 00:00:00+00:00, run_after=2025-04-05 04:00:00+00:00
[2025-04-05T05:16:33.183+0000] {processor.py:208} INFO - Processing /home/airflow/.local/lib/python3.12/site-packages/airflow/example_dags/example_latest_only.py took 0.070 seconds
[2025-04-05T05:17:03.725+0000] {processor.py:186} INFO - Started process (PID=209) to work on /home/airflow/.local/lib/python3.12/site-packages/airflow/example_dags/example_latest_only.py
[2025-04-05T05:17:03.726+0000] {processor.py:914} INFO - Processing file /home/airflow/.local/lib/python3.12/site-packages/airflow/example_dags/example_latest_only.py for tasks to queue
[2025-04-05T05:17:03.728+0000] {logging_mixin.py:190} INFO - [2025-04-05T05:17:03.728+0000] {dagbag.py:588} INFO - Filling up the DagBag from /home/airflow/.local/lib/python3.12/site-packages/airflow/example_dags/example_latest_only.py
[2025-04-05T05:17:03.734+0000] {processor.py:925} INFO - DAG(s) 'latest_only' retrieved from /home/airflow/.local/lib/python3.12/site-packages/airflow/example_dags/example_latest_only.py
[2025-04-05T05:17:03.749+0000] {logging_mixin.py:190} INFO - [2025-04-05T05:17:03.749+0000] {dag.py:3239} INFO - Sync 1 DAGs
[2025-04-05T05:17:03.767+0000] {logging_mixin.py:190} INFO - [2025-04-05T05:17:03.767+0000] {dag.py:4180} INFO - Setting next_dagrun for latest_only to 2025-04-05 00:00:00+00:00, run_after=2025-04-05 04:00:00+00:00
[2025-04-05T05:17:03.781+0000] {processor.py:208} INFO - Processing /home/airflow/.local/lib/python3.12/site-packages/airflow/example_dags/example_latest_only.py took 0.061 seconds
[2025-04-05T05:27:12.484+0000] {processor.py:186} INFO - Started process (PID=1489) to work on /home/airflow/.local/lib/python3.12/site-packages/airflow/example_dags/example_latest_only.py
[2025-04-05T05:27:12.485+0000] {processor.py:914} INFO - Processing file /home/airflow/.local/lib/python3.12/site-packages/airflow/example_dags/example_latest_only.py for tasks to queue
[2025-04-05T05:27:12.486+0000] {logging_mixin.py:190} INFO - [2025-04-05T05:27:12.486+0000] {dagbag.py:588} INFO - Filling up the DagBag from /home/airflow/.local/lib/python3.12/site-packages/airflow/example_dags/example_latest_only.py
[2025-04-05T05:27:12.493+0000] {processor.py:925} INFO - DAG(s) 'latest_only' retrieved from /home/airflow/.local/lib/python3.12/site-packages/airflow/example_dags/example_latest_only.py
[2025-04-05T05:27:12.511+0000] {logging_mixin.py:190} INFO - [2025-04-05T05:27:12.511+0000] {dag.py:3239} INFO - Sync 1 DAGs
[2025-04-05T05:27:12.537+0000] {logging_mixin.py:190} INFO - [2025-04-05T05:27:12.537+0000] {dag.py:4180} INFO - Setting next_dagrun for latest_only to 2025-04-05 00:00:00+00:00, run_after=2025-04-05 04:00:00+00:00
[2025-04-05T05:27:12.556+0000] {processor.py:208} INFO - Processing /home/airflow/.local/lib/python3.12/site-packages/airflow/example_dags/example_latest_only.py took 0.077 seconds
[2025-04-05T05:27:42.796+0000] {processor.py:186} INFO - Started process (PID=1552) to work on /home/airflow/.local/lib/python3.12/site-packages/airflow/example_dags/example_latest_only.py
[2025-04-05T05:27:42.797+0000] {processor.py:914} INFO - Processing file /home/airflow/.local/lib/python3.12/site-packages/airflow/example_dags/example_latest_only.py for tasks to queue
[2025-04-05T05:27:42.798+0000] {logging_mixin.py:190} INFO - [2025-04-05T05:27:42.798+0000] {dagbag.py:588} INFO - Filling up the DagBag from /home/airflow/.local/lib/python3.12/site-packages/airflow/example_dags/example_latest_only.py
[2025-04-05T05:27:42.805+0000] {processor.py:925} INFO - DAG(s) 'latest_only' retrieved from /home/airflow/.local/lib/python3.12/site-packages/airflow/example_dags/example_latest_only.py
[2025-04-05T05:27:42.819+0000] {logging_mixin.py:190} INFO - [2025-04-05T05:27:42.819+0000] {dag.py:3239} INFO - Sync 1 DAGs
[2025-04-05T05:27:42.835+0000] {logging_mixin.py:190} INFO - [2025-04-05T05:27:42.835+0000] {dag.py:4180} INFO - Setting next_dagrun for latest_only to 2025-04-05 00:00:00+00:00, run_after=2025-04-05 04:00:00+00:00
[2025-04-05T05:27:42.851+0000] {processor.py:208} INFO - Processing /home/airflow/.local/lib/python3.12/site-packages/airflow/example_dags/example_latest_only.py took 0.059 seconds
