[2025-04-05T05:14:38.932+0000] {processor.py:186} INFO - Started process (PID=91) to work on /home/airflow/.local/lib/python3.12/site-packages/airflow/example_dags/example_bash_operator.py
[2025-04-05T05:14:38.933+0000] {processor.py:914} INFO - Processing file /home/airflow/.local/lib/python3.12/site-packages/airflow/example_dags/example_bash_operator.py for tasks to queue
[2025-04-05T05:14:38.935+0000] {logging_mixin.py:190} INFO - [2025-04-05T05:14:38.935+0000] {dagbag.py:588} INFO - Filling up the DagBag from /home/airflow/.local/lib/python3.12/site-packages/airflow/example_dags/example_bash_operator.py
[2025-04-05T05:14:38.947+0000] {processor.py:925} INFO - DAG(s) 'example_bash_operator' retrieved from /home/airflow/.local/lib/python3.12/site-packages/airflow/example_dags/example_bash_operator.py
[2025-04-05T05:14:38.980+0000] {logging_mixin.py:190} INFO - [2025-04-05T05:14:38.979+0000] {dag.py:3239} INFO - Sync 1 DAGs
[2025-04-05T05:14:39.001+0000] {logging_mixin.py:190} INFO - [2025-04-05T05:14:39.001+0000] {dag.py:4180} INFO - Setting next_dagrun for example_bash_operator to 2025-04-04 00:00:00+00:00, run_after=2025-04-05 00:00:00+00:00
[2025-04-05T05:14:39.018+0000] {processor.py:208} INFO - Processing /home/airflow/.local/lib/python3.12/site-packages/airflow/example_dags/example_bash_operator.py took 0.090 seconds
[2025-04-05T05:15:09.947+0000] {processor.py:186} INFO - Started process (PID=155) to work on /home/airflow/.local/lib/python3.12/site-packages/airflow/example_dags/example_bash_operator.py
[2025-04-05T05:15:09.948+0000] {processor.py:914} INFO - Processing file /home/airflow/.local/lib/python3.12/site-packages/airflow/example_dags/example_bash_operator.py for tasks to queue
[2025-04-05T05:15:09.951+0000] {logging_mixin.py:190} INFO - [2025-04-05T05:15:09.950+0000] {dagbag.py:588} INFO - Filling up the DagBag from /home/airflow/.local/lib/python3.12/site-packages/airflow/example_dags/example_bash_operator.py
[2025-04-05T05:15:09.963+0000] {processor.py:925} INFO - DAG(s) 'example_bash_operator' retrieved from /home/airflow/.local/lib/python3.12/site-packages/airflow/example_dags/example_bash_operator.py
[2025-04-05T05:15:09.987+0000] {logging_mixin.py:190} INFO - [2025-04-05T05:15:09.987+0000] {dag.py:3239} INFO - Sync 1 DAGs
[2025-04-05T05:15:10.009+0000] {logging_mixin.py:190} INFO - [2025-04-05T05:15:10.009+0000] {dag.py:4180} INFO - Setting next_dagrun for example_bash_operator to 2025-04-04 00:00:00+00:00, run_after=2025-04-05 00:00:00+00:00
[2025-04-05T05:15:10.024+0000] {processor.py:208} INFO - Processing /home/airflow/.local/lib/python3.12/site-packages/airflow/example_dags/example_bash_operator.py took 0.083 seconds
[2025-04-05T05:16:02.550+0000] {processor.py:186} INFO - Started process (PID=86) to work on /home/airflow/.local/lib/python3.12/site-packages/airflow/example_dags/example_bash_operator.py
[2025-04-05T05:16:02.552+0000] {processor.py:914} INFO - Processing file /home/airflow/.local/lib/python3.12/site-packages/airflow/example_dags/example_bash_operator.py for tasks to queue
[2025-04-05T05:16:02.554+0000] {logging_mixin.py:190} INFO - [2025-04-05T05:16:02.554+0000] {dagbag.py:588} INFO - Filling up the DagBag from /home/airflow/.local/lib/python3.12/site-packages/airflow/example_dags/example_bash_operator.py
[2025-04-05T05:16:02.568+0000] {processor.py:925} INFO - DAG(s) 'example_bash_operator' retrieved from /home/airflow/.local/lib/python3.12/site-packages/airflow/example_dags/example_bash_operator.py
[2025-04-05T05:16:02.601+0000] {logging_mixin.py:190} INFO - [2025-04-05T05:16:02.601+0000] {dag.py:3239} INFO - Sync 1 DAGs
[2025-04-05T05:16:02.622+0000] {logging_mixin.py:190} INFO - [2025-04-05T05:16:02.622+0000] {dag.py:4180} INFO - Setting next_dagrun for example_bash_operator to 2025-04-04 00:00:00+00:00, run_after=2025-04-05 00:00:00+00:00
[2025-04-05T05:16:02.639+0000] {processor.py:208} INFO - Processing /home/airflow/.local/lib/python3.12/site-packages/airflow/example_dags/example_bash_operator.py took 0.096 seconds
[2025-04-05T05:16:33.423+0000] {processor.py:186} INFO - Started process (PID=150) to work on /home/airflow/.local/lib/python3.12/site-packages/airflow/example_dags/example_bash_operator.py
[2025-04-05T05:16:33.424+0000] {processor.py:914} INFO - Processing file /home/airflow/.local/lib/python3.12/site-packages/airflow/example_dags/example_bash_operator.py for tasks to queue
[2025-04-05T05:16:33.428+0000] {logging_mixin.py:190} INFO - [2025-04-05T05:16:33.427+0000] {dagbag.py:588} INFO - Filling up the DagBag from /home/airflow/.local/lib/python3.12/site-packages/airflow/example_dags/example_bash_operator.py
[2025-04-05T05:16:33.445+0000] {processor.py:925} INFO - DAG(s) 'example_bash_operator' retrieved from /home/airflow/.local/lib/python3.12/site-packages/airflow/example_dags/example_bash_operator.py
[2025-04-05T05:16:33.473+0000] {logging_mixin.py:190} INFO - [2025-04-05T05:16:33.473+0000] {dag.py:3239} INFO - Sync 1 DAGs
[2025-04-05T05:16:33.494+0000] {logging_mixin.py:190} INFO - [2025-04-05T05:16:33.494+0000] {dag.py:4180} INFO - Setting next_dagrun for example_bash_operator to 2025-04-04 00:00:00+00:00, run_after=2025-04-05 00:00:00+00:00
[2025-04-05T05:16:33.514+0000] {processor.py:208} INFO - Processing /home/airflow/.local/lib/python3.12/site-packages/airflow/example_dags/example_bash_operator.py took 0.099 seconds
[2025-04-05T05:17:03.960+0000] {processor.py:186} INFO - Started process (PID=214) to work on /home/airflow/.local/lib/python3.12/site-packages/airflow/example_dags/example_bash_operator.py
[2025-04-05T05:17:03.961+0000] {processor.py:914} INFO - Processing file /home/airflow/.local/lib/python3.12/site-packages/airflow/example_dags/example_bash_operator.py for tasks to queue
[2025-04-05T05:17:03.963+0000] {logging_mixin.py:190} INFO - [2025-04-05T05:17:03.963+0000] {dagbag.py:588} INFO - Filling up the DagBag from /home/airflow/.local/lib/python3.12/site-packages/airflow/example_dags/example_bash_operator.py
[2025-04-05T05:17:03.973+0000] {processor.py:925} INFO - DAG(s) 'example_bash_operator' retrieved from /home/airflow/.local/lib/python3.12/site-packages/airflow/example_dags/example_bash_operator.py
[2025-04-05T05:17:03.991+0000] {logging_mixin.py:190} INFO - [2025-04-05T05:17:03.991+0000] {dag.py:3239} INFO - Sync 1 DAGs
[2025-04-05T05:17:04.010+0000] {logging_mixin.py:190} INFO - [2025-04-05T05:17:04.010+0000] {dag.py:4180} INFO - Setting next_dagrun for example_bash_operator to 2025-04-04 00:00:00+00:00, run_after=2025-04-05 00:00:00+00:00
[2025-04-05T05:17:04.023+0000] {processor.py:208} INFO - Processing /home/airflow/.local/lib/python3.12/site-packages/airflow/example_dags/example_bash_operator.py took 0.067 seconds
[2025-04-05T05:27:12.806+0000] {processor.py:186} INFO - Started process (PID=1494) to work on /home/airflow/.local/lib/python3.12/site-packages/airflow/example_dags/example_bash_operator.py
[2025-04-05T05:27:12.807+0000] {processor.py:914} INFO - Processing file /home/airflow/.local/lib/python3.12/site-packages/airflow/example_dags/example_bash_operator.py for tasks to queue
[2025-04-05T05:27:12.809+0000] {logging_mixin.py:190} INFO - [2025-04-05T05:27:12.809+0000] {dagbag.py:588} INFO - Filling up the DagBag from /home/airflow/.local/lib/python3.12/site-packages/airflow/example_dags/example_bash_operator.py
[2025-04-05T05:27:12.823+0000] {processor.py:925} INFO - DAG(s) 'example_bash_operator' retrieved from /home/airflow/.local/lib/python3.12/site-packages/airflow/example_dags/example_bash_operator.py
[2025-04-05T05:27:12.848+0000] {logging_mixin.py:190} INFO - [2025-04-05T05:27:12.847+0000] {dag.py:3239} INFO - Sync 1 DAGs
[2025-04-05T05:27:12.868+0000] {logging_mixin.py:190} INFO - [2025-04-05T05:27:12.868+0000] {dag.py:4180} INFO - Setting next_dagrun for example_bash_operator to 2025-04-04 00:00:00+00:00, run_after=2025-04-05 00:00:00+00:00
[2025-04-05T05:27:12.884+0000] {processor.py:208} INFO - Processing /home/airflow/.local/lib/python3.12/site-packages/airflow/example_dags/example_bash_operator.py took 0.083 seconds
[2025-04-05T05:27:43.117+0000] {processor.py:186} INFO - Started process (PID=1557) to work on /home/airflow/.local/lib/python3.12/site-packages/airflow/example_dags/example_bash_operator.py
[2025-04-05T05:27:43.118+0000] {processor.py:914} INFO - Processing file /home/airflow/.local/lib/python3.12/site-packages/airflow/example_dags/example_bash_operator.py for tasks to queue
[2025-04-05T05:27:43.120+0000] {logging_mixin.py:190} INFO - [2025-04-05T05:27:43.120+0000] {dagbag.py:588} INFO - Filling up the DagBag from /home/airflow/.local/lib/python3.12/site-packages/airflow/example_dags/example_bash_operator.py
[2025-04-05T05:27:43.130+0000] {processor.py:925} INFO - DAG(s) 'example_bash_operator' retrieved from /home/airflow/.local/lib/python3.12/site-packages/airflow/example_dags/example_bash_operator.py
[2025-04-05T05:27:43.153+0000] {logging_mixin.py:190} INFO - [2025-04-05T05:27:43.152+0000] {dag.py:3239} INFO - Sync 1 DAGs
[2025-04-05T05:27:43.172+0000] {logging_mixin.py:190} INFO - [2025-04-05T05:27:43.172+0000] {dag.py:4180} INFO - Setting next_dagrun for example_bash_operator to 2025-04-04 00:00:00+00:00, run_after=2025-04-05 00:00:00+00:00
[2025-04-05T05:27:43.186+0000] {processor.py:208} INFO - Processing /home/airflow/.local/lib/python3.12/site-packages/airflow/example_dags/example_bash_operator.py took 0.073 seconds
