[2025-04-05T05:14:39.171+0000] {processor.py:186} INFO - Started process (PID=94) to work on /home/airflow/.local/lib/python3.12/site-packages/airflow/example_dags/example_nested_branch_dag.py
[2025-04-05T05:14:39.172+0000] {processor.py:914} INFO - Processing file /home/airflow/.local/lib/python3.12/site-packages/airflow/example_dags/example_nested_branch_dag.py for tasks to queue
[2025-04-05T05:14:39.174+0000] {logging_mixin.py:190} INFO - [2025-04-05T05:14:39.174+0000] {dagbag.py:588} INFO - Filling up the DagBag from /home/airflow/.local/lib/python3.12/site-packages/airflow/example_dags/example_nested_branch_dag.py
[2025-04-05T05:14:39.187+0000] {processor.py:925} INFO - DAG(s) 'example_nested_branch_dag' retrieved from /home/airflow/.local/lib/python3.12/site-packages/airflow/example_dags/example_nested_branch_dag.py
[2025-04-05T05:14:39.215+0000] {logging_mixin.py:190} INFO - [2025-04-05T05:14:39.214+0000] {dag.py:3239} INFO - Sync 1 DAGs
[2025-04-05T05:14:39.237+0000] {logging_mixin.py:190} INFO - [2025-04-05T05:14:39.237+0000] {dag.py:4180} INFO - Setting next_dagrun for example_nested_branch_dag to 2025-04-04 00:00:00+00:00, run_after=2025-04-05 00:00:00+00:00
[2025-04-05T05:14:39.254+0000] {processor.py:208} INFO - Processing /home/airflow/.local/lib/python3.12/site-packages/airflow/example_dags/example_nested_branch_dag.py took 0.088 seconds
[2025-04-05T05:15:10.127+0000] {processor.py:186} INFO - Started process (PID=158) to work on /home/airflow/.local/lib/python3.12/site-packages/airflow/example_dags/example_nested_branch_dag.py
[2025-04-05T05:15:10.128+0000] {processor.py:914} INFO - Processing file /home/airflow/.local/lib/python3.12/site-packages/airflow/example_dags/example_nested_branch_dag.py for tasks to queue
[2025-04-05T05:15:10.131+0000] {logging_mixin.py:190} INFO - [2025-04-05T05:15:10.131+0000] {dagbag.py:588} INFO - Filling up the DagBag from /home/airflow/.local/lib/python3.12/site-packages/airflow/example_dags/example_nested_branch_dag.py
[2025-04-05T05:15:10.142+0000] {processor.py:925} INFO - DAG(s) 'example_nested_branch_dag' retrieved from /home/airflow/.local/lib/python3.12/site-packages/airflow/example_dags/example_nested_branch_dag.py
[2025-04-05T05:15:10.163+0000] {logging_mixin.py:190} INFO - [2025-04-05T05:15:10.162+0000] {dag.py:3239} INFO - Sync 1 DAGs
[2025-04-05T05:15:10.184+0000] {logging_mixin.py:190} INFO - [2025-04-05T05:15:10.184+0000] {dag.py:4180} INFO - Setting next_dagrun for example_nested_branch_dag to 2025-04-04 00:00:00+00:00, run_after=2025-04-05 00:00:00+00:00
[2025-04-05T05:15:10.201+0000] {processor.py:208} INFO - Processing /home/airflow/.local/lib/python3.12/site-packages/airflow/example_dags/example_nested_branch_dag.py took 0.079 seconds
[2025-04-05T05:16:02.804+0000] {processor.py:186} INFO - Started process (PID=89) to work on /home/airflow/.local/lib/python3.12/site-packages/airflow/example_dags/example_nested_branch_dag.py
[2025-04-05T05:16:02.805+0000] {processor.py:914} INFO - Processing file /home/airflow/.local/lib/python3.12/site-packages/airflow/example_dags/example_nested_branch_dag.py for tasks to queue
[2025-04-05T05:16:02.807+0000] {logging_mixin.py:190} INFO - [2025-04-05T05:16:02.806+0000] {dagbag.py:588} INFO - Filling up the DagBag from /home/airflow/.local/lib/python3.12/site-packages/airflow/example_dags/example_nested_branch_dag.py
[2025-04-05T05:16:02.816+0000] {processor.py:925} INFO - DAG(s) 'example_nested_branch_dag' retrieved from /home/airflow/.local/lib/python3.12/site-packages/airflow/example_dags/example_nested_branch_dag.py
[2025-04-05T05:16:02.847+0000] {logging_mixin.py:190} INFO - [2025-04-05T05:16:02.847+0000] {dag.py:3239} INFO - Sync 1 DAGs
[2025-04-05T05:16:02.877+0000] {logging_mixin.py:190} INFO - [2025-04-05T05:16:02.877+0000] {dag.py:4180} INFO - Setting next_dagrun for example_nested_branch_dag to 2025-04-04 00:00:00+00:00, run_after=2025-04-05 00:00:00+00:00
[2025-04-05T05:16:02.898+0000] {processor.py:208} INFO - Processing /home/airflow/.local/lib/python3.12/site-packages/airflow/example_dags/example_nested_branch_dag.py took 0.100 seconds
[2025-04-05T05:16:33.587+0000] {processor.py:186} INFO - Started process (PID=153) to work on /home/airflow/.local/lib/python3.12/site-packages/airflow/example_dags/example_nested_branch_dag.py
[2025-04-05T05:16:33.588+0000] {processor.py:914} INFO - Processing file /home/airflow/.local/lib/python3.12/site-packages/airflow/example_dags/example_nested_branch_dag.py for tasks to queue
[2025-04-05T05:16:33.590+0000] {logging_mixin.py:190} INFO - [2025-04-05T05:16:33.590+0000] {dagbag.py:588} INFO - Filling up the DagBag from /home/airflow/.local/lib/python3.12/site-packages/airflow/example_dags/example_nested_branch_dag.py
[2025-04-05T05:16:33.600+0000] {processor.py:925} INFO - DAG(s) 'example_nested_branch_dag' retrieved from /home/airflow/.local/lib/python3.12/site-packages/airflow/example_dags/example_nested_branch_dag.py
[2025-04-05T05:16:33.619+0000] {logging_mixin.py:190} INFO - [2025-04-05T05:16:33.619+0000] {dag.py:3239} INFO - Sync 1 DAGs
[2025-04-05T05:16:33.644+0000] {logging_mixin.py:190} INFO - [2025-04-05T05:16:33.643+0000] {dag.py:4180} INFO - Setting next_dagrun for example_nested_branch_dag to 2025-04-04 00:00:00+00:00, run_after=2025-04-05 00:00:00+00:00
[2025-04-05T05:16:33.665+0000] {processor.py:208} INFO - Processing /home/airflow/.local/lib/python3.12/site-packages/airflow/example_dags/example_nested_branch_dag.py took 0.084 seconds
[2025-04-05T05:17:04.088+0000] {processor.py:186} INFO - Started process (PID=217) to work on /home/airflow/.local/lib/python3.12/site-packages/airflow/example_dags/example_nested_branch_dag.py
[2025-04-05T05:17:04.089+0000] {processor.py:914} INFO - Processing file /home/airflow/.local/lib/python3.12/site-packages/airflow/example_dags/example_nested_branch_dag.py for tasks to queue
[2025-04-05T05:17:04.091+0000] {logging_mixin.py:190} INFO - [2025-04-05T05:17:04.091+0000] {dagbag.py:588} INFO - Filling up the DagBag from /home/airflow/.local/lib/python3.12/site-packages/airflow/example_dags/example_nested_branch_dag.py
[2025-04-05T05:17:04.100+0000] {processor.py:925} INFO - DAG(s) 'example_nested_branch_dag' retrieved from /home/airflow/.local/lib/python3.12/site-packages/airflow/example_dags/example_nested_branch_dag.py
[2025-04-05T05:17:04.118+0000] {logging_mixin.py:190} INFO - [2025-04-05T05:17:04.118+0000] {dag.py:3239} INFO - Sync 1 DAGs
[2025-04-05T05:17:04.135+0000] {logging_mixin.py:190} INFO - [2025-04-05T05:17:04.135+0000] {dag.py:4180} INFO - Setting next_dagrun for example_nested_branch_dag to 2025-04-04 00:00:00+00:00, run_after=2025-04-05 00:00:00+00:00
[2025-04-05T05:17:04.149+0000] {processor.py:208} INFO - Processing /home/airflow/.local/lib/python3.12/site-packages/airflow/example_dags/example_nested_branch_dag.py took 0.065 seconds
[2025-04-05T05:27:13.002+0000] {processor.py:186} INFO - Started process (PID=1497) to work on /home/airflow/.local/lib/python3.12/site-packages/airflow/example_dags/example_nested_branch_dag.py
[2025-04-05T05:27:13.004+0000] {processor.py:914} INFO - Processing file /home/airflow/.local/lib/python3.12/site-packages/airflow/example_dags/example_nested_branch_dag.py for tasks to queue
[2025-04-05T05:27:13.005+0000] {logging_mixin.py:190} INFO - [2025-04-05T05:27:13.005+0000] {dagbag.py:588} INFO - Filling up the DagBag from /home/airflow/.local/lib/python3.12/site-packages/airflow/example_dags/example_nested_branch_dag.py
[2025-04-05T05:27:13.015+0000] {processor.py:925} INFO - DAG(s) 'example_nested_branch_dag' retrieved from /home/airflow/.local/lib/python3.12/site-packages/airflow/example_dags/example_nested_branch_dag.py
[2025-04-05T05:27:13.033+0000] {logging_mixin.py:190} INFO - [2025-04-05T05:27:13.033+0000] {dag.py:3239} INFO - Sync 1 DAGs
[2025-04-05T05:27:13.056+0000] {logging_mixin.py:190} INFO - [2025-04-05T05:27:13.056+0000] {dag.py:4180} INFO - Setting next_dagrun for example_nested_branch_dag to 2025-04-04 00:00:00+00:00, run_after=2025-04-05 00:00:00+00:00
[2025-04-05T05:27:13.074+0000] {processor.py:208} INFO - Processing /home/airflow/.local/lib/python3.12/site-packages/airflow/example_dags/example_nested_branch_dag.py took 0.077 seconds
[2025-04-05T05:27:43.311+0000] {processor.py:186} INFO - Started process (PID=1560) to work on /home/airflow/.local/lib/python3.12/site-packages/airflow/example_dags/example_nested_branch_dag.py
[2025-04-05T05:27:43.312+0000] {processor.py:914} INFO - Processing file /home/airflow/.local/lib/python3.12/site-packages/airflow/example_dags/example_nested_branch_dag.py for tasks to queue
[2025-04-05T05:27:43.314+0000] {logging_mixin.py:190} INFO - [2025-04-05T05:27:43.313+0000] {dagbag.py:588} INFO - Filling up the DagBag from /home/airflow/.local/lib/python3.12/site-packages/airflow/example_dags/example_nested_branch_dag.py
[2025-04-05T05:27:43.322+0000] {processor.py:925} INFO - DAG(s) 'example_nested_branch_dag' retrieved from /home/airflow/.local/lib/python3.12/site-packages/airflow/example_dags/example_nested_branch_dag.py
[2025-04-05T05:27:43.339+0000] {logging_mixin.py:190} INFO - [2025-04-05T05:27:43.339+0000] {dag.py:3239} INFO - Sync 1 DAGs
[2025-04-05T05:27:43.360+0000] {logging_mixin.py:190} INFO - [2025-04-05T05:27:43.360+0000] {dag.py:4180} INFO - Setting next_dagrun for example_nested_branch_dag to 2025-04-04 00:00:00+00:00, run_after=2025-04-05 00:00:00+00:00
[2025-04-05T05:27:43.376+0000] {processor.py:208} INFO - Processing /home/airflow/.local/lib/python3.12/site-packages/airflow/example_dags/example_nested_branch_dag.py took 0.069 seconds
