[2025-04-05T05:14:38.686+0000] {processor.py:186} INFO - Started process (PID=88) to work on /home/airflow/.local/lib/python3.12/site-packages/airflow/example_dags/example_time_delta_sensor_async.py
[2025-04-05T05:14:38.688+0000] {processor.py:914} INFO - Processing file /home/airflow/.local/lib/python3.12/site-packages/airflow/example_dags/example_time_delta_sensor_async.py for tasks to queue
[2025-04-05T05:14:38.691+0000] {logging_mixin.py:190} INFO - [2025-04-05T05:14:38.690+0000] {dagbag.py:588} INFO - Filling up the DagBag from /home/airflow/.local/lib/python3.12/site-packages/airflow/example_dags/example_time_delta_sensor_async.py
[2025-04-05T05:14:38.704+0000] {processor.py:925} INFO - DAG(s) 'example_time_delta_sensor_async' retrieved from /home/airflow/.local/lib/python3.12/site-packages/airflow/example_dags/example_time_delta_sensor_async.py
[2025-04-05T05:14:38.731+0000] {logging_mixin.py:190} INFO - [2025-04-05T05:14:38.731+0000] {dag.py:3239} INFO - Sync 1 DAGs
[2025-04-05T05:14:38.752+0000] {logging_mixin.py:190} INFO - [2025-04-05T05:14:38.751+0000] {dag.py:4180} INFO - Setting next_dagrun for example_time_delta_sensor_async to None, run_after=None
[2025-04-05T05:14:38.773+0000] {processor.py:208} INFO - Processing /home/airflow/.local/lib/python3.12/site-packages/airflow/example_dags/example_time_delta_sensor_async.py took 0.093 seconds
[2025-04-05T05:15:09.627+0000] {processor.py:186} INFO - Started process (PID=152) to work on /home/airflow/.local/lib/python3.12/site-packages/airflow/example_dags/example_time_delta_sensor_async.py
[2025-04-05T05:15:09.628+0000] {processor.py:914} INFO - Processing file /home/airflow/.local/lib/python3.12/site-packages/airflow/example_dags/example_time_delta_sensor_async.py for tasks to queue
[2025-04-05T05:15:09.631+0000] {logging_mixin.py:190} INFO - [2025-04-05T05:15:09.630+0000] {dagbag.py:588} INFO - Filling up the DagBag from /home/airflow/.local/lib/python3.12/site-packages/airflow/example_dags/example_time_delta_sensor_async.py
[2025-04-05T05:15:09.639+0000] {processor.py:925} INFO - DAG(s) 'example_time_delta_sensor_async' retrieved from /home/airflow/.local/lib/python3.12/site-packages/airflow/example_dags/example_time_delta_sensor_async.py
[2025-04-05T05:15:09.656+0000] {logging_mixin.py:190} INFO - [2025-04-05T05:15:09.656+0000] {dag.py:3239} INFO - Sync 1 DAGs
[2025-04-05T05:15:09.668+0000] {logging_mixin.py:190} INFO - [2025-04-05T05:15:09.668+0000] {dag.py:4180} INFO - Setting next_dagrun for example_time_delta_sensor_async to None, run_after=None
[2025-04-05T05:15:09.686+0000] {processor.py:208} INFO - Processing /home/airflow/.local/lib/python3.12/site-packages/airflow/example_dags/example_time_delta_sensor_async.py took 0.065 seconds
[2025-04-05T05:16:02.285+0000] {processor.py:186} INFO - Started process (PID=83) to work on /home/airflow/.local/lib/python3.12/site-packages/airflow/example_dags/example_time_delta_sensor_async.py
[2025-04-05T05:16:02.286+0000] {processor.py:914} INFO - Processing file /home/airflow/.local/lib/python3.12/site-packages/airflow/example_dags/example_time_delta_sensor_async.py for tasks to queue
[2025-04-05T05:16:02.289+0000] {logging_mixin.py:190} INFO - [2025-04-05T05:16:02.288+0000] {dagbag.py:588} INFO - Filling up the DagBag from /home/airflow/.local/lib/python3.12/site-packages/airflow/example_dags/example_time_delta_sensor_async.py
[2025-04-05T05:16:02.298+0000] {processor.py:925} INFO - DAG(s) 'example_time_delta_sensor_async' retrieved from /home/airflow/.local/lib/python3.12/site-packages/airflow/example_dags/example_time_delta_sensor_async.py
[2025-04-05T05:16:02.329+0000] {logging_mixin.py:190} INFO - [2025-04-05T05:16:02.329+0000] {dag.py:3239} INFO - Sync 1 DAGs
[2025-04-05T05:16:02.345+0000] {logging_mixin.py:190} INFO - [2025-04-05T05:16:02.345+0000] {dag.py:4180} INFO - Setting next_dagrun for example_time_delta_sensor_async to None, run_after=None
[2025-04-05T05:16:02.367+0000] {processor.py:208} INFO - Processing /home/airflow/.local/lib/python3.12/site-packages/airflow/example_dags/example_time_delta_sensor_async.py took 0.089 seconds
[2025-04-05T05:16:33.217+0000] {processor.py:186} INFO - Started process (PID=147) to work on /home/airflow/.local/lib/python3.12/site-packages/airflow/example_dags/example_time_delta_sensor_async.py
[2025-04-05T05:16:33.218+0000] {processor.py:914} INFO - Processing file /home/airflow/.local/lib/python3.12/site-packages/airflow/example_dags/example_time_delta_sensor_async.py for tasks to queue
[2025-04-05T05:16:33.221+0000] {logging_mixin.py:190} INFO - [2025-04-05T05:16:33.220+0000] {dagbag.py:588} INFO - Filling up the DagBag from /home/airflow/.local/lib/python3.12/site-packages/airflow/example_dags/example_time_delta_sensor_async.py
[2025-04-05T05:16:33.229+0000] {processor.py:925} INFO - DAG(s) 'example_time_delta_sensor_async' retrieved from /home/airflow/.local/lib/python3.12/site-packages/airflow/example_dags/example_time_delta_sensor_async.py
[2025-04-05T05:16:33.250+0000] {logging_mixin.py:190} INFO - [2025-04-05T05:16:33.250+0000] {dag.py:3239} INFO - Sync 1 DAGs
[2025-04-05T05:16:33.267+0000] {logging_mixin.py:190} INFO - [2025-04-05T05:16:33.267+0000] {dag.py:4180} INFO - Setting next_dagrun for example_time_delta_sensor_async to None, run_after=None
[2025-04-05T05:16:33.299+0000] {processor.py:208} INFO - Processing /home/airflow/.local/lib/python3.12/site-packages/airflow/example_dags/example_time_delta_sensor_async.py took 0.088 seconds
[2025-04-05T05:17:03.808+0000] {processor.py:186} INFO - Started process (PID=211) to work on /home/airflow/.local/lib/python3.12/site-packages/airflow/example_dags/example_time_delta_sensor_async.py
[2025-04-05T05:17:03.809+0000] {processor.py:914} INFO - Processing file /home/airflow/.local/lib/python3.12/site-packages/airflow/example_dags/example_time_delta_sensor_async.py for tasks to queue
[2025-04-05T05:17:03.811+0000] {logging_mixin.py:190} INFO - [2025-04-05T05:17:03.811+0000] {dagbag.py:588} INFO - Filling up the DagBag from /home/airflow/.local/lib/python3.12/site-packages/airflow/example_dags/example_time_delta_sensor_async.py
[2025-04-05T05:17:03.817+0000] {processor.py:925} INFO - DAG(s) 'example_time_delta_sensor_async' retrieved from /home/airflow/.local/lib/python3.12/site-packages/airflow/example_dags/example_time_delta_sensor_async.py
[2025-04-05T05:17:03.833+0000] {logging_mixin.py:190} INFO - [2025-04-05T05:17:03.833+0000] {dag.py:3239} INFO - Sync 1 DAGs
[2025-04-05T05:17:03.846+0000] {logging_mixin.py:190} INFO - [2025-04-05T05:17:03.845+0000] {dag.py:4180} INFO - Setting next_dagrun for example_time_delta_sensor_async to None, run_after=None
[2025-04-05T05:17:03.867+0000] {processor.py:208} INFO - Processing /home/airflow/.local/lib/python3.12/site-packages/airflow/example_dags/example_time_delta_sensor_async.py took 0.064 seconds
[2025-04-05T05:27:12.692+0000] {processor.py:186} INFO - Started process (PID=1491) to work on /home/airflow/.local/lib/python3.12/site-packages/airflow/example_dags/example_time_delta_sensor_async.py
[2025-04-05T05:27:12.693+0000] {processor.py:914} INFO - Processing file /home/airflow/.local/lib/python3.12/site-packages/airflow/example_dags/example_time_delta_sensor_async.py for tasks to queue
[2025-04-05T05:27:12.694+0000] {logging_mixin.py:190} INFO - [2025-04-05T05:27:12.694+0000] {dagbag.py:588} INFO - Filling up the DagBag from /home/airflow/.local/lib/python3.12/site-packages/airflow/example_dags/example_time_delta_sensor_async.py
[2025-04-05T05:27:12.700+0000] {processor.py:925} INFO - DAG(s) 'example_time_delta_sensor_async' retrieved from /home/airflow/.local/lib/python3.12/site-packages/airflow/example_dags/example_time_delta_sensor_async.py
[2025-04-05T05:27:12.716+0000] {logging_mixin.py:190} INFO - [2025-04-05T05:27:12.716+0000] {dag.py:3239} INFO - Sync 1 DAGs
[2025-04-05T05:27:12.730+0000] {logging_mixin.py:190} INFO - [2025-04-05T05:27:12.730+0000] {dag.py:4180} INFO - Setting next_dagrun for example_time_delta_sensor_async to None, run_after=None
[2025-04-05T05:27:12.749+0000] {processor.py:208} INFO - Processing /home/airflow/.local/lib/python3.12/site-packages/airflow/example_dags/example_time_delta_sensor_async.py took 0.063 seconds
[2025-04-05T05:27:43.003+0000] {processor.py:186} INFO - Started process (PID=1554) to work on /home/airflow/.local/lib/python3.12/site-packages/airflow/example_dags/example_time_delta_sensor_async.py
[2025-04-05T05:27:43.004+0000] {processor.py:914} INFO - Processing file /home/airflow/.local/lib/python3.12/site-packages/airflow/example_dags/example_time_delta_sensor_async.py for tasks to queue
[2025-04-05T05:27:43.005+0000] {logging_mixin.py:190} INFO - [2025-04-05T05:27:43.005+0000] {dagbag.py:588} INFO - Filling up the DagBag from /home/airflow/.local/lib/python3.12/site-packages/airflow/example_dags/example_time_delta_sensor_async.py
[2025-04-05T05:27:43.010+0000] {processor.py:925} INFO - DAG(s) 'example_time_delta_sensor_async' retrieved from /home/airflow/.local/lib/python3.12/site-packages/airflow/example_dags/example_time_delta_sensor_async.py
[2025-04-05T05:27:43.027+0000] {logging_mixin.py:190} INFO - [2025-04-05T05:27:43.027+0000] {dag.py:3239} INFO - Sync 1 DAGs
[2025-04-05T05:27:43.041+0000] {logging_mixin.py:190} INFO - [2025-04-05T05:27:43.041+0000] {dag.py:4180} INFO - Setting next_dagrun for example_time_delta_sensor_async to None, run_after=None
[2025-04-05T05:27:43.064+0000] {processor.py:208} INFO - Processing /home/airflow/.local/lib/python3.12/site-packages/airflow/example_dags/example_time_delta_sensor_async.py took 0.065 seconds
