[2025-04-05T05:14:41.522+0000] {processor.py:186} INFO - Started process (PID=118) to work on /home/airflow/.local/lib/python3.12/site-packages/airflow/example_dags/example_external_task_marker_dag.py
[2025-04-05T05:14:41.523+0000] {processor.py:914} INFO - Processing file /home/airflow/.local/lib/python3.12/site-packages/airflow/example_dags/example_external_task_marker_dag.py for tasks to queue
[2025-04-05T05:14:41.525+0000] {logging_mixin.py:190} INFO - [2025-04-05T05:14:41.525+0000] {dagbag.py:588} INFO - Filling up the DagBag from /home/airflow/.local/lib/python3.12/site-packages/airflow/example_dags/example_external_task_marker_dag.py
[2025-04-05T05:14:41.535+0000] {processor.py:925} INFO - DAG(s) 'example_external_task_marker_parent', 'example_external_task_marker_child' retrieved from /home/airflow/.local/lib/python3.12/site-packages/airflow/example_dags/example_external_task_marker_dag.py
[2025-04-05T05:14:41.557+0000] {logging_mixin.py:190} INFO - [2025-04-05T05:14:41.556+0000] {dag.py:3239} INFO - Sync 2 DAGs
[2025-04-05T05:14:41.571+0000] {logging_mixin.py:190} INFO - [2025-04-05T05:14:41.571+0000] {dag.py:4180} INFO - Setting next_dagrun for example_external_task_marker_child to None, run_after=None
[2025-04-05T05:14:41.575+0000] {logging_mixin.py:190} INFO - [2025-04-05T05:14:41.575+0000] {dag.py:4180} INFO - Setting next_dagrun for example_external_task_marker_parent to None, run_after=None
[2025-04-05T05:14:41.592+0000] {processor.py:208} INFO - Processing /home/airflow/.local/lib/python3.12/site-packages/airflow/example_dags/example_external_task_marker_dag.py took 0.076 seconds
[2025-04-05T05:15:11.751+0000] {processor.py:186} INFO - Started process (PID=181) to work on /home/airflow/.local/lib/python3.12/site-packages/airflow/example_dags/example_external_task_marker_dag.py
[2025-04-05T05:15:11.752+0000] {processor.py:914} INFO - Processing file /home/airflow/.local/lib/python3.12/site-packages/airflow/example_dags/example_external_task_marker_dag.py for tasks to queue
[2025-04-05T05:15:11.755+0000] {logging_mixin.py:190} INFO - [2025-04-05T05:15:11.754+0000] {dagbag.py:588} INFO - Filling up the DagBag from /home/airflow/.local/lib/python3.12/site-packages/airflow/example_dags/example_external_task_marker_dag.py
[2025-04-05T05:15:11.762+0000] {processor.py:925} INFO - DAG(s) 'example_external_task_marker_child', 'example_external_task_marker_parent' retrieved from /home/airflow/.local/lib/python3.12/site-packages/airflow/example_dags/example_external_task_marker_dag.py
[2025-04-05T05:15:11.783+0000] {logging_mixin.py:190} INFO - [2025-04-05T05:15:11.783+0000] {dag.py:3239} INFO - Sync 2 DAGs
[2025-04-05T05:15:11.795+0000] {logging_mixin.py:190} INFO - [2025-04-05T05:15:11.795+0000] {dag.py:4180} INFO - Setting next_dagrun for example_external_task_marker_child to None, run_after=None
[2025-04-05T05:15:11.799+0000] {logging_mixin.py:190} INFO - [2025-04-05T05:15:11.798+0000] {dag.py:4180} INFO - Setting next_dagrun for example_external_task_marker_parent to None, run_after=None
[2025-04-05T05:15:11.815+0000] {processor.py:208} INFO - Processing /home/airflow/.local/lib/python3.12/site-packages/airflow/example_dags/example_external_task_marker_dag.py took 0.069 seconds
[2025-04-05T05:16:05.093+0000] {processor.py:186} INFO - Started process (PID=113) to work on /home/airflow/.local/lib/python3.12/site-packages/airflow/example_dags/example_external_task_marker_dag.py
[2025-04-05T05:16:05.094+0000] {processor.py:914} INFO - Processing file /home/airflow/.local/lib/python3.12/site-packages/airflow/example_dags/example_external_task_marker_dag.py for tasks to queue
[2025-04-05T05:16:05.097+0000] {logging_mixin.py:190} INFO - [2025-04-05T05:16:05.096+0000] {dagbag.py:588} INFO - Filling up the DagBag from /home/airflow/.local/lib/python3.12/site-packages/airflow/example_dags/example_external_task_marker_dag.py
[2025-04-05T05:16:05.104+0000] {processor.py:925} INFO - DAG(s) 'example_external_task_marker_parent', 'example_external_task_marker_child' retrieved from /home/airflow/.local/lib/python3.12/site-packages/airflow/example_dags/example_external_task_marker_dag.py
[2025-04-05T05:16:05.128+0000] {logging_mixin.py:190} INFO - [2025-04-05T05:16:05.127+0000] {dag.py:3239} INFO - Sync 2 DAGs
[2025-04-05T05:16:05.141+0000] {logging_mixin.py:190} INFO - [2025-04-05T05:16:05.141+0000] {dag.py:4180} INFO - Setting next_dagrun for example_external_task_marker_child to None, run_after=None
[2025-04-05T05:16:05.145+0000] {logging_mixin.py:190} INFO - [2025-04-05T05:16:05.145+0000] {dag.py:4180} INFO - Setting next_dagrun for example_external_task_marker_parent to None, run_after=None
[2025-04-05T05:16:05.162+0000] {processor.py:208} INFO - Processing /home/airflow/.local/lib/python3.12/site-packages/airflow/example_dags/example_external_task_marker_dag.py took 0.075 seconds
[2025-04-05T05:16:36.824+0000] {processor.py:186} INFO - Started process (PID=177) to work on /home/airflow/.local/lib/python3.12/site-packages/airflow/example_dags/example_external_task_marker_dag.py
[2025-04-05T05:16:36.826+0000] {processor.py:914} INFO - Processing file /home/airflow/.local/lib/python3.12/site-packages/airflow/example_dags/example_external_task_marker_dag.py for tasks to queue
[2025-04-05T05:16:36.830+0000] {logging_mixin.py:190} INFO - [2025-04-05T05:16:36.830+0000] {dagbag.py:588} INFO - Filling up the DagBag from /home/airflow/.local/lib/python3.12/site-packages/airflow/example_dags/example_external_task_marker_dag.py
[2025-04-05T05:16:36.840+0000] {processor.py:925} INFO - DAG(s) 'example_external_task_marker_child', 'example_external_task_marker_parent' retrieved from /home/airflow/.local/lib/python3.12/site-packages/airflow/example_dags/example_external_task_marker_dag.py
[2025-04-05T05:16:36.868+0000] {logging_mixin.py:190} INFO - [2025-04-05T05:16:36.868+0000] {dag.py:3239} INFO - Sync 2 DAGs
[2025-04-05T05:16:36.882+0000] {logging_mixin.py:190} INFO - [2025-04-05T05:16:36.881+0000] {dag.py:4180} INFO - Setting next_dagrun for example_external_task_marker_child to None, run_after=None
[2025-04-05T05:16:36.886+0000] {logging_mixin.py:190} INFO - [2025-04-05T05:16:36.885+0000] {dag.py:4180} INFO - Setting next_dagrun for example_external_task_marker_parent to None, run_after=None
[2025-04-05T05:16:36.901+0000] {processor.py:208} INFO - Processing /home/airflow/.local/lib/python3.12/site-packages/airflow/example_dags/example_external_task_marker_dag.py took 0.082 seconds
[2025-04-05T05:17:08.004+0000] {processor.py:186} INFO - Started process (PID=241) to work on /home/airflow/.local/lib/python3.12/site-packages/airflow/example_dags/example_external_task_marker_dag.py
[2025-04-05T05:17:08.005+0000] {processor.py:914} INFO - Processing file /home/airflow/.local/lib/python3.12/site-packages/airflow/example_dags/example_external_task_marker_dag.py for tasks to queue
[2025-04-05T05:17:08.007+0000] {logging_mixin.py:190} INFO - [2025-04-05T05:17:08.007+0000] {dagbag.py:588} INFO - Filling up the DagBag from /home/airflow/.local/lib/python3.12/site-packages/airflow/example_dags/example_external_task_marker_dag.py
[2025-04-05T05:17:08.014+0000] {processor.py:925} INFO - DAG(s) 'example_external_task_marker_parent', 'example_external_task_marker_child' retrieved from /home/airflow/.local/lib/python3.12/site-packages/airflow/example_dags/example_external_task_marker_dag.py
[2025-04-05T05:17:08.035+0000] {logging_mixin.py:190} INFO - [2025-04-05T05:17:08.035+0000] {dag.py:3239} INFO - Sync 2 DAGs
[2025-04-05T05:17:08.052+0000] {logging_mixin.py:190} INFO - [2025-04-05T05:17:08.052+0000] {dag.py:4180} INFO - Setting next_dagrun for example_external_task_marker_child to None, run_after=None
[2025-04-05T05:17:08.059+0000] {logging_mixin.py:190} INFO - [2025-04-05T05:17:08.059+0000] {dag.py:4180} INFO - Setting next_dagrun for example_external_task_marker_parent to None, run_after=None
[2025-04-05T05:17:08.086+0000] {processor.py:208} INFO - Processing /home/airflow/.local/lib/python3.12/site-packages/airflow/example_dags/example_external_task_marker_dag.py took 0.087 seconds
[2025-04-05T05:27:21.890+0000] {processor.py:186} INFO - Started process (PID=1520) to work on /home/airflow/.local/lib/python3.12/site-packages/airflow/example_dags/example_external_task_marker_dag.py
[2025-04-05T05:27:21.891+0000] {processor.py:914} INFO - Processing file /home/airflow/.local/lib/python3.12/site-packages/airflow/example_dags/example_external_task_marker_dag.py for tasks to queue
[2025-04-05T05:27:21.892+0000] {logging_mixin.py:190} INFO - [2025-04-05T05:27:21.892+0000] {dagbag.py:588} INFO - Filling up the DagBag from /home/airflow/.local/lib/python3.12/site-packages/airflow/example_dags/example_external_task_marker_dag.py
[2025-04-05T05:27:21.899+0000] {processor.py:925} INFO - DAG(s) 'example_external_task_marker_parent', 'example_external_task_marker_child' retrieved from /home/airflow/.local/lib/python3.12/site-packages/airflow/example_dags/example_external_task_marker_dag.py
[2025-04-05T05:27:21.919+0000] {logging_mixin.py:190} INFO - [2025-04-05T05:27:21.919+0000] {dag.py:3239} INFO - Sync 2 DAGs
[2025-04-05T05:27:21.934+0000] {logging_mixin.py:190} INFO - [2025-04-05T05:27:21.934+0000] {dag.py:4180} INFO - Setting next_dagrun for example_external_task_marker_child to None, run_after=None
[2025-04-05T05:27:21.937+0000] {logging_mixin.py:190} INFO - [2025-04-05T05:27:21.937+0000] {dag.py:4180} INFO - Setting next_dagrun for example_external_task_marker_parent to None, run_after=None
[2025-04-05T05:27:21.950+0000] {processor.py:208} INFO - Processing /home/airflow/.local/lib/python3.12/site-packages/airflow/example_dags/example_external_task_marker_dag.py took 0.066 seconds
[2025-04-05T05:27:53.099+0000] {processor.py:186} INFO - Started process (PID=1583) to work on /home/airflow/.local/lib/python3.12/site-packages/airflow/example_dags/example_external_task_marker_dag.py
[2025-04-05T05:27:53.100+0000] {processor.py:914} INFO - Processing file /home/airflow/.local/lib/python3.12/site-packages/airflow/example_dags/example_external_task_marker_dag.py for tasks to queue
[2025-04-05T05:27:53.102+0000] {logging_mixin.py:190} INFO - [2025-04-05T05:27:53.102+0000] {dagbag.py:588} INFO - Filling up the DagBag from /home/airflow/.local/lib/python3.12/site-packages/airflow/example_dags/example_external_task_marker_dag.py
[2025-04-05T05:27:53.109+0000] {processor.py:925} INFO - DAG(s) 'example_external_task_marker_child', 'example_external_task_marker_parent' retrieved from /home/airflow/.local/lib/python3.12/site-packages/airflow/example_dags/example_external_task_marker_dag.py
[2025-04-05T05:27:53.131+0000] {logging_mixin.py:190} INFO - [2025-04-05T05:27:53.131+0000] {dag.py:3239} INFO - Sync 2 DAGs
[2025-04-05T05:27:53.147+0000] {logging_mixin.py:190} INFO - [2025-04-05T05:27:53.146+0000] {dag.py:4180} INFO - Setting next_dagrun for example_external_task_marker_child to None, run_after=None
[2025-04-05T05:27:53.150+0000] {logging_mixin.py:190} INFO - [2025-04-05T05:27:53.150+0000] {dag.py:4180} INFO - Setting next_dagrun for example_external_task_marker_parent to None, run_after=None
[2025-04-05T05:27:53.168+0000] {processor.py:208} INFO - Processing /home/airflow/.local/lib/python3.12/site-packages/airflow/example_dags/example_external_task_marker_dag.py took 0.074 seconds
