[2025-04-05T05:14:36.642+0000] {processor.py:186} INFO - Started process (PID=65) to work on /home/airflow/.local/lib/python3.12/site-packages/airflow/example_dags/example_branch_datetime_operator.py
[2025-04-05T05:14:36.643+0000] {processor.py:914} INFO - Processing file /home/airflow/.local/lib/python3.12/site-packages/airflow/example_dags/example_branch_datetime_operator.py for tasks to queue
[2025-04-05T05:14:36.646+0000] {logging_mixin.py:190} INFO - [2025-04-05T05:14:36.645+0000] {dagbag.py:588} INFO - Filling up the DagBag from /home/airflow/.local/lib/python3.12/site-packages/airflow/example_dags/example_branch_datetime_operator.py
[2025-04-05T05:14:36.662+0000] {processor.py:925} INFO - DAG(s) 'example_branch_datetime_operator_3', 'example_branch_datetime_operator', 'example_branch_datetime_operator_2' retrieved from /home/airflow/.local/lib/python3.12/site-packages/airflow/example_dags/example_branch_datetime_operator.py
[2025-04-05T05:14:36.713+0000] {logging_mixin.py:190} INFO - [2025-04-05T05:14:36.713+0000] {dag.py:3239} INFO - Sync 3 DAGs
[2025-04-05T05:14:36.736+0000] {logging_mixin.py:190} INFO - [2025-04-05T05:14:36.736+0000] {dag.py:4180} INFO - Setting next_dagrun for example_branch_datetime_operator to 2025-04-04 00:00:00+00:00, run_after=2025-04-05 00:00:00+00:00
[2025-04-05T05:14:36.741+0000] {logging_mixin.py:190} INFO - [2025-04-05T05:14:36.741+0000] {dag.py:4180} INFO - Setting next_dagrun for example_branch_datetime_operator_2 to 2025-04-04 00:00:00+00:00, run_after=2025-04-05 00:00:00+00:00
[2025-04-05T05:14:36.744+0000] {logging_mixin.py:190} INFO - [2025-04-05T05:14:36.743+0000] {dag.py:4180} INFO - Setting next_dagrun for example_branch_datetime_operator_3 to 2025-04-04 00:00:00+00:00, run_after=2025-04-05 00:00:00+00:00
[2025-04-05T05:14:36.760+0000] {processor.py:208} INFO - Processing /home/airflow/.local/lib/python3.12/site-packages/airflow/example_dags/example_branch_datetime_operator.py took 0.125 seconds
[2025-04-05T05:15:07.475+0000] {processor.py:186} INFO - Started process (PID=128) to work on /home/airflow/.local/lib/python3.12/site-packages/airflow/example_dags/example_branch_datetime_operator.py
[2025-04-05T05:15:07.476+0000] {processor.py:914} INFO - Processing file /home/airflow/.local/lib/python3.12/site-packages/airflow/example_dags/example_branch_datetime_operator.py for tasks to queue
[2025-04-05T05:15:07.478+0000] {logging_mixin.py:190} INFO - [2025-04-05T05:15:07.478+0000] {dagbag.py:588} INFO - Filling up the DagBag from /home/airflow/.local/lib/python3.12/site-packages/airflow/example_dags/example_branch_datetime_operator.py
[2025-04-05T05:15:07.487+0000] {processor.py:925} INFO - DAG(s) 'example_branch_datetime_operator', 'example_branch_datetime_operator_3', 'example_branch_datetime_operator_2' retrieved from /home/airflow/.local/lib/python3.12/site-packages/airflow/example_dags/example_branch_datetime_operator.py
[2025-04-05T05:15:07.510+0000] {logging_mixin.py:190} INFO - [2025-04-05T05:15:07.510+0000] {dag.py:3239} INFO - Sync 3 DAGs
[2025-04-05T05:15:07.531+0000] {logging_mixin.py:190} INFO - [2025-04-05T05:15:07.531+0000] {dag.py:4180} INFO - Setting next_dagrun for example_branch_datetime_operator to 2025-04-04 00:00:00+00:00, run_after=2025-04-05 00:00:00+00:00
[2025-04-05T05:15:07.536+0000] {logging_mixin.py:190} INFO - [2025-04-05T05:15:07.535+0000] {dag.py:4180} INFO - Setting next_dagrun for example_branch_datetime_operator_2 to 2025-04-04 00:00:00+00:00, run_after=2025-04-05 00:00:00+00:00
[2025-04-05T05:15:07.538+0000] {logging_mixin.py:190} INFO - [2025-04-05T05:15:07.538+0000] {dag.py:4180} INFO - Setting next_dagrun for example_branch_datetime_operator_3 to 2025-04-04 00:00:00+00:00, run_after=2025-04-05 00:00:00+00:00
[2025-04-05T05:15:07.554+0000] {processor.py:208} INFO - Processing /home/airflow/.local/lib/python3.12/site-packages/airflow/example_dags/example_branch_datetime_operator.py took 0.083 seconds
[2025-04-05T05:16:00.503+0000] {processor.py:186} INFO - Started process (PID=60) to work on /home/airflow/.local/lib/python3.12/site-packages/airflow/example_dags/example_branch_datetime_operator.py
[2025-04-05T05:16:00.506+0000] {processor.py:914} INFO - Processing file /home/airflow/.local/lib/python3.12/site-packages/airflow/example_dags/example_branch_datetime_operator.py for tasks to queue
[2025-04-05T05:16:00.509+0000] {logging_mixin.py:190} INFO - [2025-04-05T05:16:00.508+0000] {dagbag.py:588} INFO - Filling up the DagBag from /home/airflow/.local/lib/python3.12/site-packages/airflow/example_dags/example_branch_datetime_operator.py
[2025-04-05T05:16:00.534+0000] {processor.py:925} INFO - DAG(s) 'example_branch_datetime_operator', 'example_branch_datetime_operator_2', 'example_branch_datetime_operator_3' retrieved from /home/airflow/.local/lib/python3.12/site-packages/airflow/example_dags/example_branch_datetime_operator.py
[2025-04-05T05:16:00.585+0000] {logging_mixin.py:190} INFO - [2025-04-05T05:16:00.584+0000] {dag.py:3239} INFO - Sync 3 DAGs
[2025-04-05T05:16:00.623+0000] {logging_mixin.py:190} INFO - [2025-04-05T05:16:00.622+0000] {dag.py:4180} INFO - Setting next_dagrun for example_branch_datetime_operator to 2025-04-04 00:00:00+00:00, run_after=2025-04-05 00:00:00+00:00
[2025-04-05T05:16:00.631+0000] {logging_mixin.py:190} INFO - [2025-04-05T05:16:00.631+0000] {dag.py:4180} INFO - Setting next_dagrun for example_branch_datetime_operator_2 to 2025-04-04 00:00:00+00:00, run_after=2025-04-05 00:00:00+00:00
[2025-04-05T05:16:00.636+0000] {logging_mixin.py:190} INFO - [2025-04-05T05:16:00.635+0000] {dag.py:4180} INFO - Setting next_dagrun for example_branch_datetime_operator_3 to 2025-04-04 00:00:00+00:00, run_after=2025-04-05 00:00:00+00:00
[2025-04-05T05:16:00.661+0000] {processor.py:208} INFO - Processing /home/airflow/.local/lib/python3.12/site-packages/airflow/example_dags/example_branch_datetime_operator.py took 0.172 seconds
[2025-04-05T05:16:31.077+0000] {processor.py:186} INFO - Started process (PID=124) to work on /home/airflow/.local/lib/python3.12/site-packages/airflow/example_dags/example_branch_datetime_operator.py
[2025-04-05T05:16:31.078+0000] {processor.py:914} INFO - Processing file /home/airflow/.local/lib/python3.12/site-packages/airflow/example_dags/example_branch_datetime_operator.py for tasks to queue
[2025-04-05T05:16:31.080+0000] {logging_mixin.py:190} INFO - [2025-04-05T05:16:31.080+0000] {dagbag.py:588} INFO - Filling up the DagBag from /home/airflow/.local/lib/python3.12/site-packages/airflow/example_dags/example_branch_datetime_operator.py
[2025-04-05T05:16:31.092+0000] {processor.py:925} INFO - DAG(s) 'example_branch_datetime_operator', 'example_branch_datetime_operator_2', 'example_branch_datetime_operator_3' retrieved from /home/airflow/.local/lib/python3.12/site-packages/airflow/example_dags/example_branch_datetime_operator.py
[2025-04-05T05:16:31.118+0000] {logging_mixin.py:190} INFO - [2025-04-05T05:16:31.118+0000] {dag.py:3239} INFO - Sync 3 DAGs
[2025-04-05T05:16:31.143+0000] {logging_mixin.py:190} INFO - [2025-04-05T05:16:31.143+0000] {dag.py:4180} INFO - Setting next_dagrun for example_branch_datetime_operator to 2025-04-04 00:00:00+00:00, run_after=2025-04-05 00:00:00+00:00
[2025-04-05T05:16:31.148+0000] {logging_mixin.py:190} INFO - [2025-04-05T05:16:31.147+0000] {dag.py:4180} INFO - Setting next_dagrun for example_branch_datetime_operator_2 to 2025-04-04 00:00:00+00:00, run_after=2025-04-05 00:00:00+00:00
[2025-04-05T05:16:31.150+0000] {logging_mixin.py:190} INFO - [2025-04-05T05:16:31.150+0000] {dag.py:4180} INFO - Setting next_dagrun for example_branch_datetime_operator_3 to 2025-04-04 00:00:00+00:00, run_after=2025-04-05 00:00:00+00:00
[2025-04-05T05:16:31.168+0000] {processor.py:208} INFO - Processing /home/airflow/.local/lib/python3.12/site-packages/airflow/example_dags/example_branch_datetime_operator.py took 0.096 seconds
[2025-04-05T05:17:01.676+0000] {processor.py:186} INFO - Started process (PID=188) to work on /home/airflow/.local/lib/python3.12/site-packages/airflow/example_dags/example_branch_datetime_operator.py
[2025-04-05T05:17:01.677+0000] {processor.py:914} INFO - Processing file /home/airflow/.local/lib/python3.12/site-packages/airflow/example_dags/example_branch_datetime_operator.py for tasks to queue
[2025-04-05T05:17:01.679+0000] {logging_mixin.py:190} INFO - [2025-04-05T05:17:01.679+0000] {dagbag.py:588} INFO - Filling up the DagBag from /home/airflow/.local/lib/python3.12/site-packages/airflow/example_dags/example_branch_datetime_operator.py
[2025-04-05T05:17:01.688+0000] {processor.py:925} INFO - DAG(s) 'example_branch_datetime_operator_3', 'example_branch_datetime_operator_2', 'example_branch_datetime_operator' retrieved from /home/airflow/.local/lib/python3.12/site-packages/airflow/example_dags/example_branch_datetime_operator.py
[2025-04-05T05:17:01.707+0000] {logging_mixin.py:190} INFO - [2025-04-05T05:17:01.707+0000] {dag.py:3239} INFO - Sync 3 DAGs
[2025-04-05T05:17:01.725+0000] {logging_mixin.py:190} INFO - [2025-04-05T05:17:01.725+0000] {dag.py:4180} INFO - Setting next_dagrun for example_branch_datetime_operator to 2025-04-04 00:00:00+00:00, run_after=2025-04-05 00:00:00+00:00
[2025-04-05T05:17:01.729+0000] {logging_mixin.py:190} INFO - [2025-04-05T05:17:01.729+0000] {dag.py:4180} INFO - Setting next_dagrun for example_branch_datetime_operator_2 to 2025-04-04 00:00:00+00:00, run_after=2025-04-05 00:00:00+00:00
[2025-04-05T05:17:01.731+0000] {logging_mixin.py:190} INFO - [2025-04-05T05:17:01.731+0000] {dag.py:4180} INFO - Setting next_dagrun for example_branch_datetime_operator_3 to 2025-04-04 00:00:00+00:00, run_after=2025-04-05 00:00:00+00:00
[2025-04-05T05:17:01.743+0000] {processor.py:208} INFO - Processing /home/airflow/.local/lib/python3.12/site-packages/airflow/example_dags/example_branch_datetime_operator.py took 0.071 seconds
[2025-04-05T05:27:40.921+0000] {processor.py:186} INFO - Started process (PID=1538) to work on /home/airflow/.local/lib/python3.12/site-packages/airflow/example_dags/example_branch_datetime_operator.py
[2025-04-05T05:27:40.922+0000] {processor.py:914} INFO - Processing file /home/airflow/.local/lib/python3.12/site-packages/airflow/example_dags/example_branch_datetime_operator.py for tasks to queue
[2025-04-05T05:27:40.923+0000] {logging_mixin.py:190} INFO - [2025-04-05T05:27:40.923+0000] {dagbag.py:588} INFO - Filling up the DagBag from /home/airflow/.local/lib/python3.12/site-packages/airflow/example_dags/example_branch_datetime_operator.py
[2025-04-05T05:27:40.931+0000] {processor.py:925} INFO - DAG(s) 'example_branch_datetime_operator', 'example_branch_datetime_operator_2', 'example_branch_datetime_operator_3' retrieved from /home/airflow/.local/lib/python3.12/site-packages/airflow/example_dags/example_branch_datetime_operator.py
[2025-04-05T05:27:40.951+0000] {logging_mixin.py:190} INFO - [2025-04-05T05:27:40.951+0000] {dag.py:3239} INFO - Sync 3 DAGs
[2025-04-05T05:27:40.969+0000] {logging_mixin.py:190} INFO - [2025-04-05T05:27:40.968+0000] {dag.py:4180} INFO - Setting next_dagrun for example_branch_datetime_operator to 2025-04-04 00:00:00+00:00, run_after=2025-04-05 00:00:00+00:00
[2025-04-05T05:27:40.973+0000] {logging_mixin.py:190} INFO - [2025-04-05T05:27:40.972+0000] {dag.py:4180} INFO - Setting next_dagrun for example_branch_datetime_operator_2 to 2025-04-04 00:00:00+00:00, run_after=2025-04-05 00:00:00+00:00
[2025-04-05T05:27:40.976+0000] {logging_mixin.py:190} INFO - [2025-04-05T05:27:40.976+0000] {dag.py:4180} INFO - Setting next_dagrun for example_branch_datetime_operator_3 to 2025-04-04 00:00:00+00:00, run_after=2025-04-05 00:00:00+00:00
[2025-04-05T05:27:40.991+0000] {processor.py:208} INFO - Processing /home/airflow/.local/lib/python3.12/site-packages/airflow/example_dags/example_branch_datetime_operator.py took 0.074 seconds
[2025-04-05T05:28:11.271+0000] {processor.py:186} INFO - Started process (PID=1601) to work on /home/airflow/.local/lib/python3.12/site-packages/airflow/example_dags/example_branch_datetime_operator.py
[2025-04-05T05:28:11.272+0000] {processor.py:914} INFO - Processing file /home/airflow/.local/lib/python3.12/site-packages/airflow/example_dags/example_branch_datetime_operator.py for tasks to queue
[2025-04-05T05:28:11.273+0000] {logging_mixin.py:190} INFO - [2025-04-05T05:28:11.273+0000] {dagbag.py:588} INFO - Filling up the DagBag from /home/airflow/.local/lib/python3.12/site-packages/airflow/example_dags/example_branch_datetime_operator.py
[2025-04-05T05:28:11.282+0000] {processor.py:925} INFO - DAG(s) 'example_branch_datetime_operator_3', 'example_branch_datetime_operator_2', 'example_branch_datetime_operator' retrieved from /home/airflow/.local/lib/python3.12/site-packages/airflow/example_dags/example_branch_datetime_operator.py
[2025-04-05T05:28:11.303+0000] {logging_mixin.py:190} INFO - [2025-04-05T05:28:11.303+0000] {dag.py:3239} INFO - Sync 3 DAGs
[2025-04-05T05:28:11.322+0000] {logging_mixin.py:190} INFO - [2025-04-05T05:28:11.321+0000] {dag.py:4180} INFO - Setting next_dagrun for example_branch_datetime_operator to 2025-04-04 00:00:00+00:00, run_after=2025-04-05 00:00:00+00:00
[2025-04-05T05:28:11.326+0000] {logging_mixin.py:190} INFO - [2025-04-05T05:28:11.325+0000] {dag.py:4180} INFO - Setting next_dagrun for example_branch_datetime_operator_2 to 2025-04-04 00:00:00+00:00, run_after=2025-04-05 00:00:00+00:00
[2025-04-05T05:28:11.328+0000] {logging_mixin.py:190} INFO - [2025-04-05T05:28:11.328+0000] {dag.py:4180} INFO - Setting next_dagrun for example_branch_datetime_operator_3 to 2025-04-04 00:00:00+00:00, run_after=2025-04-05 00:00:00+00:00
[2025-04-05T05:28:11.343+0000] {processor.py:208} INFO - Processing /home/airflow/.local/lib/python3.12/site-packages/airflow/example_dags/example_branch_datetime_operator.py took 0.077 seconds
