[2025-04-05T05:14:40.631+0000] {processor.py:186} INFO - Started process (PID=110) to work on /home/airflow/.local/lib/python3.12/site-packages/airflow/example_dags/example_branch_python_dop_operator_3.py
[2025-04-05T05:14:40.632+0000] {processor.py:914} INFO - Processing file /home/airflow/.local/lib/python3.12/site-packages/airflow/example_dags/example_branch_python_dop_operator_3.py for tasks to queue
[2025-04-05T05:14:40.635+0000] {logging_mixin.py:190} INFO - [2025-04-05T05:14:40.635+0000] {dagbag.py:588} INFO - Filling up the DagBag from /home/airflow/.local/lib/python3.12/site-packages/airflow/example_dags/example_branch_python_dop_operator_3.py
[2025-04-05T05:14:40.647+0000] {processor.py:925} INFO - DAG(s) 'example_branch_dop_operator_v3' retrieved from /home/airflow/.local/lib/python3.12/site-packages/airflow/example_dags/example_branch_python_dop_operator_3.py
[2025-04-05T05:14:40.675+0000] {logging_mixin.py:190} INFO - [2025-04-05T05:14:40.674+0000] {dag.py:3239} INFO - Sync 1 DAGs
[2025-04-05T05:14:40.699+0000] {logging_mixin.py:190} INFO - [2025-04-05T05:14:40.699+0000] {dag.py:4180} INFO - Setting next_dagrun for example_branch_dop_operator_v3 to 2025-04-05 05:13:00+00:00, run_after=2025-04-05 05:14:00+00:00
[2025-04-05T05:14:40.718+0000] {processor.py:208} INFO - Processing /home/airflow/.local/lib/python3.12/site-packages/airflow/example_dags/example_branch_python_dop_operator_3.py took 0.093 seconds
[2025-04-05T05:15:11.053+0000] {processor.py:186} INFO - Started process (PID=173) to work on /home/airflow/.local/lib/python3.12/site-packages/airflow/example_dags/example_branch_python_dop_operator_3.py
[2025-04-05T05:15:11.055+0000] {processor.py:914} INFO - Processing file /home/airflow/.local/lib/python3.12/site-packages/airflow/example_dags/example_branch_python_dop_operator_3.py for tasks to queue
[2025-04-05T05:15:11.057+0000] {logging_mixin.py:190} INFO - [2025-04-05T05:15:11.057+0000] {dagbag.py:588} INFO - Filling up the DagBag from /home/airflow/.local/lib/python3.12/site-packages/airflow/example_dags/example_branch_python_dop_operator_3.py
[2025-04-05T05:15:11.067+0000] {processor.py:925} INFO - DAG(s) 'example_branch_dop_operator_v3' retrieved from /home/airflow/.local/lib/python3.12/site-packages/airflow/example_dags/example_branch_python_dop_operator_3.py
[2025-04-05T05:15:11.086+0000] {logging_mixin.py:190} INFO - [2025-04-05T05:15:11.086+0000] {dag.py:3239} INFO - Sync 1 DAGs
[2025-04-05T05:15:11.108+0000] {logging_mixin.py:190} INFO - [2025-04-05T05:15:11.108+0000] {dag.py:4180} INFO - Setting next_dagrun for example_branch_dop_operator_v3 to 2025-04-05 05:14:00+00:00, run_after=2025-04-05 05:15:00+00:00
[2025-04-05T05:15:11.127+0000] {processor.py:208} INFO - Processing /home/airflow/.local/lib/python3.12/site-packages/airflow/example_dags/example_branch_python_dop_operator_3.py took 0.080 seconds
[2025-04-05T05:16:04.288+0000] {processor.py:186} INFO - Started process (PID=105) to work on /home/airflow/.local/lib/python3.12/site-packages/airflow/example_dags/example_branch_python_dop_operator_3.py
[2025-04-05T05:16:04.289+0000] {processor.py:914} INFO - Processing file /home/airflow/.local/lib/python3.12/site-packages/airflow/example_dags/example_branch_python_dop_operator_3.py for tasks to queue
[2025-04-05T05:16:04.292+0000] {logging_mixin.py:190} INFO - [2025-04-05T05:16:04.291+0000] {dagbag.py:588} INFO - Filling up the DagBag from /home/airflow/.local/lib/python3.12/site-packages/airflow/example_dags/example_branch_python_dop_operator_3.py
[2025-04-05T05:16:04.301+0000] {processor.py:925} INFO - DAG(s) 'example_branch_dop_operator_v3' retrieved from /home/airflow/.local/lib/python3.12/site-packages/airflow/example_dags/example_branch_python_dop_operator_3.py
[2025-04-05T05:16:04.323+0000] {logging_mixin.py:190} INFO - [2025-04-05T05:16:04.323+0000] {dag.py:3239} INFO - Sync 1 DAGs
[2025-04-05T05:16:04.343+0000] {logging_mixin.py:190} INFO - [2025-04-05T05:16:04.343+0000] {dag.py:4180} INFO - Setting next_dagrun for example_branch_dop_operator_v3 to 2025-04-05 05:15:00+00:00, run_after=2025-04-05 05:16:00+00:00
[2025-04-05T05:16:04.370+0000] {processor.py:208} INFO - Processing /home/airflow/.local/lib/python3.12/site-packages/airflow/example_dags/example_branch_python_dop_operator_3.py took 0.086 seconds
[2025-04-05T05:16:34.465+0000] {processor.py:186} INFO - Started process (PID=169) to work on /home/airflow/.local/lib/python3.12/site-packages/airflow/example_dags/example_branch_python_dop_operator_3.py
[2025-04-05T05:16:34.466+0000] {processor.py:914} INFO - Processing file /home/airflow/.local/lib/python3.12/site-packages/airflow/example_dags/example_branch_python_dop_operator_3.py for tasks to queue
[2025-04-05T05:16:34.468+0000] {logging_mixin.py:190} INFO - [2025-04-05T05:16:34.468+0000] {dagbag.py:588} INFO - Filling up the DagBag from /home/airflow/.local/lib/python3.12/site-packages/airflow/example_dags/example_branch_python_dop_operator_3.py
[2025-04-05T05:16:34.477+0000] {processor.py:925} INFO - DAG(s) 'example_branch_dop_operator_v3' retrieved from /home/airflow/.local/lib/python3.12/site-packages/airflow/example_dags/example_branch_python_dop_operator_3.py
[2025-04-05T05:16:34.492+0000] {logging_mixin.py:190} INFO - [2025-04-05T05:16:34.492+0000] {dag.py:3239} INFO - Sync 1 DAGs
[2025-04-05T05:16:34.511+0000] {logging_mixin.py:190} INFO - [2025-04-05T05:16:34.511+0000] {dag.py:4180} INFO - Setting next_dagrun for example_branch_dop_operator_v3 to 2025-04-05 05:15:00+00:00, run_after=2025-04-05 05:16:00+00:00
[2025-04-05T05:16:34.527+0000] {processor.py:208} INFO - Processing /home/airflow/.local/lib/python3.12/site-packages/airflow/example_dags/example_branch_python_dop_operator_3.py took 0.066 seconds
[2025-04-05T05:17:04.918+0000] {processor.py:186} INFO - Started process (PID=232) to work on /home/airflow/.local/lib/python3.12/site-packages/airflow/example_dags/example_branch_python_dop_operator_3.py
[2025-04-05T05:17:04.919+0000] {processor.py:914} INFO - Processing file /home/airflow/.local/lib/python3.12/site-packages/airflow/example_dags/example_branch_python_dop_operator_3.py for tasks to queue
[2025-04-05T05:17:04.921+0000] {logging_mixin.py:190} INFO - [2025-04-05T05:17:04.921+0000] {dagbag.py:588} INFO - Filling up the DagBag from /home/airflow/.local/lib/python3.12/site-packages/airflow/example_dags/example_branch_python_dop_operator_3.py
[2025-04-05T05:17:04.929+0000] {processor.py:925} INFO - DAG(s) 'example_branch_dop_operator_v3' retrieved from /home/airflow/.local/lib/python3.12/site-packages/airflow/example_dags/example_branch_python_dop_operator_3.py
[2025-04-05T05:17:04.946+0000] {logging_mixin.py:190} INFO - [2025-04-05T05:17:04.945+0000] {dag.py:3239} INFO - Sync 1 DAGs
[2025-04-05T05:17:04.965+0000] {logging_mixin.py:190} INFO - [2025-04-05T05:17:04.964+0000] {dag.py:4180} INFO - Setting next_dagrun for example_branch_dop_operator_v3 to 2025-04-05 05:16:00+00:00, run_after=2025-04-05 05:17:00+00:00
[2025-04-05T05:17:04.980+0000] {processor.py:208} INFO - Processing /home/airflow/.local/lib/python3.12/site-packages/airflow/example_dags/example_branch_python_dop_operator_3.py took 0.066 seconds
[2025-04-05T05:27:16.678+0000] {processor.py:186} INFO - Started process (PID=1511) to work on /home/airflow/.local/lib/python3.12/site-packages/airflow/example_dags/example_branch_python_dop_operator_3.py
[2025-04-05T05:27:16.680+0000] {processor.py:914} INFO - Processing file /home/airflow/.local/lib/python3.12/site-packages/airflow/example_dags/example_branch_python_dop_operator_3.py for tasks to queue
[2025-04-05T05:27:16.681+0000] {logging_mixin.py:190} INFO - [2025-04-05T05:27:16.681+0000] {dagbag.py:588} INFO - Filling up the DagBag from /home/airflow/.local/lib/python3.12/site-packages/airflow/example_dags/example_branch_python_dop_operator_3.py
[2025-04-05T05:27:16.691+0000] {processor.py:925} INFO - DAG(s) 'example_branch_dop_operator_v3' retrieved from /home/airflow/.local/lib/python3.12/site-packages/airflow/example_dags/example_branch_python_dop_operator_3.py
[2025-04-05T05:27:16.713+0000] {logging_mixin.py:190} INFO - [2025-04-05T05:27:16.713+0000] {dag.py:3239} INFO - Sync 1 DAGs
[2025-04-05T05:27:16.738+0000] {logging_mixin.py:190} INFO - [2025-04-05T05:27:16.737+0000] {dag.py:4180} INFO - Setting next_dagrun for example_branch_dop_operator_v3 to 2025-04-05 05:26:00+00:00, run_after=2025-04-05 05:27:00+00:00
[2025-04-05T05:27:16.756+0000] {processor.py:208} INFO - Processing /home/airflow/.local/lib/python3.12/site-packages/airflow/example_dags/example_branch_python_dop_operator_3.py took 0.084 seconds
[2025-04-05T05:27:47.020+0000] {processor.py:186} INFO - Started process (PID=1574) to work on /home/airflow/.local/lib/python3.12/site-packages/airflow/example_dags/example_branch_python_dop_operator_3.py
[2025-04-05T05:27:47.022+0000] {processor.py:914} INFO - Processing file /home/airflow/.local/lib/python3.12/site-packages/airflow/example_dags/example_branch_python_dop_operator_3.py for tasks to queue
[2025-04-05T05:27:47.023+0000] {logging_mixin.py:190} INFO - [2025-04-05T05:27:47.023+0000] {dagbag.py:588} INFO - Filling up the DagBag from /home/airflow/.local/lib/python3.12/site-packages/airflow/example_dags/example_branch_python_dop_operator_3.py
[2025-04-05T05:27:47.032+0000] {processor.py:925} INFO - DAG(s) 'example_branch_dop_operator_v3' retrieved from /home/airflow/.local/lib/python3.12/site-packages/airflow/example_dags/example_branch_python_dop_operator_3.py
[2025-04-05T05:27:47.049+0000] {logging_mixin.py:190} INFO - [2025-04-05T05:27:47.048+0000] {dag.py:3239} INFO - Sync 1 DAGs
[2025-04-05T05:27:47.074+0000] {logging_mixin.py:190} INFO - [2025-04-05T05:27:47.074+0000] {dag.py:4180} INFO - Setting next_dagrun for example_branch_dop_operator_v3 to 2025-04-05 05:26:00+00:00, run_after=2025-04-05 05:27:00+00:00
[2025-04-05T05:27:47.092+0000] {processor.py:208} INFO - Processing /home/airflow/.local/lib/python3.12/site-packages/airflow/example_dags/example_branch_python_dop_operator_3.py took 0.076 seconds
