[2025-04-05T05:14:38.172+0000] {processor.py:186} INFO - Started process (PID=78) to work on /home/airflow/.local/lib/python3.12/site-packages/airflow/example_dags/tutorial_objectstorage.py
[2025-04-05T05:14:38.173+0000] {processor.py:914} INFO - Processing file /home/airflow/.local/lib/python3.12/site-packages/airflow/example_dags/tutorial_objectstorage.py for tasks to queue
[2025-04-05T05:14:38.175+0000] {logging_mixin.py:190} INFO - [2025-04-05T05:14:38.175+0000] {dagbag.py:588} INFO - Filling up the DagBag from /home/airflow/.local/lib/python3.12/site-packages/airflow/example_dags/tutorial_objectstorage.py
[2025-04-05T05:14:38.187+0000] {processor.py:925} INFO - DAG(s) 'tutorial_objectstorage' retrieved from /home/airflow/.local/lib/python3.12/site-packages/airflow/example_dags/tutorial_objectstorage.py
[2025-04-05T05:14:38.214+0000] {logging_mixin.py:190} INFO - [2025-04-05T05:14:38.214+0000] {dag.py:3239} INFO - Sync 1 DAGs
[2025-04-05T05:14:38.232+0000] {logging_mixin.py:190} INFO - [2025-04-05T05:14:38.231+0000] {dag.py:4180} INFO - Setting next_dagrun for tutorial_objectstorage to None, run_after=None
[2025-04-05T05:14:38.255+0000] {processor.py:208} INFO - Processing /home/airflow/.local/lib/python3.12/site-packages/airflow/example_dags/tutorial_objectstorage.py took 0.089 seconds
[2025-04-05T05:15:08.331+0000] {processor.py:186} INFO - Started process (PID=140) to work on /home/airflow/.local/lib/python3.12/site-packages/airflow/example_dags/tutorial_objectstorage.py
[2025-04-05T05:15:08.332+0000] {processor.py:914} INFO - Processing file /home/airflow/.local/lib/python3.12/site-packages/airflow/example_dags/tutorial_objectstorage.py for tasks to queue
[2025-04-05T05:15:08.334+0000] {logging_mixin.py:190} INFO - [2025-04-05T05:15:08.334+0000] {dagbag.py:588} INFO - Filling up the DagBag from /home/airflow/.local/lib/python3.12/site-packages/airflow/example_dags/tutorial_objectstorage.py
[2025-04-05T05:15:08.342+0000] {processor.py:925} INFO - DAG(s) 'tutorial_objectstorage' retrieved from /home/airflow/.local/lib/python3.12/site-packages/airflow/example_dags/tutorial_objectstorage.py
[2025-04-05T05:15:08.360+0000] {logging_mixin.py:190} INFO - [2025-04-05T05:15:08.359+0000] {dag.py:3239} INFO - Sync 1 DAGs
[2025-04-05T05:15:08.372+0000] {logging_mixin.py:190} INFO - [2025-04-05T05:15:08.372+0000] {dag.py:4180} INFO - Setting next_dagrun for tutorial_objectstorage to None, run_after=None
[2025-04-05T05:15:08.390+0000] {processor.py:208} INFO - Processing /home/airflow/.local/lib/python3.12/site-packages/airflow/example_dags/tutorial_objectstorage.py took 0.064 seconds
[2025-04-05T05:16:02.047+0000] {processor.py:186} INFO - Started process (PID=73) to work on /home/airflow/.local/lib/python3.12/site-packages/airflow/example_dags/tutorial_objectstorage.py
[2025-04-05T05:16:02.049+0000] {processor.py:914} INFO - Processing file /home/airflow/.local/lib/python3.12/site-packages/airflow/example_dags/tutorial_objectstorage.py for tasks to queue
[2025-04-05T05:16:02.052+0000] {logging_mixin.py:190} INFO - [2025-04-05T05:16:02.051+0000] {dagbag.py:588} INFO - Filling up the DagBag from /home/airflow/.local/lib/python3.12/site-packages/airflow/example_dags/tutorial_objectstorage.py
[2025-04-05T05:16:02.061+0000] {processor.py:925} INFO - DAG(s) 'tutorial_objectstorage' retrieved from /home/airflow/.local/lib/python3.12/site-packages/airflow/example_dags/tutorial_objectstorage.py
[2025-04-05T05:16:02.084+0000] {logging_mixin.py:190} INFO - [2025-04-05T05:16:02.084+0000] {dag.py:3239} INFO - Sync 1 DAGs
[2025-04-05T05:16:02.098+0000] {logging_mixin.py:190} INFO - [2025-04-05T05:16:02.098+0000] {dag.py:4180} INFO - Setting next_dagrun for tutorial_objectstorage to None, run_after=None
[2025-04-05T05:16:02.125+0000] {processor.py:208} INFO - Processing /home/airflow/.local/lib/python3.12/site-packages/airflow/example_dags/tutorial_objectstorage.py took 0.084 seconds
[2025-04-05T05:16:32.973+0000] {processor.py:186} INFO - Started process (PID=143) to work on /home/airflow/.local/lib/python3.12/site-packages/airflow/example_dags/tutorial_objectstorage.py
[2025-04-05T05:16:32.975+0000] {processor.py:914} INFO - Processing file /home/airflow/.local/lib/python3.12/site-packages/airflow/example_dags/tutorial_objectstorage.py for tasks to queue
[2025-04-05T05:16:32.977+0000] {logging_mixin.py:190} INFO - [2025-04-05T05:16:32.977+0000] {dagbag.py:588} INFO - Filling up the DagBag from /home/airflow/.local/lib/python3.12/site-packages/airflow/example_dags/tutorial_objectstorage.py
[2025-04-05T05:16:32.984+0000] {processor.py:925} INFO - DAG(s) 'tutorial_objectstorage' retrieved from /home/airflow/.local/lib/python3.12/site-packages/airflow/example_dags/tutorial_objectstorage.py
[2025-04-05T05:16:33.000+0000] {logging_mixin.py:190} INFO - [2025-04-05T05:16:32.999+0000] {dag.py:3239} INFO - Sync 1 DAGs
[2025-04-05T05:16:33.011+0000] {logging_mixin.py:190} INFO - [2025-04-05T05:16:33.011+0000] {dag.py:4180} INFO - Setting next_dagrun for tutorial_objectstorage to None, run_after=None
[2025-04-05T05:16:33.028+0000] {processor.py:208} INFO - Processing /home/airflow/.local/lib/python3.12/site-packages/airflow/example_dags/tutorial_objectstorage.py took 0.058 seconds
[2025-04-05T05:17:03.585+0000] {processor.py:186} INFO - Started process (PID=207) to work on /home/airflow/.local/lib/python3.12/site-packages/airflow/example_dags/tutorial_objectstorage.py
[2025-04-05T05:17:03.587+0000] {processor.py:914} INFO - Processing file /home/airflow/.local/lib/python3.12/site-packages/airflow/example_dags/tutorial_objectstorage.py for tasks to queue
[2025-04-05T05:17:03.589+0000] {logging_mixin.py:190} INFO - [2025-04-05T05:17:03.589+0000] {dagbag.py:588} INFO - Filling up the DagBag from /home/airflow/.local/lib/python3.12/site-packages/airflow/example_dags/tutorial_objectstorage.py
[2025-04-05T05:17:03.596+0000] {processor.py:925} INFO - DAG(s) 'tutorial_objectstorage' retrieved from /home/airflow/.local/lib/python3.12/site-packages/airflow/example_dags/tutorial_objectstorage.py
[2025-04-05T05:17:03.612+0000] {logging_mixin.py:190} INFO - [2025-04-05T05:17:03.612+0000] {dag.py:3239} INFO - Sync 1 DAGs
[2025-04-05T05:17:03.623+0000] {logging_mixin.py:190} INFO - [2025-04-05T05:17:03.622+0000] {dag.py:4180} INFO - Setting next_dagrun for tutorial_objectstorage to None, run_after=None
[2025-04-05T05:17:03.639+0000] {processor.py:208} INFO - Processing /home/airflow/.local/lib/python3.12/site-packages/airflow/example_dags/tutorial_objectstorage.py took 0.059 seconds
[2025-04-05T05:27:12.394+0000] {processor.py:186} INFO - Started process (PID=1487) to work on /home/airflow/.local/lib/python3.12/site-packages/airflow/example_dags/tutorial_objectstorage.py
[2025-04-05T05:27:12.394+0000] {processor.py:914} INFO - Processing file /home/airflow/.local/lib/python3.12/site-packages/airflow/example_dags/tutorial_objectstorage.py for tasks to queue
[2025-04-05T05:27:12.395+0000] {logging_mixin.py:190} INFO - [2025-04-05T05:27:12.395+0000] {dagbag.py:588} INFO - Filling up the DagBag from /home/airflow/.local/lib/python3.12/site-packages/airflow/example_dags/tutorial_objectstorage.py
[2025-04-05T05:27:12.403+0000] {processor.py:925} INFO - DAG(s) 'tutorial_objectstorage' retrieved from /home/airflow/.local/lib/python3.12/site-packages/airflow/example_dags/tutorial_objectstorage.py
[2025-04-05T05:27:12.419+0000] {logging_mixin.py:190} INFO - [2025-04-05T05:27:12.419+0000] {dag.py:3239} INFO - Sync 1 DAGs
[2025-04-05T05:27:12.430+0000] {logging_mixin.py:190} INFO - [2025-04-05T05:27:12.430+0000] {dag.py:4180} INFO - Setting next_dagrun for tutorial_objectstorage to None, run_after=None
[2025-04-05T05:27:12.448+0000] {processor.py:208} INFO - Processing /home/airflow/.local/lib/python3.12/site-packages/airflow/example_dags/tutorial_objectstorage.py took 0.059 seconds
[2025-04-05T05:27:42.709+0000] {processor.py:186} INFO - Started process (PID=1550) to work on /home/airflow/.local/lib/python3.12/site-packages/airflow/example_dags/tutorial_objectstorage.py
[2025-04-05T05:27:42.710+0000] {processor.py:914} INFO - Processing file /home/airflow/.local/lib/python3.12/site-packages/airflow/example_dags/tutorial_objectstorage.py for tasks to queue
[2025-04-05T05:27:42.712+0000] {logging_mixin.py:190} INFO - [2025-04-05T05:27:42.711+0000] {dagbag.py:588} INFO - Filling up the DagBag from /home/airflow/.local/lib/python3.12/site-packages/airflow/example_dags/tutorial_objectstorage.py
[2025-04-05T05:27:42.719+0000] {processor.py:925} INFO - DAG(s) 'tutorial_objectstorage' retrieved from /home/airflow/.local/lib/python3.12/site-packages/airflow/example_dags/tutorial_objectstorage.py
[2025-04-05T05:27:42.734+0000] {logging_mixin.py:190} INFO - [2025-04-05T05:27:42.734+0000] {dag.py:3239} INFO - Sync 1 DAGs
[2025-04-05T05:27:42.746+0000] {logging_mixin.py:190} INFO - [2025-04-05T05:27:42.745+0000] {dag.py:4180} INFO - Setting next_dagrun for tutorial_objectstorage to None, run_after=None
[2025-04-05T05:27:42.764+0000] {processor.py:208} INFO - Processing /home/airflow/.local/lib/python3.12/site-packages/airflow/example_dags/tutorial_objectstorage.py took 0.059 seconds
