[2025-04-05T05:14:40.475+0000] {processor.py:186} INFO - Started process (PID=108) to work on /home/airflow/.local/lib/python3.12/site-packages/airflow/example_dags/tutorial.py
[2025-04-05T05:14:40.476+0000] {processor.py:914} INFO - Processing file /home/airflow/.local/lib/python3.12/site-packages/airflow/example_dags/tutorial.py for tasks to queue
[2025-04-05T05:14:40.478+0000] {logging_mixin.py:190} INFO - [2025-04-05T05:14:40.478+0000] {dagbag.py:588} INFO - Filling up the DagBag from /home/airflow/.local/lib/python3.12/site-packages/airflow/example_dags/tutorial.py
[2025-04-05T05:14:40.486+0000] {processor.py:925} INFO - DAG(s) 'tutorial' retrieved from /home/airflow/.local/lib/python3.12/site-packages/airflow/example_dags/tutorial.py
[2025-04-05T05:14:40.513+0000] {logging_mixin.py:190} INFO - [2025-04-05T05:14:40.513+0000] {dag.py:3239} INFO - Sync 1 DAGs
[2025-04-05T05:14:40.531+0000] {logging_mixin.py:190} INFO - [2025-04-05T05:14:40.531+0000] {dag.py:4180} INFO - Setting next_dagrun for tutorial to 2025-04-04 00:00:00+00:00, run_after=2025-04-05 00:00:00+00:00
[2025-04-05T05:14:40.547+0000] {processor.py:208} INFO - Processing /home/airflow/.local/lib/python3.12/site-packages/airflow/example_dags/tutorial.py took 0.076 seconds
[2025-04-05T05:15:10.951+0000] {processor.py:186} INFO - Started process (PID=172) to work on /home/airflow/.local/lib/python3.12/site-packages/airflow/example_dags/tutorial.py
[2025-04-05T05:15:10.952+0000] {processor.py:914} INFO - Processing file /home/airflow/.local/lib/python3.12/site-packages/airflow/example_dags/tutorial.py for tasks to queue
[2025-04-05T05:15:10.955+0000] {logging_mixin.py:190} INFO - [2025-04-05T05:15:10.954+0000] {dagbag.py:588} INFO - Filling up the DagBag from /home/airflow/.local/lib/python3.12/site-packages/airflow/example_dags/tutorial.py
[2025-04-05T05:15:10.963+0000] {processor.py:925} INFO - DAG(s) 'tutorial' retrieved from /home/airflow/.local/lib/python3.12/site-packages/airflow/example_dags/tutorial.py
[2025-04-05T05:15:10.982+0000] {logging_mixin.py:190} INFO - [2025-04-05T05:15:10.982+0000] {dag.py:3239} INFO - Sync 1 DAGs
[2025-04-05T05:15:11.002+0000] {logging_mixin.py:190} INFO - [2025-04-05T05:15:11.002+0000] {dag.py:4180} INFO - Setting next_dagrun for tutorial to 2025-04-04 00:00:00+00:00, run_after=2025-04-05 00:00:00+00:00
[2025-04-05T05:15:11.019+0000] {processor.py:208} INFO - Processing /home/airflow/.local/lib/python3.12/site-packages/airflow/example_dags/tutorial.py took 0.074 seconds
[2025-04-05T05:16:03.977+0000] {processor.py:186} INFO - Started process (PID=103) to work on /home/airflow/.local/lib/python3.12/site-packages/airflow/example_dags/tutorial.py
[2025-04-05T05:16:03.978+0000] {processor.py:914} INFO - Processing file /home/airflow/.local/lib/python3.12/site-packages/airflow/example_dags/tutorial.py for tasks to queue
[2025-04-05T05:16:03.981+0000] {logging_mixin.py:190} INFO - [2025-04-05T05:16:03.980+0000] {dagbag.py:588} INFO - Filling up the DagBag from /home/airflow/.local/lib/python3.12/site-packages/airflow/example_dags/tutorial.py
[2025-04-05T05:16:03.988+0000] {processor.py:925} INFO - DAG(s) 'tutorial' retrieved from /home/airflow/.local/lib/python3.12/site-packages/airflow/example_dags/tutorial.py
[2025-04-05T05:16:04.013+0000] {logging_mixin.py:190} INFO - [2025-04-05T05:16:04.012+0000] {dag.py:3239} INFO - Sync 1 DAGs
[2025-04-05T05:16:04.033+0000] {logging_mixin.py:190} INFO - [2025-04-05T05:16:04.033+0000] {dag.py:4180} INFO - Setting next_dagrun for tutorial to 2025-04-04 00:00:00+00:00, run_after=2025-04-05 00:00:00+00:00
[2025-04-05T05:16:04.050+0000] {processor.py:208} INFO - Processing /home/airflow/.local/lib/python3.12/site-packages/airflow/example_dags/tutorial.py took 0.078 seconds
[2025-04-05T05:16:34.309+0000] {processor.py:186} INFO - Started process (PID=166) to work on /home/airflow/.local/lib/python3.12/site-packages/airflow/example_dags/tutorial.py
[2025-04-05T05:16:34.310+0000] {processor.py:914} INFO - Processing file /home/airflow/.local/lib/python3.12/site-packages/airflow/example_dags/tutorial.py for tasks to queue
[2025-04-05T05:16:34.312+0000] {logging_mixin.py:190} INFO - [2025-04-05T05:16:34.312+0000] {dagbag.py:588} INFO - Filling up the DagBag from /home/airflow/.local/lib/python3.12/site-packages/airflow/example_dags/tutorial.py
[2025-04-05T05:16:34.318+0000] {processor.py:925} INFO - DAG(s) 'tutorial' retrieved from /home/airflow/.local/lib/python3.12/site-packages/airflow/example_dags/tutorial.py
[2025-04-05T05:16:34.334+0000] {logging_mixin.py:190} INFO - [2025-04-05T05:16:34.334+0000] {dag.py:3239} INFO - Sync 1 DAGs
[2025-04-05T05:16:34.350+0000] {logging_mixin.py:190} INFO - [2025-04-05T05:16:34.350+0000] {dag.py:4180} INFO - Setting next_dagrun for tutorial to 2025-04-04 00:00:00+00:00, run_after=2025-04-05 00:00:00+00:00
[2025-04-05T05:16:34.365+0000] {processor.py:208} INFO - Processing /home/airflow/.local/lib/python3.12/site-packages/airflow/example_dags/tutorial.py took 0.060 seconds
[2025-04-05T05:17:04.771+0000] {processor.py:186} INFO - Started process (PID=230) to work on /home/airflow/.local/lib/python3.12/site-packages/airflow/example_dags/tutorial.py
[2025-04-05T05:17:04.773+0000] {processor.py:914} INFO - Processing file /home/airflow/.local/lib/python3.12/site-packages/airflow/example_dags/tutorial.py for tasks to queue
[2025-04-05T05:17:04.775+0000] {logging_mixin.py:190} INFO - [2025-04-05T05:17:04.774+0000] {dagbag.py:588} INFO - Filling up the DagBag from /home/airflow/.local/lib/python3.12/site-packages/airflow/example_dags/tutorial.py
[2025-04-05T05:17:04.781+0000] {processor.py:925} INFO - DAG(s) 'tutorial' retrieved from /home/airflow/.local/lib/python3.12/site-packages/airflow/example_dags/tutorial.py
[2025-04-05T05:17:04.796+0000] {logging_mixin.py:190} INFO - [2025-04-05T05:17:04.796+0000] {dag.py:3239} INFO - Sync 1 DAGs
[2025-04-05T05:17:04.819+0000] {logging_mixin.py:190} INFO - [2025-04-05T05:17:04.819+0000] {dag.py:4180} INFO - Setting next_dagrun for tutorial to 2025-04-04 00:00:00+00:00, run_after=2025-04-05 00:00:00+00:00
[2025-04-05T05:17:04.838+0000] {processor.py:208} INFO - Processing /home/airflow/.local/lib/python3.12/site-packages/airflow/example_dags/tutorial.py took 0.071 seconds
[2025-04-05T05:27:15.653+0000] {processor.py:186} INFO - Started process (PID=1509) to work on /home/airflow/.local/lib/python3.12/site-packages/airflow/example_dags/tutorial.py
[2025-04-05T05:27:15.654+0000] {processor.py:914} INFO - Processing file /home/airflow/.local/lib/python3.12/site-packages/airflow/example_dags/tutorial.py for tasks to queue
[2025-04-05T05:27:15.656+0000] {logging_mixin.py:190} INFO - [2025-04-05T05:27:15.656+0000] {dagbag.py:588} INFO - Filling up the DagBag from /home/airflow/.local/lib/python3.12/site-packages/airflow/example_dags/tutorial.py
[2025-04-05T05:27:15.663+0000] {processor.py:925} INFO - DAG(s) 'tutorial' retrieved from /home/airflow/.local/lib/python3.12/site-packages/airflow/example_dags/tutorial.py
[2025-04-05T05:27:15.684+0000] {logging_mixin.py:190} INFO - [2025-04-05T05:27:15.684+0000] {dag.py:3239} INFO - Sync 1 DAGs
[2025-04-05T05:27:15.700+0000] {logging_mixin.py:190} INFO - [2025-04-05T05:27:15.700+0000] {dag.py:4180} INFO - Setting next_dagrun for tutorial to 2025-04-04 00:00:00+00:00, run_after=2025-04-05 00:00:00+00:00
[2025-04-05T05:27:15.716+0000] {processor.py:208} INFO - Processing /home/airflow/.local/lib/python3.12/site-packages/airflow/example_dags/tutorial.py took 0.067 seconds
[2025-04-05T05:27:45.935+0000] {processor.py:186} INFO - Started process (PID=1572) to work on /home/airflow/.local/lib/python3.12/site-packages/airflow/example_dags/tutorial.py
[2025-04-05T05:27:45.936+0000] {processor.py:914} INFO - Processing file /home/airflow/.local/lib/python3.12/site-packages/airflow/example_dags/tutorial.py for tasks to queue
[2025-04-05T05:27:45.937+0000] {logging_mixin.py:190} INFO - [2025-04-05T05:27:45.937+0000] {dagbag.py:588} INFO - Filling up the DagBag from /home/airflow/.local/lib/python3.12/site-packages/airflow/example_dags/tutorial.py
[2025-04-05T05:27:45.944+0000] {processor.py:925} INFO - DAG(s) 'tutorial' retrieved from /home/airflow/.local/lib/python3.12/site-packages/airflow/example_dags/tutorial.py
[2025-04-05T05:27:45.961+0000] {logging_mixin.py:190} INFO - [2025-04-05T05:27:45.961+0000] {dag.py:3239} INFO - Sync 1 DAGs
[2025-04-05T05:27:45.978+0000] {logging_mixin.py:190} INFO - [2025-04-05T05:27:45.978+0000] {dag.py:4180} INFO - Setting next_dagrun for tutorial to 2025-04-04 00:00:00+00:00, run_after=2025-04-05 00:00:00+00:00
[2025-04-05T05:27:45.992+0000] {processor.py:208} INFO - Processing /home/airflow/.local/lib/python3.12/site-packages/airflow/example_dags/tutorial.py took 0.061 seconds
